This is pdfTeX, Version 3.1415926-2.5-1.40.14 (MiKTeX 2.9) (preloaded format=pdflatex 2015.7.23)  10 JAN 2017 16:07
entering extended mode
**bare_conf.tex
(C:\Users\jpsoliv\Documents\Jo√£o\Mestrado\Artigo\IEEEtran\bare_conf.tex
LaTeX2e <2011/06/27>
Babel <v3.8m> and hyphenation patterns for english, afrikaans, ancientgreek, ar
abic, armenian, assamese, basque, bengali, bokmal, bulgarian, catalan, coptic, 
croatian, czech, danish, dutch, esperanto, estonian, farsi, finnish, french, ga
lician, german, german-x-2013-05-26, greek, gujarati, hindi, hungarian, iceland
ic, indonesian, interlingua, irish, italian, kannada, kurmanji, latin, latvian,
 lithuanian, malayalam, marathi, mongolian, mongolianlmc, monogreek, ngerman, n
german-x-2013-05-26, nynorsk, oriya, panjabi, pinyin, polish, portuguese, roman
ian, russian, sanskrit, serbian, slovak, slovenian, spanish, swedish, swissgerm
an, tamil, telugu, turkish, turkmen, ukenglish, ukrainian, uppersorbian, usengl
ishmax, welsh, loaded.
(C:\Users\jpsoliv\Documents\Jo√£o\Mestrado\Artigo\IEEEtran\IEEEtran.cls
Document Class: IEEEtran 2015/08/26 V1.8b by Michael Shell
-- See the "IEEEtran_HOWTO" manual for usage information.
-- http://www.michaelshell.org/tex/ieeetran/
\@IEEEtrantmpdimenA=\dimen102
\@IEEEtrantmpdimenB=\dimen103
\@IEEEtrantmpdimenC=\dimen104
\@IEEEtrantmpcountA=\count79
\@IEEEtrantmpcountB=\count80
\@IEEEtrantmpcountC=\count81
\@IEEEtrantmptoksA=\toks14
LaTeX Font Info:    Try loading font information for OT1+ptm on input line 503.


(C:\Users\jpsoliv\Documents\Jo√£o\Mestrado\Latex\MikTexPortable\tex\latex\psnfs
s\ot1ptm.fd
File: ot1ptm.fd 2001/06/04 font definitions for OT1/ptm.
)
-- Using 8.5in x 11in (letter) paper.
-- Using PDF output.
\@IEEEnormalsizeunitybaselineskip=\dimen105
-- This is a 10 point document.
\CLASSINFOnormalsizebaselineskip=\dimen106
\CLASSINFOnormalsizeunitybaselineskip=\dimen107
\IEEEnormaljot=\dimen108
LaTeX Font Info:    Font shape `OT1/ptm/bx/n' in size <5> not available
(Font)              Font shape `OT1/ptm/b/n' tried instead on input line 1090.
LaTeX Font Info:    Font shape `OT1/ptm/bx/it' in size <5> not available
(Font)              Font shape `OT1/ptm/b/it' tried instead on input line 1090.

LaTeX Font Info:    Font shape `OT1/ptm/bx/n' in size <7> not available
(Font)              Font shape `OT1/ptm/b/n' tried instead on input line 1090.
LaTeX Font Info:    Font shape `OT1/ptm/bx/it' in size <7> not available
(Font)              Font shape `OT1/ptm/b/it' tried instead on input line 1090.

LaTeX Font Info:    Font shape `OT1/ptm/bx/n' in size <8> not available
(Font)              Font shape `OT1/ptm/b/n' tried instead on input line 1090.
LaTeX Font Info:    Font shape `OT1/ptm/bx/it' in size <8> not available
(Font)              Font shape `OT1/ptm/b/it' tried instead on input line 1090.

LaTeX Font Info:    Font shape `OT1/ptm/bx/n' in size <9> not available
(Font)              Font shape `OT1/ptm/b/n' tried instead on input line 1090.
LaTeX Font Info:    Font shape `OT1/ptm/bx/it' in size <9> not available
(Font)              Font shape `OT1/ptm/b/it' tried instead on input line 1090.

LaTeX Font Info:    Font shape `OT1/ptm/bx/n' in size <10> not available
(Font)              Font shape `OT1/ptm/b/n' tried instead on input line 1090.
LaTeX Font Info:    Font shape `OT1/ptm/bx/it' in size <10> not available
(Font)              Font shape `OT1/ptm/b/it' tried instead on input line 1090.

LaTeX Font Info:    Font shape `OT1/ptm/bx/n' in size <11> not available
(Font)              Font shape `OT1/ptm/b/n' tried instead on input line 1090.
LaTeX Font Info:    Font shape `OT1/ptm/bx/it' in size <11> not available
(Font)              Font shape `OT1/ptm/b/it' tried instead on input line 1090.

LaTeX Font Info:    Font shape `OT1/ptm/bx/n' in size <12> not available
(Font)              Font shape `OT1/ptm/b/n' tried instead on input line 1090.
LaTeX Font Info:    Font shape `OT1/ptm/bx/it' in size <12> not available
(Font)              Font shape `OT1/ptm/b/it' tried instead on input line 1090.

LaTeX Font Info:    Font shape `OT1/ptm/bx/n' in size <17> not available
(Font)              Font shape `OT1/ptm/b/n' tried instead on input line 1090.
LaTeX Font Info:    Font shape `OT1/ptm/bx/it' in size <17> not available
(Font)              Font shape `OT1/ptm/b/it' tried instead on input line 1090.

LaTeX Font Info:    Font shape `OT1/ptm/bx/n' in size <20> not available
(Font)              Font shape `OT1/ptm/b/n' tried instead on input line 1090.
LaTeX Font Info:    Font shape `OT1/ptm/bx/it' in size <20> not available
(Font)              Font shape `OT1/ptm/b/it' tried instead on input line 1090.

LaTeX Font Info:    Font shape `OT1/ptm/bx/n' in size <24> not available
(Font)              Font shape `OT1/ptm/b/n' tried instead on input line 1090.
LaTeX Font Info:    Font shape `OT1/ptm/bx/it' in size <24> not available
(Font)              Font shape `OT1/ptm/b/it' tried instead on input line 1090.

\IEEEquantizedlength=\dimen109
\IEEEquantizedlengthdiff=\dimen110
\IEEEquantizedtextheightdiff=\dimen111
\IEEEilabelindentA=\dimen112
\IEEEilabelindentB=\dimen113
\IEEEilabelindent=\dimen114
\IEEEelabelindent=\dimen115
\IEEEdlabelindent=\dimen116
\IEEElabelindent=\dimen117
\IEEEiednormlabelsep=\dimen118
\IEEEiedmathlabelsep=\dimen119
\IEEEiedtopsep=\skip41
\c@section=\count82
\c@subsection=\count83
\c@subsubsection=\count84
\c@paragraph=\count85
\c@IEEEsubequation=\count86
\abovecaptionskip=\skip42
\belowcaptionskip=\skip43
\c@figure=\count87
\c@table=\count88
\@IEEEeqnnumcols=\count89
\@IEEEeqncolcnt=\count90
\@IEEEsubeqnnumrollback=\count91
\@IEEEquantizeheightA=\dimen120
\@IEEEquantizeheightB=\dimen121
\@IEEEquantizeheightC=\dimen122
\@IEEEquantizeprevdepth=\dimen123
\@IEEEquantizemultiple=\count92
\@IEEEquantizeboxA=\box26
\@IEEEtmpitemindent=\dimen124
\IEEEPARstartletwidth=\dimen125
\c@IEEEbiography=\count93
\@IEEEtranrubishbin=\box27
)
(C:\Users\jpsoliv\Documents\Jo√£o\Mestrado\Latex\MikTexPortable\tex\latex\amsma
th\amsmath.sty
Package: amsmath 2013/01/14 v2.14 AMS math features
\@mathmargin=\skip44

For additional information on amsmath, use the `?' option.

(C:\Users\jpsoliv\Documents\Jo√£o\Mestrado\Latex\MikTexPortable\tex\latex\amsma
th\amstext.sty
Package: amstext 2000/06/29 v2.01

(C:\Users\jpsoliv\Documents\Jo√£o\Mestrado\Latex\MikTexPortable\tex\latex\amsma
th\amsgen.sty
File: amsgen.sty 1999/11/30 v2.0
\@emptytoks=\toks15
\ex@=\dimen126
))
(C:\Users\jpsoliv\Documents\Jo√£o\Mestrado\Latex\MikTexPortable\tex\latex\amsma
th\amsbsy.sty
Package: amsbsy 1999/11/29 v1.2d
\pmbraise@=\dimen127
)
(C:\Users\jpsoliv\Documents\Jo√£o\Mestrado\Latex\MikTexPortable\tex\latex\amsma
th\amsopn.sty
Package: amsopn 1999/12/14 v2.01 operator names
)
\inf@bad=\count94
LaTeX Info: Redefining \frac on input line 210.
\uproot@=\count95
\leftroot@=\count96
LaTeX Info: Redefining \overline on input line 306.
\classnum@=\count97
\DOTSCASE@=\count98
LaTeX Info: Redefining \ldots on input line 378.
LaTeX Info: Redefining \dots on input line 381.
LaTeX Info: Redefining \cdots on input line 466.
\Mathstrutbox@=\box28
\strutbox@=\box29
\big@size=\dimen128
LaTeX Font Info:    Redeclaring font encoding OML on input line 566.
LaTeX Font Info:    Redeclaring font encoding OMS on input line 567.
\macc@depth=\count99
\c@MaxMatrixCols=\count100
\dotsspace@=\muskip10
\c@parentequation=\count101
\dspbrk@lvl=\count102
\tag@help=\toks16
\row@=\count103
\column@=\count104
\maxfields@=\count105
\andhelp@=\toks17
\eqnshift@=\dimen129
\alignsep@=\dimen130
\tagshift@=\dimen131
\tagwidth@=\dimen132
\totwidth@=\dimen133
\lineht@=\dimen134
\@envbody=\toks18
\multlinegap=\skip45
\multlinetaggap=\skip46
\mathdisplay@stack=\toks19
LaTeX Info: Redefining \[ on input line 2665.
LaTeX Info: Redefining \] on input line 2666.
)
(C:\Users\jpsoliv\Documents\Jo√£o\Mestrado\Latex\MikTexPortable\tex\latex\todon
otes\todonotes.sty
Package: todonotes 2015/07/09 .dtx Todonotes source and documentation.
Package: todonotes 2012/07/25

(C:\Users\jpsoliv\Documents\Jo√£o\Mestrado\Latex\MikTexPortable\tex\latex\base\
ifthen.sty
Package: ifthen 2001/05/26 v1.1c Standard LaTeX ifthen package (DPC)
)
(C:\Users\jpsoliv\Documents\Jo√£o\Mestrado\Latex\MikTexPortable\tex\latex\xkeyv
al\xkeyval.sty
Package: xkeyval 2012/10/14 v2.6b package option processing (HA)

(C:\Users\jpsoliv\Documents\Jo√£o\Mestrado\Latex\MikTexPortable\tex\generic\xke
yval\xkeyval.tex
\XKV@toks=\toks20
\XKV@tempa@toks=\toks21
\XKV@depth=\count106
File: xkeyval.tex 2012/10/14 v2.6b key=value parser (HA)

(C:\Users\jpsoliv\Documents\Jo√£o\Mestrado\Latex\MikTexPortable\tex\generic\xke
yval\keyval.tex)))
(C:\Users\jpsoliv\Documents\Jo√£o\Mestrado\Latex\MikTexPortable\tex\latex\xcolo
r\xcolor.sty
Package: xcolor 2007/01/21 v2.11 LaTeX color extensions (UK)

(C:\Users\jpsoliv\Documents\Jo√£o\Mestrado\Latex\MikTexPortable\tex\latex\00mik
tex\color.cfg
File: color.cfg 2007/01/18 v1.5 color configuration of teTeX/TeXLive
)
Package xcolor Info: Driver file: pdftex.def on input line 225.

(C:\Users\jpsoliv\Documents\Jo√£o\Mestrado\Latex\MikTexPortable\tex\latex\pdfte
x-def\pdftex.def
File: pdftex.def 2011/05/27 v0.06d Graphics/color for pdfTeX

(C:\Users\jpsoliv\Documents\Jo√£o\Mestrado\Latex\MikTexPortable\tex\generic\obe
rdiek\infwarerr.sty
Package: infwarerr 2010/04/08 v1.3 Providing info/warning/error messages (HO)
)
(C:\Users\jpsoliv\Documents\Jo√£o\Mestrado\Latex\MikTexPortable\tex\generic\obe
rdiek\ltxcmds.sty
Package: ltxcmds 2011/11/09 v1.22 LaTeX kernel commands for general use (HO)
)
\Gread@gobject=\count107
)
Package xcolor Info: Model `cmy' substituted by `cmy0' on input line 1337.
Package xcolor Info: Model `hsb' substituted by `rgb' on input line 1341.
Package xcolor Info: Model `RGB' extended on input line 1353.
Package xcolor Info: Model `HTML' substituted by `rgb' on input line 1355.
Package xcolor Info: Model `Hsb' substituted by `hsb' on input line 1356.
Package xcolor Info: Model `tHsb' substituted by `hsb' on input line 1357.
Package xcolor Info: Model `HSB' substituted by `hsb' on input line 1358.
Package xcolor Info: Model `Gray' substituted by `gray' on input line 1359.
Package xcolor Info: Model `wave' substituted by `hsb' on input line 1360.
)
(C:\Users\jpsoliv\Documents\Jo√£o\Mestrado\Latex\MikTexPortable\tex\latex\pgf\f
rontendlayer\tikz.sty
(C:\Users\jpsoliv\Documents\Jo√£o\Mestrado\Latex\MikTexPortable\tex\latex\pgf\b
asiclayer\pgf.sty
(C:\Users\jpsoliv\Documents\Jo√£o\Mestrado\Latex\MikTexPortable\tex\latex\pgf\u
tilities\pgfrcs.sty
(C:\Users\jpsoliv\Documents\Jo√£o\Mestrado\Latex\MikTexPortable\tex\generic\pgf
\utilities\pgfutil-common.tex
\pgfutil@everybye=\toks22
\pgfutil@tempdima=\dimen135
\pgfutil@tempdimb=\dimen136

(C:\Users\jpsoliv\Documents\Jo√£o\Mestrado\Latex\MikTexPortable\tex\generic\pgf
\utilities\pgfutil-common-lists.tex))
(C:\Users\jpsoliv\Documents\Jo√£o\Mestrado\Latex\MikTexPortable\tex\generic\pgf
\utilities\pgfutil-latex.def
\pgfutil@abb=\box30

(C:\Users\jpsoliv\Documents\Jo√£o\Mestrado\Latex\MikTexPortable\tex\latex\ms\ev
eryshi.sty
Package: everyshi 2001/05/15 v3.00 EveryShipout Package (MS)
))
(C:\Users\jpsoliv\Documents\Jo√£o\Mestrado\Latex\MikTexPortable\tex\generic\pgf
\utilities\pgfrcs.code.tex
Package: pgfrcs 2013/12/20 v3.0.0 (rcs-revision 1.28)
))
Package: pgf 2013/12/18 v3.0.0 (rcs-revision 1.14)

(C:\Users\jpsoliv\Documents\Jo√£o\Mestrado\Latex\MikTexPortable\tex\latex\pgf\b
asiclayer\pgfcore.sty
(C:\Users\jpsoliv\Documents\Jo√£o\Mestrado\Latex\MikTexPortable\tex\latex\graph
ics\graphicx.sty
Package: graphicx 1999/02/16 v1.0f Enhanced LaTeX Graphics (DPC,SPQR)

(C:\Users\jpsoliv\Documents\Jo√£o\Mestrado\Latex\MikTexPortable\tex\latex\graph
ics\graphics.sty
Package: graphics 2009/02/05 v1.0o Standard LaTeX Graphics (DPC,SPQR)

(C:\Users\jpsoliv\Documents\Jo√£o\Mestrado\Latex\MikTexPortable\tex\latex\graph
ics\trig.sty
Package: trig 1999/03/16 v1.09 sin cos tan (DPC)
)
(C:\Users\jpsoliv\Documents\Jo√£o\Mestrado\Latex\MikTexPortable\tex\latex\00mik
tex\graphics.cfg
File: graphics.cfg 2007/01/18 v1.5 graphics configuration of teTeX/TeXLive
)
Package graphics Info: Driver file: pdftex.def on input line 91.
)
\Gin@req@height=\dimen137
\Gin@req@width=\dimen138
)
(C:\Users\jpsoliv\Documents\Jo√£o\Mestrado\Latex\MikTexPortable\tex\latex\pgf\s
ystemlayer\pgfsys.sty
(C:\Users\jpsoliv\Documents\Jo√£o\Mestrado\Latex\MikTexPortable\tex\generic\pgf
\systemlayer\pgfsys.code.tex
Package: pgfsys 2013/11/30 v3.0.0 (rcs-revision 1.47)

(C:\Users\jpsoliv\Documents\Jo√£o\Mestrado\Latex\MikTexPortable\tex\generic\pgf
\utilities\pgfkeys.code.tex
\pgfkeys@pathtoks=\toks23
\pgfkeys@temptoks=\toks24

(C:\Users\jpsoliv\Documents\Jo√£o\Mestrado\Latex\MikTexPortable\tex\generic\pgf
\utilities\pgfkeysfiltered.code.tex
\pgfkeys@tmptoks=\toks25
))
\pgf@x=\dimen139
\pgf@y=\dimen140
\pgf@xa=\dimen141
\pgf@ya=\dimen142
\pgf@xb=\dimen143
\pgf@yb=\dimen144
\pgf@xc=\dimen145
\pgf@yc=\dimen146
\w@pgf@writea=\write3
\r@pgf@reada=\read1
\c@pgf@counta=\count108
\c@pgf@countb=\count109
\c@pgf@countc=\count110
\c@pgf@countd=\count111
\t@pgf@toka=\toks26
\t@pgf@tokb=\toks27
\t@pgf@tokc=\toks28

(C:\Users\jpsoliv\Documents\Jo√£o\Mestrado\Latex\MikTexPortable\tex\generic\pgf
\systemlayer\pgf.cfg
File: pgf.cfg 2008/05/14  (rcs-revision 1.7)
)
Driver file for pgf: pgfsys-pdftex.def

(C:\Users\jpsoliv\Documents\Jo√£o\Mestrado\Latex\MikTexPortable\tex\generic\pgf
\systemlayer\pgfsys-pdftex.def
File: pgfsys-pdftex.def 2013/07/18  (rcs-revision 1.33)

(C:\Users\jpsoliv\Documents\Jo√£o\Mestrado\Latex\MikTexPortable\tex\generic\pgf
\systemlayer\pgfsys-common-pdf.def
File: pgfsys-common-pdf.def 2013/10/10  (rcs-revision 1.13)
)))
(C:\Users\jpsoliv\Documents\Jo√£o\Mestrado\Latex\MikTexPortable\tex\generic\pgf
\systemlayer\pgfsyssoftpath.code.tex
File: pgfsyssoftpath.code.tex 2013/09/09  (rcs-revision 1.9)
\pgfsyssoftpath@smallbuffer@items=\count112
\pgfsyssoftpath@bigbuffer@items=\count113
)
(C:\Users\jpsoliv\Documents\Jo√£o\Mestrado\Latex\MikTexPortable\tex\generic\pgf
\systemlayer\pgfsysprotocol.code.tex
File: pgfsysprotocol.code.tex 2006/10/16  (rcs-revision 1.4)
))
(C:\Users\jpsoliv\Documents\Jo√£o\Mestrado\Latex\MikTexPortable\tex\generic\pgf
\basiclayer\pgfcore.code.tex
Package: pgfcore 2010/04/11 v3.0.0 (rcs-revision 1.7)

(C:\Users\jpsoliv\Documents\Jo√£o\Mestrado\Latex\MikTexPortable\tex\generic\pgf
\math\pgfmath.code.tex
(C:\Users\jpsoliv\Documents\Jo√£o\Mestrado\Latex\MikTexPortable\tex\generic\pgf
\math\pgfmathcalc.code.tex
(C:\Users\jpsoliv\Documents\Jo√£o\Mestrado\Latex\MikTexPortable\tex\generic\pgf
\math\pgfmathutil.code.tex)
(C:\Users\jpsoliv\Documents\Jo√£o\Mestrado\Latex\MikTexPortable\tex\generic\pgf
\math\pgfmathparser.code.tex
\pgfmath@dimen=\dimen147
\pgfmath@count=\count114
\pgfmath@box=\box31
\pgfmath@toks=\toks29
\pgfmath@stack@operand=\toks30
\pgfmath@stack@operation=\toks31
)
(C:\Users\jpsoliv\Documents\Jo√£o\Mestrado\Latex\MikTexPortable\tex\generic\pgf
\math\pgfmathfunctions.code.tex
(C:\Users\jpsoliv\Documents\Jo√£o\Mestrado\Latex\MikTexPortable\tex\generic\pgf
\math\pgfmathfunctions.basic.code.tex)
(C:\Users\jpsoliv\Documents\Jo√£o\Mestrado\Latex\MikTexPortable\tex\generic\pgf
\math\pgfmathfunctions.trigonometric.code.tex)
(C:\Users\jpsoliv\Documents\Jo√£o\Mestrado\Latex\MikTexPortable\tex\generic\pgf
\math\pgfmathfunctions.random.code.tex)
(C:\Users\jpsoliv\Documents\Jo√£o\Mestrado\Latex\MikTexPortable\tex\generic\pgf
\math\pgfmathfunctions.comparison.code.tex)
(C:\Users\jpsoliv\Documents\Jo√£o\Mestrado\Latex\MikTexPortable\tex\generic\pgf
\math\pgfmathfunctions.base.code.tex)
(C:\Users\jpsoliv\Documents\Jo√£o\Mestrado\Latex\MikTexPortable\tex\generic\pgf
\math\pgfmathfunctions.round.code.tex)
(C:\Users\jpsoliv\Documents\Jo√£o\Mestrado\Latex\MikTexPortable\tex\generic\pgf
\math\pgfmathfunctions.misc.code.tex)
(C:\Users\jpsoliv\Documents\Jo√£o\Mestrado\Latex\MikTexPortable\tex\generic\pgf
\math\pgfmathfunctions.integerarithmetics.code.tex)))
(C:\Users\jpsoliv\Documents\Jo√£o\Mestrado\Latex\MikTexPortable\tex\generic\pgf
\math\pgfmathfloat.code.tex
\c@pgfmathroundto@lastzeros=\count115
))
(C:\Users\jpsoliv\Documents\Jo√£o\Mestrado\Latex\MikTexPortable\tex\generic\pgf
\basiclayer\pgfcorepoints.code.tex
File: pgfcorepoints.code.tex 2013/10/07  (rcs-revision 1.27)
\pgf@picminx=\dimen148
\pgf@picmaxx=\dimen149
\pgf@picminy=\dimen150
\pgf@picmaxy=\dimen151
\pgf@pathminx=\dimen152
\pgf@pathmaxx=\dimen153
\pgf@pathminy=\dimen154
\pgf@pathmaxy=\dimen155
\pgf@xx=\dimen156
\pgf@xy=\dimen157
\pgf@yx=\dimen158
\pgf@yy=\dimen159
\pgf@zx=\dimen160
\pgf@zy=\dimen161
)
(C:\Users\jpsoliv\Documents\Jo√£o\Mestrado\Latex\MikTexPortable\tex\generic\pgf
\basiclayer\pgfcorepathconstruct.code.tex
File: pgfcorepathconstruct.code.tex 2013/10/07  (rcs-revision 1.29)
\pgf@path@lastx=\dimen162
\pgf@path@lasty=\dimen163
)
(C:\Users\jpsoliv\Documents\Jo√£o\Mestrado\Latex\MikTexPortable\tex\generic\pgf
\basiclayer\pgfcorepathusage.code.tex
File: pgfcorepathusage.code.tex 2013/12/13  (rcs-revision 1.23)
\pgf@shorten@end@additional=\dimen164
\pgf@shorten@start@additional=\dimen165
)
(C:\Users\jpsoliv\Documents\Jo√£o\Mestrado\Latex\MikTexPortable\tex\generic\pgf
\basiclayer\pgfcorescopes.code.tex
File: pgfcorescopes.code.tex 2013/10/09  (rcs-revision 1.44)
\pgfpic=\box32
\pgf@hbox=\box33
\pgf@layerbox@main=\box34
\pgf@picture@serial@count=\count116
)
(C:\Users\jpsoliv\Documents\Jo√£o\Mestrado\Latex\MikTexPortable\tex\generic\pgf
\basiclayer\pgfcoregraphicstate.code.tex
File: pgfcoregraphicstate.code.tex 2013/09/19  (rcs-revision 1.11)
\pgflinewidth=\dimen166
)
(C:\Users\jpsoliv\Documents\Jo√£o\Mestrado\Latex\MikTexPortable\tex\generic\pgf
\basiclayer\pgfcoretransformations.code.tex
File: pgfcoretransformations.code.tex 2013/10/10  (rcs-revision 1.17)
\pgf@pt@x=\dimen167
\pgf@pt@y=\dimen168
\pgf@pt@temp=\dimen169
)
(C:\Users\jpsoliv\Documents\Jo√£o\Mestrado\Latex\MikTexPortable\tex\generic\pgf
\basiclayer\pgfcorequick.code.tex
File: pgfcorequick.code.tex 2008/10/09  (rcs-revision 1.3)
)
(C:\Users\jpsoliv\Documents\Jo√£o\Mestrado\Latex\MikTexPortable\tex\generic\pgf
\basiclayer\pgfcoreobjects.code.tex
File: pgfcoreobjects.code.tex 2006/10/11  (rcs-revision 1.2)
)
(C:\Users\jpsoliv\Documents\Jo√£o\Mestrado\Latex\MikTexPortable\tex\generic\pgf
\basiclayer\pgfcorepathprocessing.code.tex
File: pgfcorepathprocessing.code.tex 2013/09/09  (rcs-revision 1.9)
)
(C:\Users\jpsoliv\Documents\Jo√£o\Mestrado\Latex\MikTexPortable\tex\generic\pgf
\basiclayer\pgfcorearrows.code.tex
File: pgfcorearrows.code.tex 2013/11/07  (rcs-revision 1.40)
\pgfarrowsep=\dimen170
)
(C:\Users\jpsoliv\Documents\Jo√£o\Mestrado\Latex\MikTexPortable\tex\generic\pgf
\basiclayer\pgfcoreshade.code.tex
File: pgfcoreshade.code.tex 2013/07/15  (rcs-revision 1.15)
\pgf@max=\dimen171
\pgf@sys@shading@range@num=\count117
)
(C:\Users\jpsoliv\Documents\Jo√£o\Mestrado\Latex\MikTexPortable\tex\generic\pgf
\basiclayer\pgfcoreimage.code.tex
File: pgfcoreimage.code.tex 2013/07/15  (rcs-revision 1.18)

(C:\Users\jpsoliv\Documents\Jo√£o\Mestrado\Latex\MikTexPortable\tex\generic\pgf
\basiclayer\pgfcoreexternal.code.tex
File: pgfcoreexternal.code.tex 2013/07/15  (rcs-revision 1.20)
\pgfexternal@startupbox=\box35
))
(C:\Users\jpsoliv\Documents\Jo√£o\Mestrado\Latex\MikTexPortable\tex\generic\pgf
\basiclayer\pgfcorelayers.code.tex
File: pgfcorelayers.code.tex 2013/07/18  (rcs-revision 1.7)
)
(C:\Users\jpsoliv\Documents\Jo√£o\Mestrado\Latex\MikTexPortable\tex\generic\pgf
\basiclayer\pgfcoretransparency.code.tex
File: pgfcoretransparency.code.tex 2013/09/30  (rcs-revision 1.5)
)
(C:\Users\jpsoliv\Documents\Jo√£o\Mestrado\Latex\MikTexPortable\tex\generic\pgf
\basiclayer\pgfcorepatterns.code.tex
File: pgfcorepatterns.code.tex 2013/11/07  (rcs-revision 1.5)
)))
(C:\Users\jpsoliv\Documents\Jo√£o\Mestrado\Latex\MikTexPortable\tex\generic\pgf
\modules\pgfmoduleshapes.code.tex
File: pgfmoduleshapes.code.tex 2013/10/31  (rcs-revision 1.34)
\pgfnodeparttextbox=\box36
)
(C:\Users\jpsoliv\Documents\Jo√£o\Mestrado\Latex\MikTexPortable\tex\generic\pgf
\modules\pgfmoduleplot.code.tex
File: pgfmoduleplot.code.tex 2013/07/31  (rcs-revision 1.12)
)
(C:\Users\jpsoliv\Documents\Jo√£o\Mestrado\Latex\MikTexPortable\tex\latex\pgf\c
ompatibility\pgfcomp-version-0-65.sty
Package: pgfcomp-version-0-65 2007/07/03 v3.0.0 (rcs-revision 1.7)
\pgf@nodesepstart=\dimen172
\pgf@nodesepend=\dimen173
)
(C:\Users\jpsoliv\Documents\Jo√£o\Mestrado\Latex\MikTexPortable\tex\latex\pgf\c
ompatibility\pgfcomp-version-1-18.sty
Package: pgfcomp-version-1-18 2007/07/23 v3.0.0 (rcs-revision 1.1)
))
(C:\Users\jpsoliv\Documents\Jo√£o\Mestrado\Latex\MikTexPortable\tex\latex\pgf\u
tilities\pgffor.sty
(C:\Users\jpsoliv\Documents\Jo√£o\Mestrado\Latex\MikTexPortable\tex\latex\pgf\u
tilities\pgfkeys.sty
(C:\Users\jpsoliv\Documents\Jo√£o\Mestrado\Latex\MikTexPortable\tex\generic\pgf
\utilities\pgfkeys.code.tex))
(C:\Users\jpsoliv\Documents\Jo√£o\Mestrado\Latex\MikTexPortable\tex\latex\pgf\m
ath\pgfmath.sty
(C:\Users\jpsoliv\Documents\Jo√£o\Mestrado\Latex\MikTexPortable\tex\generic\pgf
\math\pgfmath.code.tex))
(C:\Users\jpsoliv\Documents\Jo√£o\Mestrado\Latex\MikTexPortable\tex\generic\pgf
\utilities\pgffor.code.tex
Package: pgffor 2013/12/13 v3.0.0 (rcs-revision 1.25)

(C:\Users\jpsoliv\Documents\Jo√£o\Mestrado\Latex\MikTexPortable\tex\generic\pgf
\math\pgfmath.code.tex)
\pgffor@iter=\dimen174
\pgffor@skip=\dimen175
\pgffor@stack=\toks32
\pgffor@toks=\toks33
))
(C:\Users\jpsoliv\Documents\Jo√£o\Mestrado\Latex\MikTexPortable\tex\generic\pgf
\frontendlayer\tikz\tikz.code.tex
Package: tikz 2013/12/13 v3.0.0 (rcs-revision 1.142)

(C:\Users\jpsoliv\Documents\Jo√£o\Mestrado\Latex\MikTexPortable\tex\generic\pgf
\libraries\pgflibraryplothandlers.code.tex
File: pgflibraryplothandlers.code.tex 2013/08/31 v3.0.0 (rcs-revision 1.20)
\pgf@plot@mark@count=\count118
\pgfplotmarksize=\dimen176
)
\tikz@lastx=\dimen177
\tikz@lasty=\dimen178
\tikz@lastxsaved=\dimen179
\tikz@lastysaved=\dimen180
\tikzleveldistance=\dimen181
\tikzsiblingdistance=\dimen182
\tikz@figbox=\box37
\tikz@figbox@bg=\box38
\tikz@tempbox=\box39
\tikz@tempbox@bg=\box40
\tikztreelevel=\count119
\tikznumberofchildren=\count120
\tikznumberofcurrentchild=\count121
\tikz@fig@count=\count122

(C:\Users\jpsoliv\Documents\Jo√£o\Mestrado\Latex\MikTexPortable\tex\generic\pgf
\modules\pgfmodulematrix.code.tex
File: pgfmodulematrix.code.tex 2013/09/17  (rcs-revision 1.8)
\pgfmatrixcurrentrow=\count123
\pgfmatrixcurrentcolumn=\count124
\pgf@matrix@numberofcolumns=\count125
)
\tikz@expandcount=\count126

(C:\Users\jpsoliv\Documents\Jo√£o\Mestrado\Latex\MikTexPortable\tex\generic\pgf
\frontendlayer\tikz\libraries\tikzlibrarytopaths.code.tex
File: tikzlibrarytopaths.code.tex 2008/06/17 v3.0.0 (rcs-revision 1.2)
)))
(C:\Users\jpsoliv\Documents\Jo√£o\Mestrado\Latex\MikTexPortable\tex\generic\pgf
\frontendlayer\tikz\libraries\tikzlibrarypositioning.code.tex
File: tikzlibrarypositioning.code.tex 2008/10/06 v3.0.0 (rcs-revision 1.7)
)
(C:\Users\jpsoliv\Documents\Jo√£o\Mestrado\Latex\MikTexPortable\tex\latex\tools
\calc.sty
Package: calc 2007/08/22 v4.3 Infix arithmetic (KKT,FJ)
\calc@Acount=\count127
\calc@Bcount=\count128
\calc@Adimen=\dimen183
\calc@Bdimen=\dimen184
\calc@Askip=\skip47
\calc@Bskip=\skip48
LaTeX Info: Redefining \setlength on input line 76.
LaTeX Info: Redefining \addtolength on input line 77.
\calc@Ccount=\count129
\calc@Cskip=\skip49
)
\c@@todonotes@numberoftodonotes=\count130
)
(C:\Users\jpsoliv\Documents\Jo√£o\Mestrado\Artigo\IEEEtran\bare_conf.aux)
LaTeX Font Info:    Checking defaults for OML/cmm/m/it on input line 316.
LaTeX Font Info:    ... okay on input line 316.
LaTeX Font Info:    Checking defaults for T1/cmr/m/n on input line 316.
LaTeX Font Info:    ... okay on input line 316.
LaTeX Font Info:    Checking defaults for OT1/cmr/m/n on input line 316.
LaTeX Font Info:    ... okay on input line 316.
LaTeX Font Info:    Checking defaults for OMS/cmsy/m/n on input line 316.
LaTeX Font Info:    ... okay on input line 316.
LaTeX Font Info:    Checking defaults for OMX/cmex/m/n on input line 316.
LaTeX Font Info:    ... okay on input line 316.
LaTeX Font Info:    Checking defaults for U/cmr/m/n on input line 316.
LaTeX Font Info:    ... okay on input line 316.

-- Lines per column: 56 (exact).

(C:\Users\jpsoliv\Documents\Jo√£o\Mestrado\Latex\MikTexPortable\tex\context\bas
e\supp-pdf.mkii
[Loading MPS to PDF converter (version 2006.09.02).]
\scratchcounter=\count131
\scratchdimen=\dimen185
\scratchbox=\box41
\nofMPsegments=\count132
\nofMParguments=\count133
\everyMPshowfont=\toks34
\MPscratchCnt=\count134
\MPscratchDim=\dimen186
\MPnumerator=\count135
\makeMPintoPDFobject=\count136
\everyMPtoPDFconversion=\toks35
) ABD: EveryShipout initializing macros
(C:\Users\jpsoliv\Documents\Jo√£o\Mestrado\Artigo\IEEEtran\Introduction.tex
Missing character: There is no √ in font ptmr7t!
Missing character: There is no √ in font ptmr7t!
Missing character: There is no ≠ in font ptmr7t!
Missing character: There is no √ in font ptmr7t!
Missing character: There is no ∫ in font ptmr7t!
Missing character: There is no √ in font ptmr7t!
Missing character: There is no ° in font ptmr7t!
Missing character: There is no √ in font ptmr7t!
Missing character: There is no ß in font ptmr7t!
Missing character: There is no √ in font ptmr7t!
Missing character: There is no £ in font ptmr7t!
Missing character: There is no √ in font ptmr7t!
Missing character: There is no √ in font ptmr7t!
Missing character: There is no ß in font ptmr7t!
Missing character: There is no √ in font ptmr7t!
Missing character: There is no £ in font ptmr7t!
Missing character: There is no √ in font ptmr7t!
Missing character: There is no ß in font ptmr7t!
Missing character: There is no √ in font ptmr7t!
Missing character: There is no µ in font ptmr7t!
Missing character: There is no √ in font ptmr7t!
Missing character: There is no ≠ in font ptmr7t!
Missing character: There is no √ in font ptmr7t!
Missing character: There is no ß in font ptmr7t!
Missing character: There is no √ in font ptmr7t!
Missing character: There is no µ in font ptmr7t!
Missing character: There is no √ in font ptmr7t!
Missing character: There is no ß in font ptmr7t!
Missing character: There is no √ in font ptmr7t!
Missing character: There is no µ in font ptmr7t!
Missing character: There is no √ in font ptmr7t!
Missing character: There is no £ in font ptmr7t!
Missing character: There is no √ in font ptmr7t!
Missing character: There is no ß in font ptmr7t!
Missing character: There is no √ in font ptmr7t!
Missing character: There is no µ in font ptmr7t!
Missing character: There is no √ in font ptmr7t!
Missing character: There is no ß in font ptmr7t!
Missing character: There is no √ in font ptmr7t!
Missing character: There is no £ in font ptmr7t!
Missing character: There is no √ in font ptmr7t!
Missing character: There is no ß in font ptmr7t!
Missing character: There is no √ in font ptmr7t!
Missing character: There is no £ in font ptmr7t!
Missing character: There is no √ in font ptmr7t!
Missing character: There is no ° in font ptmr7t!
Missing character: There is no √ in font ptmr7t!
Missing character: There is no ß in font ptmr7t!
Missing character: There is no √ in font ptmr7t!
Missing character: There is no £ in font ptmr7t!
)
(C:\Users\jpsoliv\Documents\Jo√£o\Mestrado\Artigo\IEEEtran\Power_Quality_in_Air
craft.tex
Missing character: There is no √ in font ptmr7t!
Missing character: There is no ° in font ptmr7t!
Missing character: There is no √ in font ptmr7t!
Missing character: There is no ∫ in font ptmr7t!
Missing character: There is no √ in font ptmr7t!
Missing character: There is no ¥ in font ptmr7t!
Missing character: There is no √ in font ptmr7t!
Missing character: There is no © in font ptmr7t!
Missing character: There is no √ in font ptmr7t!
Missing character: There is no © in font ptmr7t!
Missing character: There is no √ in font ptmr7t!
Missing character: There is no ß in font ptmr7t!
Missing character: There is no √ in font ptmr7t!
Missing character: There is no £ in font ptmr7t!
Missing character: There is no √ in font ptmr7t!
Missing character: There is no √ in font ptmr7t!
Missing character: There is no ß in font ptmr7t!
Missing character: There is no √ in font ptmr7t!
Missing character: There is no £ in font ptmr7t!
Missing character: There is no √ in font ptmr7t!
Missing character: There is no ß in font ptmr7t!
Missing character: There is no √ in font ptmr7t!
Missing character: There is no µ in font ptmr7t!
Missing character: There is no √ in font ptmr7t!
Missing character: There is no ° in font ptmr7t!
Missing character: There is no √ in font ptmr7t!
Missing character: There is no ° in font ptmr7t!
Missing character: There is no √ in font ptmr7t!
Missing character: There is no √ in font ptmr7t!
Missing character: There is no ß in font ptmr7t!
Missing character: There is no √ in font ptmr7t!
Missing character: There is no µ in font ptmr7t!
Missing character: There is no √ in font ptmr7t!
Missing character: There is no ≥ in font ptmr7t!


LaTeX Warning: Reference `fig:compensador.png' on page 1 undefined on input lin
e 11.


LaTeX Warning: Citation `Akagi' on page 1 undefined on input line 22.


LaTeX Warning: Citation `Akagi' on page 1 undefined on input line 22.


LaTeX Warning: Citation `Akagi' on page 1 undefined on input line 22.

[1{C:/Users/jpsoliv/Documents/Jo√£o/Mestrado/Latex/MikTexPortable/pdftex/config
/pdftex.map}


]

LaTeX Warning: Citation `Akagi' on page 2 undefined on input line 64.


LaTeX Warning: Citation `Akagi' on page 2 undefined on input line 64.


LaTeX Warning: Citation `Peng1996' on page 2 undefined on input line 64.


LaTeX Warning: Citation `Akagi' on page 2 undefined on input line 122.


LaTeX Warning: Reference `fig:diagrama_filtro.png' on page 2 undefined on input
 line 134.


LaTeX Warning: Reference `fig:diagrama_filtro.png' on page 2 undefined on input
 line 145.

Missing character: There is no √ in font ptmr7t!
Missing character: There is no © in font ptmr7t!
Missing character: There is no √ in font ptmr7t!
Missing character: There is no © in font ptmr7t!
Missing character: There is no √ in font ptmr7t!
Missing character: There is no £ in font ptmr7t!
Missing character: There is no √ in font ptmr7t!
Missing character: There is no ß in font ptmr7t!
Missing character: There is no √ in font ptmr7t!
Missing character: There is no £ in font ptmr7t!
Missing character: There is no √ in font ptmr7t!
Missing character: There is no © in font ptmr7t!
Missing character: There is no √ in font ptmr7t!
Missing character: There is no ß in font ptmr7t!
Missing character: There is no √ in font ptmr7t!
Missing character: There is no £ in font ptmr7t!
Missing character: There is no √ in font ptmr7t!
Missing character: There is no ≥ in font ptmr7t!
Missing character: There is no √ in font ptmr7t!
Missing character: There is no ≠ in font ptmr7t!
Missing character: There is no √ in font ptmr7t!
Missing character: There is no ß in font ptmr7t!
Missing character: There is no √ in font ptmr7t!
Missing character: There is no £ in font ptmr7t!
Missing character: There is no √ in font ptmr7t!
Missing character: There is no £ in font ptmr7t!
Missing character: There is no √ in font ptmr7t!
Missing character: There is no ß in font ptmr7t!
Missing character: There is no √ in font ptmr7t!
Missing character: There is no £ in font ptmr7t!
Missing character: There is no √ in font ptmr7t!
Missing character: There is no © in font ptmr7t!
Missing character: There is no √ in font ptmr7t!
Missing character: There is no ß in font ptmr7t!
Missing character: There is no √ in font ptmr7t!
Missing character: There is no £ in font ptmr7t!
Missing character: There is no √ in font ptmr7t!
Missing character: There is no √ in font ptmr7t!
[2])
(C:\Users\jpsoliv\Documents\Jo√£o\Mestrado\Artigo\IEEEtran\Simulation_of_the_Sh
unt_Active_Filter_Operating_with_an_Electrohidraulic_Actuator.tex
Missing character: There is no √ in font ptmr7t!
Missing character: There is no ß in font ptmr7t!
Missing character: There is no √ in font ptmr7t!
Missing character: There is no £ in font ptmr7t!
Missing character: There is no √ in font ptmr7t!
Missing character: There is no ß in font ptmr7t!
Missing character: There is no √ in font ptmr7t!
Missing character: There is no £ in font ptmr7t!
Missing character: There is no √ in font ptmr7t!
Missing character: There is no ß in font ptmr7t!
Missing character: There is no √ in font ptmr7t!
Missing character: There is no £ in font ptmr7t!
Missing character: There is no √ in font ptmr7t!
Missing character: There is no £ in font ptmr7t!
Missing character: There is no √ in font ptmr7t!
Missing character: There is no ° in font ptmr7t!
Missing character: There is no √ in font ptmr7t!
Missing character: There is no ° in font ptmr7t!
Missing character: There is no √ in font ptmr7t!
Missing character: There is no £ in font ptmr7t!
Missing character: There is no √ in font ptmr7t!
Missing character: There is no √ in font ptmr7t!
Missing character: There is no © in font ptmr7t!
Missing character: There is no √ in font ptmr7t!
Missing character: There is no ≠ in font ptmr7t!
Missing character: There is no √ in font ptmr7t!
Missing character: There is no ≠ in font ptmr7t!
Missing character: There is no √ in font ptmr7t!
Missing character: There is no ß in font ptmr7t!
Missing character: There is no √ in font ptmr7t!
Missing character: There is no √ in font ptmr7t!
Missing character: There is no ° in font ptmr7t!
Missing character: There is no √ in font ptmr7t!
Missing character: There is no ≠ in font ptmr7t!
Missing character: There is no √ in font ptmr7t!
Missing character: There is no £ in font ptmr7t!
Missing character: There is no √ in font ptmr7t!
Missing character: There is no £ in font ptmr7t!
Missing character: There is no √ in font ptmr7t!
Missing character: There is no √ in font ptmr7t!
Missing character: There is no ° in font ptmr7t!
)
(C:\Users\jpsoliv\Documents\Jo√£o\Mestrado\Artigo\IEEEtran\Conclusions.tex
Missing character: There is no √ in font ptmr7t!
Missing character: There is no £ in font ptmr7t!
Missing character: There is no √ in font ptmr7t!
Missing character: There is no ß in font ptmr7t!
Missing character: There is no √ in font ptmr7t!
Missing character: There is no £ in font ptmr7t!
Missing character: There is no √ in font ptmr7t!
Missing character: There is no ß in font ptmr7t!
Missing character: There is no √ in font ptmr7t!
Missing character: There is no £ in font ptmr7t!
)

** Conference Paper **
Before submitting the final camera ready copy, remember to:

 1. Manually equalize the lengths of two columns on the last page
 of your paper;

 2. Ensure that any PostScript and/or PDF output post-processing
 uses only Type 1 fonts and that every step in the generation
 process uses the appropriate paper size.

[3

] (C:\Users\jpsoliv\Documents\Jo√£o\Mestrado\Artigo\IEEEtran\bare_conf.aux)

LaTeX Warning: There were undefined references.

 ) 
Here is how much of TeX's memory you used:
 12948 strings out of 493921
 266424 string characters out of 3125104
 306882 words of memory out of 3000000
 16008 multiletter control sequences out of 15000+200000
 40739 words of font info for 77 fonts, out of 3000000 for 9000
 844 hyphenation exceptions out of 8191
 62i,15n,80p,1005b,598s stack positions out of 5000i,500n,10000p,200000b,50000s
{C:/Users/jpsoliv/Documents/Jo√£o/Mestrado/Latex/MikTexPortable/fonts/enc/dvi
ps/fontname/8r.enc}<C:/Users/jpsoliv/Documents/Jo√£o/Mestrado/Latex/MikTexPorta
ble/fonts/type1/public/amsfonts/cm/cmex10.pfb><C:/Users/jpsoliv/Documents/Jo√£o
/Mestrado/Latex/MikTexPortable/fonts/type1/public/amsfonts/cm/cmmi10.pfb><C:/Us
ers/jpsoliv/Documents/Jo√£o/Mestrado/Latex/MikTexPortable/fonts/type1/public/am
sfonts/cm/cmmi7.pfb><C:/Users/jpsoliv/Documents/Jo√£o/Mestrado/Latex/MikTexPort
able/fonts/type1/public/amsfonts/cm/cmr10.pfb><C:/Users/jpsoliv/Documents/Jo√£o
/Mestrado/Latex/MikTexPortable/fonts/type1/public/amsfonts/cm/cmr7.pfb><C:/User
s/jpsoliv/Documents/Jo√£o/Mestrado/Latex/MikTexPortable/fonts/type1/public/amsf
onts/cm/cmsy10.pfb><C:/Users/jpsoliv/Documents/Jo√£o/Mestrado/Latex/MikTexPorta
ble/fonts/type1/urw/times/utmb8a.pfb><C:/Users/jpsoliv/Documents/Jo√£o/Mestrado
/Latex/MikTexPortable/fonts/type1/urw/times/utmbi8a.pfb><C:/Users/jpsoliv/Docum
ents/Jo√£o/Mestrado/Latex/MikTexPortable/fonts/type1/urw/times/utmr8a.pfb><C:/U
sers/jpsoliv/Documents/Jo√£o/Mestrado/Latex/MikTexPortable/fonts/type1/urw/time
s/utmri8a.pfb>
Output written on bare_conf.pdf (3 pages, 121212 bytes).
PDF statistics:
 56 PDF objects out of 1000 (max. 8388607)
 0 named destinations out of 1000 (max. 500000)
 13 words of extra memory for PDF output out of 10000 (max. 10000000)

