This is pdfTeX, Version 3.1415926-2.5-1.40.14 (MiKTeX 2.9) (preloaded format=pdflatex 2015.7.23)  23 SEP 2016 14:51
entering extended mode
**Dissertacao.tex

(C:\Users\jpsoliv\Documents\Jo√£o\Mestrado\MestradoJPSO.git_certo\trunk\Texto\D
issertacao.tex
LaTeX2e <2011/06/27>
Babel <v3.8m> and hyphenation patterns for english, afrikaans, ancientgreek, ar
abic, armenian, assamese, basque, bengali, bokmal, bulgarian, catalan, coptic, 
croatian, czech, danish, dutch, esperanto, estonian, farsi, finnish, french, ga
lician, german, german-x-2013-05-26, greek, gujarati, hindi, hungarian, iceland
ic, indonesian, interlingua, irish, italian, kannada, kurmanji, latin, latvian,
 lithuanian, malayalam, marathi, mongolian, mongolianlmc, monogreek, ngerman, n
german-x-2013-05-26, nynorsk, oriya, panjabi, pinyin, polish, portuguese, roman
ian, russian, sanskrit, serbian, slovak, slovenian, spanish, swedish, swissgerm
an, tamil, telugu, turkish, turkmen, ukenglish, ukrainian, uppersorbian, usengl
ishmax, welsh, loaded.

(C:\Users\jpsoliv\Documents\Jo√£o\Mestrado\MestradoJPSO.git_certo\trunk\Texto\i
ta.cls
Document Class: ita 2006/03/10 v2.0 Classe de documento com padrıes do ITA

(C:\Users\jpsoliv\Documents\Jo√£o\Mestrado\Latex\MikTexPortable\tex\generic\obe
rdiek\ifpdf.sty
Package: ifpdf 2011/01/30 v2.3 Provides the ifpdf switch (HO)
Package ifpdf Info: pdfTeX in PDF mode is detected.
)
(C:\Users\jpsoliv\Documents\Jo√£o\Mestrado\MestradoJPSO.git_certo\trunk\Texto\d
efaults.def)
(C:\Users\jpsoliv\Documents\Jo√£o\Mestrado\Latex\MikTexPortable\tex\latex\base\
book.cls
Document Class: book 2007/10/19 v1.4h Standard LaTeX document class

(C:\Users\jpsoliv\Documents\Jo√£o\Mestrado\Latex\MikTexPortable\tex\latex\base\
bk12.clo
File: bk12.clo 2007/10/19 v1.4h Standard LaTeX file (size option)
)
\c@part=\count79
\c@chapter=\count80
\c@section=\count81
\c@subsection=\count82
\c@subsubsection=\count83
\c@paragraph=\count84
\c@subparagraph=\count85
\c@figure=\count86
\c@table=\count87
\abovecaptionskip=\skip41
\belowcaptionskip=\skip42
\bibindent=\dimen102
)
(C:\Users\jpsoliv\Documents\Jo√£o\Mestrado\Latex\MikTexPortable\tex\latex\tools
\calc.sty
Package: calc 2007/08/22 v4.3 Infix arithmetic (KKT,FJ)
\calc@Acount=\count88
\calc@Bcount=\count89
\calc@Adimen=\dimen103
\calc@Bdimen=\dimen104
\calc@Askip=\skip43
\calc@Bskip=\skip44
LaTeX Info: Redefining \setlength on input line 76.
LaTeX Info: Redefining \addtolength on input line 77.
\calc@Ccount=\count90
\calc@Cskip=\skip45
)
(C:\Users\jpsoliv\Documents\Jo√£o\Mestrado\Latex\MikTexPortable\tex\latex\base\
ifthen.sty
Package: ifthen 2001/05/26 v1.1c Standard LaTeX ifthen package (DPC)
)
(C:\Users\jpsoliv\Documents\Jo√£o\Mestrado\Latex\MikTexPortable\tex\generic\bab
el\babel.sty
Package: babel 2008/07/08 v3.8m The Babel package

*************************************
* Local config file bblopts.cfg used
*

(C:\Users\jpsoliv\Documents\Jo√£o\Mestrado\Latex\MikTexPortable\tex\latex\00mik
tex\bblopts.cfg
File: bblopts.cfg 2006/07/31 v1.0 MiKTeX 'babel' configuration
)
(C:\Users\jpsoliv\Documents\Jo√£o\Mestrado\Latex\MikTexPortable\tex\generic\bab
el\english.ldf
Language: english 2005/03/30 v3.3o English support from the babel system

(C:\Users\jpsoliv\Documents\Jo√£o\Mestrado\Latex\MikTexPortable\tex\generic\bab
el\babel.def
File: babel.def 2008/07/08 v3.8m Babel common definitions
\babel@savecnt=\count91
\U@D=\dimen105
)
\l@canadian = a dialect from \language\l@american 
\l@australian = a dialect from \language\l@british 
\l@newzealand = a dialect from \language\l@british 
)
(C:\Users\jpsoliv\Documents\Jo√£o\Mestrado\Latex\MikTexPortable\tex\generic\bab
el\portuges.ldf
Language: portuges 2008/03/18 v1.2q Portuguese support from the babel system
Package babel Info: Making " an active character on input line 145.
)
(C:\Users\jpsoliv\Documents\Jo√£o\Mestrado\Latex\MikTexPortable\tex\generic\bab
el\portuges.ldf
Language: portuges 2008/03/18 v1.2q Portuguese support from the babel system
\l@brazil = a dialect from \language\l@portuges 
))
(C:\Users\jpsoliv\Documents\Jo√£o\Mestrado\MestradoJPSO.git_certo\trunk\Texto\i
tabr.babel)
(C:\Users\jpsoliv\Documents\Jo√£o\Mestrado\Latex\MikTexPortable\tex\latex\base\
inputenc.sty
Package: inputenc 2008/03/30 v1.1d Input encoding file
\inpenc@prehook=\toks14
\inpenc@posthook=\toks15

(C:\Users\jpsoliv\Documents\Jo√£o\Mestrado\Latex\MikTexPortable\tex\latex\base\
latin1.def
File: latin1.def 2008/03/30 v1.1d Input encoding file
))
(C:\Users\jpsoliv\Documents\Jo√£o\Mestrado\Latex\MikTexPortable\tex\latex\setsp
ace\setspace.sty
Package: setspace 2011/12/19 v6.7a set line spacing
)
(C:\Users\jpsoliv\Documents\Jo√£o\Mestrado\Latex\MikTexPortable\tex\latex\fancy
hdr\fancyhdr.sty
\fancy@headwidth=\skip46
\f@ncyO@elh=\skip47
\f@ncyO@erh=\skip48
\f@ncyO@olh=\skip49
\f@ncyO@orh=\skip50
\f@ncyO@elf=\skip51
\f@ncyO@erf=\skip52
\f@ncyO@olf=\skip53
\f@ncyO@orf=\skip54
)
(C:\Users\jpsoliv\Documents\Jo√£o\Mestrado\Latex\MikTexPortable\tex\latex\amsfo
nts\amsfonts.sty
Package: amsfonts 2013/01/14 v3.01 Basic AMSFonts support
\@emptytoks=\toks16
\symAMSa=\mathgroup4
\symAMSb=\mathgroup5
LaTeX Font Info:    Overwriting math alphabet `\mathfrak' in version `bold'
(Font)                  U/euf/m/n --> U/euf/b/n on input line 106.
)
(C:\Users\jpsoliv\Documents\Jo√£o\Mestrado\Latex\MikTexPortable\tex\latex\lastp
age\lastpage.sty

LaTeX Warning: You have requested release `2014/05/01' of LaTeX,
               but only release `2011/06/27' is available.

Package: lastpage 2015/03/29 v1.2m Refers to last page's name (HMM; JPG)
)
(C:\Users\jpsoliv\Documents\Jo√£o\Mestrado\Latex\MikTexPortable\tex\latex\tools
\indentfirst.sty
Package: indentfirst 1995/11/23 v1.03 Indent first paragraph (DPC)
)
(C:\Users\jpsoliv\Documents\Jo√£o\Mestrado\Latex\MikTexPortable\tex\latex\capti
on\caption.sty
Package: caption 2013/05/02 v3.3-89 Customizing captions (AR)

(C:\Users\jpsoliv\Documents\Jo√£o\Mestrado\Latex\MikTexPortable\tex\latex\capti
on\caption3.sty
Package: caption3 2013/05/02 v1.6-88 caption3 kernel (AR)
Package caption3 Info: TeX engine: e-TeX on input line 57.

(C:\Users\jpsoliv\Documents\Jo√£o\Mestrado\Latex\MikTexPortable\tex\latex\graph
ics\keyval.sty
Package: keyval 1999/03/16 v1.13 key=value parser (DPC)
\KV@toks@=\toks17
)
\captionmargin=\dimen106
\captionmargin@=\dimen107
\captionwidth=\dimen108
\caption@tempdima=\dimen109
\caption@indent=\dimen110
\caption@parindent=\dimen111
\caption@hangindent=\dimen112
)
\c@ContinuedFloat=\count92
)
(C:\Users\jpsoliv\Documents\Jo√£o\Mestrado\Latex\MikTexPortable\tex\latex\tools
\longtable.sty
Package: longtable 2004/02/01 v4.11 Multi-page Table package (DPC)
\LTleft=\skip55
\LTright=\skip56
\LTpre=\skip57
\LTpost=\skip58
\LTchunksize=\count93
\LTcapwidth=\dimen113
\LT@head=\box26
\LT@firsthead=\box27
\LT@foot=\box28
\LT@lastfoot=\box29
\LT@cols=\count94
\LT@rows=\count95
\c@LT@tables=\count96
\c@LT@chunks=\count97
\LT@p@ftn=\toks18
)
(C:\Users\jpsoliv\Documents\Jo√£o\Mestrado\Latex\MikTexPortable\tex\latex\tools
\array.sty
Package: array 2008/09/09 v2.4c Tabular extension package (FMi)
\col@sep=\dimen114
\extrarowheight=\dimen115
\NC@list=\toks19
\extratabsurround=\skip59
\backup@length=\skip60
)
(C:\Users\jpsoliv\Documents\Jo√£o\Mestrado\Latex\MikTexPortable\tex\latex\tools
\tabularx.sty
Package: tabularx 1999/01/07 v2.07 `tabularx' package (DPC)
\TX@col@width=\dimen116
\TX@old@table=\dimen117
\TX@old@col=\dimen118
\TX@target=\dimen119
\TX@delta=\dimen120
\TX@cols=\count98
\TX@ftn=\toks20
)
(C:\Users\jpsoliv\Documents\Jo√£o\Mestrado\Latex\MikTexPortable\tex\latex\title
sec\titlesec.sty
Package: titlesec 2011/12/15 v2.10.0 Sectioning titles
\ttl@box=\box30
\beforetitleunit=\skip61
\aftertitleunit=\skip62
\ttl@plus=\dimen121
\ttl@minus=\dimen122
\ttl@toksa=\toks21
\titlewidth=\dimen123
\titlewidthlast=\dimen124
\titlewidthfirst=\dimen125
)
(C:\Users\jpsoliv\Documents\Jo√£o\Mestrado\MestradoJPSO.git_certo\trunk\Texto\m
akeglo.sty
Package: makeglo 
\glossentrylen=\skip63
)
(C:\Users\jpsoliv\Documents\Jo√£o\Mestrado\Latex\MikTexPortable\tex\latex\graph
ics\color.sty
Package: color 2005/11/14 v1.0j Standard LaTeX Color (DPC)

(C:\Users\jpsoliv\Documents\Jo√£o\Mestrado\Latex\MikTexPortable\tex\latex\00mik
tex\color.cfg
File: color.cfg 2007/01/18 v1.5 color configuration of teTeX/TeXLive
)
Package color Info: Driver file: pdftex.def on input line 130.

(C:\Users\jpsoliv\Documents\Jo√£o\Mestrado\Latex\MikTexPortable\tex\latex\pdfte
x-def\pdftex.def
File: pdftex.def 2011/05/27 v0.06d Graphics/color for pdfTeX

(C:\Users\jpsoliv\Documents\Jo√£o\Mestrado\Latex\MikTexPortable\tex\generic\obe
rdiek\infwarerr.sty
Package: infwarerr 2010/04/08 v1.3 Providing info/warning/error messages (HO)
)
(C:\Users\jpsoliv\Documents\Jo√£o\Mestrado\Latex\MikTexPortable\tex\generic\obe
rdiek\ltxcmds.sty
Package: ltxcmds 2011/11/09 v1.22 LaTeX kernel commands for general use (HO)
)
\Gread@gobject=\count99
))
(C:\Users\jpsoliv\Documents\Jo√£o\Mestrado\Latex\MikTexPortable\tex\latex\hyphe
nat\hyphenat.sty
Package: hyphenat 2009/09/02 v2.3c hyphenation utilities
\langwohyphens=\language69
LaTeX Info: Redefining \_ on input line 43.
)
(C:\Users\jpsoliv\Documents\Jo√£o\Mestrado\Latex\MikTexPortable\tex\latex\base\
makeidx.sty
Package: makeidx 2000/03/29 v1.0m Standard LaTeX package
)
(C:\Users\jpsoliv\Documents\Jo√£o\Mestrado\Latex\MikTexPortable\tex\latex\hyper
ref\hyperref.sty
Package: hyperref 2012/11/06 v6.83m Hypertext links for LaTeX

(C:\Users\jpsoliv\Documents\Jo√£o\Mestrado\Latex\MikTexPortable\tex\generic\obe
rdiek\hobsub-hyperref.sty
Package: hobsub-hyperref 2012/04/25 v1.12 Bundle oberdiek, subset hyperref (HO)


(C:\Users\jpsoliv\Documents\Jo√£o\Mestrado\Latex\MikTexPortable\tex\generic\obe
rdiek\hobsub-generic.sty
Package: hobsub-generic 2012/04/25 v1.12 Bundle oberdiek, subset generic (HO)
Package: hobsub 2012/04/25 v1.12 Construct package bundles (HO)
Package hobsub Info: Skipping package `infwarerr' (already loaded).
Package hobsub Info: Skipping package `ltxcmds' (already loaded).
Package: ifluatex 2010/03/01 v1.3 Provides the ifluatex switch (HO)
Package ifluatex Info: LuaTeX not detected.
Package: ifvtex 2010/03/01 v1.5 Detect VTeX and its facilities (HO)
Package ifvtex Info: VTeX not detected.
Package: intcalc 2007/09/27 v1.1 Expandable calculations with integers (HO)
Package hobsub Info: Skipping package `ifpdf' (already loaded).
Package: etexcmds 2011/02/16 v1.5 Avoid name clashes with e-TeX commands (HO)
Package etexcmds Info: Could not find \expanded.
(etexcmds)             That can mean that you are not using pdfTeX 1.50 or
(etexcmds)             that some package has redefined \expanded.
(etexcmds)             In the latter case, load this package earlier.
Package: kvsetkeys 2012/04/25 v1.16 Key value parser (HO)
Package: kvdefinekeys 2011/04/07 v1.3 Define keys (HO)
Package: pdftexcmds 2011/11/29 v0.20 Utility functions of pdfTeX for LuaTeX (HO
)
Package pdftexcmds Info: LuaTeX not detected.
Package pdftexcmds Info: \pdf@primitive is available.
Package pdftexcmds Info: \pdf@ifprimitive is available.
Package pdftexcmds Info: \pdfdraftmode found.
Package: pdfescape 2011/11/25 v1.13 Implements pdfTeX's escape features (HO)
Package: bigintcalc 2012/04/08 v1.3 Expandable calculations on big integers (HO
)
Package: bitset 2011/01/30 v1.1 Handle bit-vector datatype (HO)
Package: uniquecounter 2011/01/30 v1.2 Provide unlimited unique counter (HO)
)
Package hobsub Info: Skipping package `hobsub' (already loaded).
Package: letltxmacro 2010/09/02 v1.4 Let assignment for LaTeX macros (HO)
Package: hopatch 2011/06/24 v1.1 Wrapper for package hooks (HO)
Package: xcolor-patch 2011/01/30 xcolor patch
Package: atveryend 2011/06/30 v1.8 Hooks at the very end of document (HO)
Package atveryend Info: \enddocument detected (standard20110627).
Package: atbegshi 2011/10/05 v1.16 At begin shipout hook (HO)
Package: refcount 2011/10/16 v3.4 Data extraction from label references (HO)
Package: hycolor 2011/01/30 v1.7 Color options for hyperref/bookmark (HO)
)
(C:\Users\jpsoliv\Documents\Jo√£o\Mestrado\Latex\MikTexPortable\tex\generic\ifx
etex\ifxetex.sty
Package: ifxetex 2010/09/12 v0.6 Provides ifxetex conditional
)
(C:\Users\jpsoliv\Documents\Jo√£o\Mestrado\Latex\MikTexPortable\tex\latex\oberd
iek\auxhook.sty
Package: auxhook 2011/03/04 v1.3 Hooks for auxiliary files (HO)
)
(C:\Users\jpsoliv\Documents\Jo√£o\Mestrado\Latex\MikTexPortable\tex\latex\oberd
iek\kvoptions.sty
Package: kvoptions 2011/06/30 v3.11 Key value format for package options (HO)
)
\@linkdim=\dimen126
\Hy@linkcounter=\count100
\Hy@pagecounter=\count101

(C:\Users\jpsoliv\Documents\Jo√£o\Mestrado\Latex\MikTexPortable\tex\latex\hyper
ref\pd1enc.def
File: pd1enc.def 2012/11/06 v6.83m Hyperref: PDFDocEncoding definition (HO)
)
\Hy@SavedSpaceFactor=\count102

(C:\Users\jpsoliv\Documents\Jo√£o\Mestrado\Latex\MikTexPortable\tex\latex\00mik
tex\hyperref.cfg
File: hyperref.cfg 2002/06/06 v1.2 hyperref configuration of TeXLive
)
Package hyperref Info: Option `debug' set `true' on input line 4319.


Package hyperref Warning: Option `a4paper' is no longer used.

Package hyperref Info: Option `breaklinks' set `true' on input line 4319.
Package hyperref Info: Option `bookmarksopen' set `true' on input line 4319.
Package hyperref Info: Option `colorlinks' set `false' on input line 4319.
Package hyperref Info: Option `bookmarksnumbered' set `true' on input line 4319
.
Package hyperref Info: Option `hyperindex' set `true' on input line 4319.
Package hyperref Info: Option `verbose' set `true' on input line 4319.
Package hyperref Info: Hyper figures OFF on input line 4443.
Package hyperref Info: Link nesting OFF on input line 4448.
Package hyperref Info: Hyper index ON on input line 4451.
Package hyperref Info: Plain pages OFF on input line 4458.
Package hyperref Info: Backreferencing OFF on input line 4463.
Package hyperref Info: Implicit mode ON; LaTeX internals redefined.
Package hyperref Info: Bookmarks ON on input line 4688.
\c@Hy@tempcnt=\count103

(C:\Users\jpsoliv\Documents\Jo√£o\Mestrado\Latex\MikTexPortable\tex\latex\url\u
rl.sty
\Urlmuskip=\muskip10
Package: url 2013/09/16  ver 3.4  Verb mode for urls, etc.
)
LaTeX Info: Redefining \url on input line 5041.
\XeTeXLinkMargin=\dimen127
\Fld@menulength=\count104
\Field@Width=\dimen128
\Fld@charsize=\dimen129
Package hyperref Info: Hyper figures OFF on input line 6295.
Package hyperref Info: Link nesting OFF on input line 6300.
Package hyperref Info: Hyper index ON on input line 6303.
Package hyperref Info: backreferencing OFF on input line 6310.
Package hyperref Info: Link coloring OFF on input line 6315.
Package hyperref Info: Link coloring with OCG OFF on input line 6320.
Package hyperref Info: PDF/A mode OFF on input line 6325.
LaTeX Info: Redefining \ref on input line 6365.
LaTeX Info: Redefining \pageref on input line 6369.
\Hy@abspage=\count105
\c@Item=\count106
\c@Hfootnote=\count107
)

Package hyperref Message: Driver (autodetected): hpdftex.


(C:\Users\jpsoliv\Documents\Jo√£o\Mestrado\Latex\MikTexPortable\tex\latex\hyper
ref\hpdftex.def
File: hpdftex.def 2012/11/06 v6.83m Hyperref driver for pdfTeX
\Fld@listcount=\count108
\c@bookmark@seq@number=\count109

(C:\Users\jpsoliv\Documents\Jo√£o\Mestrado\Latex\MikTexPortable\tex\latex\oberd
iek\rerunfilecheck.sty
Package: rerunfilecheck 2011/04/15 v1.7 Rerun checks for auxiliary files (HO)
Package uniquecounter Info: New unique counter `rerunfilecheck' on input line 2
82.
)
\Hy@SectionHShift=\skip64
)
(C:\Users\jpsoliv\Documents\Jo√£o\Mestrado\Latex\MikTexPortable\tex\latex\ae\ae
.sty
Package: ae 2001/02/12 1.3 Almost European Computer Modern

(C:\Users\jpsoliv\Documents\Jo√£o\Mestrado\Latex\MikTexPortable\tex\latex\base\
fontenc.sty
Package: fontenc 2005/09/27 v1.99g Standard LaTeX package

(C:\Users\jpsoliv\Documents\Jo√£o\Mestrado\Latex\MikTexPortable\tex\latex\base\
t1enc.def
File: t1enc.def 2005/09/27 v1.99g Standard LaTeX file
LaTeX Font Info:    Redeclaring font encoding T1 on input line 43.
)
LaTeX Font Info:    Try loading font information for T1+aer on input line 100.

(C:\Users\jpsoliv\Documents\Jo√£o\Mestrado\Latex\MikTexPortable\tex\latex\ae\t1
aer.fd
File: t1aer.fd 1997/11/16 Font definitions for T1/aer.
)))
(C:\Users\jpsoliv\Documents\Jo√£o\Mestrado\Latex\MikTexPortable\tex\latex\graph
ics\graphicx.sty
Package: graphicx 1999/02/16 v1.0f Enhanced LaTeX Graphics (DPC,SPQR)

(C:\Users\jpsoliv\Documents\Jo√£o\Mestrado\Latex\MikTexPortable\tex\latex\graph
ics\graphics.sty
Package: graphics 2009/02/05 v1.0o Standard LaTeX Graphics (DPC,SPQR)

(C:\Users\jpsoliv\Documents\Jo√£o\Mestrado\Latex\MikTexPortable\tex\latex\graph
ics\trig.sty
Package: trig 1999/03/16 v1.09 sin cos tan (DPC)
)
(C:\Users\jpsoliv\Documents\Jo√£o\Mestrado\Latex\MikTexPortable\tex\latex\00mik
tex\graphics.cfg
File: graphics.cfg 2007/01/18 v1.5 graphics configuration of teTeX/TeXLive
)
Package graphics Info: Driver file: pdftex.def on input line 91.
)
\Gin@req@height=\dimen130
\Gin@req@width=\dimen131
)
(C:\Users\jpsoliv\Documents\Jo√£o\Mestrado\Latex\MikTexPortable\tex\latex\geome
try\geometry.sty
Package: geometry 2010/09/12 v5.6 Page Geometry
\Gm@cnth=\count110
\Gm@cntv=\count111
\c@Gm@tempcnt=\count112
\Gm@bindingoffset=\dimen132
\Gm@wd@mp=\dimen133
\Gm@odd@mp=\dimen134
\Gm@even@mp=\dimen135
\Gm@layoutwidth=\dimen136
\Gm@layoutheight=\dimen137
\Gm@layouthoffset=\dimen138
\Gm@layoutvoffset=\dimen139
\Gm@dimlist=\toks22

(C:\Users\jpsoliv\Documents\Jo√£o\Mestrado\Latex\MikTexPortable\tex\latex\geome
try\geometry.cfg))
\c@mecounter=\count113
\c@kwcipcounter=\count114
\nohyphen=\language70
)
(C:\Users\jpsoliv\Documents\Jo√£o\Mestrado\Latex\MikTexPortable\tex\latex\graph
ics\epsfig.sty
Package: epsfig 1999/02/16 v1.7a (e)psfig emulation (SPQR)
\epsfxsize=\dimen140
\epsfysize=\dimen141
)
(C:\Users\jpsoliv\Documents\Jo√£o\Mestrado\Latex\MikTexPortable\tex\latex\amsma
th\amsmath.sty
Package: amsmath 2013/01/14 v2.14 AMS math features
\@mathmargin=\skip65

For additional information on amsmath, use the `?' option.

(C:\Users\jpsoliv\Documents\Jo√£o\Mestrado\Latex\MikTexPortable\tex\latex\amsma
th\amstext.sty
Package: amstext 2000/06/29 v2.01

(C:\Users\jpsoliv\Documents\Jo√£o\Mestrado\Latex\MikTexPortable\tex\latex\amsma
th\amsgen.sty
File: amsgen.sty 1999/11/30 v2.0
\@emptytoks=\toks23
\ex@=\dimen142
))
(C:\Users\jpsoliv\Documents\Jo√£o\Mestrado\Latex\MikTexPortable\tex\latex\amsma
th\amsbsy.sty
Package: amsbsy 1999/11/29 v1.2d
\pmbraise@=\dimen143
)
(C:\Users\jpsoliv\Documents\Jo√£o\Mestrado\Latex\MikTexPortable\tex\latex\amsma
th\amsopn.sty
Package: amsopn 1999/12/14 v2.01 operator names
)
\inf@bad=\count115
LaTeX Info: Redefining \frac on input line 210.
\uproot@=\count116
\leftroot@=\count117
LaTeX Info: Redefining \overline on input line 306.
\classnum@=\count118
\DOTSCASE@=\count119
LaTeX Info: Redefining \ldots on input line 378.
LaTeX Info: Redefining \dots on input line 381.
LaTeX Info: Redefining \cdots on input line 466.
\Mathstrutbox@=\box31
\strutbox@=\box32
\big@size=\dimen144
LaTeX Font Info:    Redeclaring font encoding OML on input line 566.
LaTeX Font Info:    Redeclaring font encoding OMS on input line 567.
\macc@depth=\count120
\c@MaxMatrixCols=\count121
\dotsspace@=\muskip11
\c@parentequation=\count122
\dspbrk@lvl=\count123
\tag@help=\toks24
\row@=\count124
\column@=\count125
\maxfields@=\count126
\andhelp@=\toks25
\eqnshift@=\dimen145
\alignsep@=\dimen146
\tagshift@=\dimen147
\tagwidth@=\dimen148
\totwidth@=\dimen149
\lineht@=\dimen150
\@envbody=\toks26
\multlinegap=\skip66
\multlinetaggap=\skip67
\mathdisplay@stack=\toks27
LaTeX Info: Redefining \[ on input line 2665.
LaTeX Info: Redefining \] on input line 2666.
)
(C:\Users\jpsoliv\Documents\Jo√£o\Mestrado\Latex\MikTexPortable\tex\latex\amsfo
nts\amssymb.sty
Package: amssymb 2013/01/14 v3.01 AMS font symbols
)
(C:\Users\jpsoliv\Documents\Jo√£o\Mestrado\Latex\MikTexPortable\tex\latex\multi
row\multirow.sty
\bigstrutjot=\dimen151
)
(C:\Users\jpsoliv\Documents\Jo√£o\Mestrado\Latex\MikTexPortable\tex\latex\float
\float.sty
Package: float 2001/11/08 v1.3d Float enhancements (AL)
\c@float@type=\count127
\float@exts=\toks28
\float@box=\box33
\@float@everytoks=\toks29
\@floatcapt=\box34
)
(C:\Users\jpsoliv\Documents\Jo√£o\Mestrado\Latex\MikTexPortable\tex\latex\comme
nt\comment.sty
\CommentStream=\write3
 Excluding comment 'comment')
(C:\Users\jpsoliv\Documents\Jo√£o\Mestrado\Latex\MikTexPortable\tex\latex\base\
fixltx2e.sty
Package: fixltx2e 2006/09/13 v1.1m fixes to LaTeX
LaTeX Info: Redefining \em on input line 420.
LaTeX Info: The control sequence `\[' is already robust on input line 471.
LaTeX Info: The control sequence `\]' is already robust on input line 472.
)
(C:\Users\jpsoliv\Documents\Jo√£o\Mestrado\Latex\MikTexPortable\tex\latex\todon
otes\todonotes.sty
Package: todonotes 2015/07/09 .dtx Todonotes source and documentation.
Package: todonotes 2012/07/25

(C:\Users\jpsoliv\Documents\Jo√£o\Mestrado\Latex\MikTexPortable\tex\latex\xkeyv
al\xkeyval.sty
Package: xkeyval 2012/10/14 v2.6b package option processing (HA)

(C:\Users\jpsoliv\Documents\Jo√£o\Mestrado\Latex\MikTexPortable\tex\generic\xke
yval\xkeyval.tex
\XKV@toks=\toks30
\XKV@tempa@toks=\toks31
\XKV@depth=\count128
File: xkeyval.tex 2012/10/14 v2.6b key=value parser (HA)
))
(C:\Users\jpsoliv\Documents\Jo√£o\Mestrado\Latex\MikTexPortable\tex\latex\xcolo
r\xcolor.sty
Package: xcolor 2007/01/21 v2.11 LaTeX color extensions (UK)

(C:\Users\jpsoliv\Documents\Jo√£o\Mestrado\Latex\MikTexPortable\tex\latex\00mik
tex\color.cfg
File: color.cfg 2007/01/18 v1.5 color configuration of teTeX/TeXLive
)
Package xcolor Info: Driver file: pdftex.def on input line 225.
LaTeX Info: Redefining \color on input line 702.
Package xcolor Info: Model `cmy' substituted by `cmy0' on input line 1337.
Package xcolor Info: Model `hsb' substituted by `rgb' on input line 1341.
Package xcolor Info: Model `RGB' extended on input line 1353.
Package xcolor Info: Model `HTML' substituted by `rgb' on input line 1355.
Package xcolor Info: Model `Hsb' substituted by `hsb' on input line 1356.
Package xcolor Info: Model `tHsb' substituted by `hsb' on input line 1357.
Package xcolor Info: Model `HSB' substituted by `hsb' on input line 1358.
Package xcolor Info: Model `Gray' substituted by `gray' on input line 1359.
Package xcolor Info: Model `wave' substituted by `hsb' on input line 1360.
)
(C:\Users\jpsoliv\Documents\Jo√£o\Mestrado\Latex\MikTexPortable\tex\latex\pgf\f
rontendlayer\tikz.sty
(C:\Users\jpsoliv\Documents\Jo√£o\Mestrado\Latex\MikTexPortable\tex\latex\pgf\b
asiclayer\pgf.sty
(C:\Users\jpsoliv\Documents\Jo√£o\Mestrado\Latex\MikTexPortable\tex\latex\pgf\u
tilities\pgfrcs.sty
(C:\Users\jpsoliv\Documents\Jo√£o\Mestrado\Latex\MikTexPortable\tex\generic\pgf
\utilities\pgfutil-common.tex
\pgfutil@everybye=\toks32
\pgfutil@tempdima=\dimen152
\pgfutil@tempdimb=\dimen153

(C:\Users\jpsoliv\Documents\Jo√£o\Mestrado\Latex\MikTexPortable\tex\generic\pgf
\utilities\pgfutil-common-lists.tex))
(C:\Users\jpsoliv\Documents\Jo√£o\Mestrado\Latex\MikTexPortable\tex\generic\pgf
\utilities\pgfutil-latex.def
\pgfutil@abb=\box35

(C:\Users\jpsoliv\Documents\Jo√£o\Mestrado\Latex\MikTexPortable\tex\latex\ms\ev
eryshi.sty
Package: everyshi 2001/05/15 v3.00 EveryShipout Package (MS)
))
(C:\Users\jpsoliv\Documents\Jo√£o\Mestrado\Latex\MikTexPortable\tex\generic\pgf
\utilities\pgfrcs.code.tex
Package: pgfrcs 2013/12/20 v3.0.0 (rcs-revision 1.28)
))
Package: pgf 2013/12/18 v3.0.0 (rcs-revision 1.14)

(C:\Users\jpsoliv\Documents\Jo√£o\Mestrado\Latex\MikTexPortable\tex\latex\pgf\b
asiclayer\pgfcore.sty
(C:\Users\jpsoliv\Documents\Jo√£o\Mestrado\Latex\MikTexPortable\tex\latex\pgf\s
ystemlayer\pgfsys.sty
(C:\Users\jpsoliv\Documents\Jo√£o\Mestrado\Latex\MikTexPortable\tex\generic\pgf
\systemlayer\pgfsys.code.tex
Package: pgfsys 2013/11/30 v3.0.0 (rcs-revision 1.47)

(C:\Users\jpsoliv\Documents\Jo√£o\Mestrado\Latex\MikTexPortable\tex\generic\pgf
\utilities\pgfkeys.code.tex
\pgfkeys@pathtoks=\toks33
\pgfkeys@temptoks=\toks34

(C:\Users\jpsoliv\Documents\Jo√£o\Mestrado\Latex\MikTexPortable\tex\generic\pgf
\utilities\pgfkeysfiltered.code.tex
\pgfkeys@tmptoks=\toks35
))
\pgf@x=\dimen154
\pgf@y=\dimen155
\pgf@xa=\dimen156
\pgf@ya=\dimen157
\pgf@xb=\dimen158
\pgf@yb=\dimen159
\pgf@xc=\dimen160
\pgf@yc=\dimen161
\w@pgf@writea=\write4
\r@pgf@reada=\read1
\c@pgf@counta=\count129
\c@pgf@countb=\count130
\c@pgf@countc=\count131
\c@pgf@countd=\count132
\t@pgf@toka=\toks36
\t@pgf@tokb=\toks37
\t@pgf@tokc=\toks38

(C:\Users\jpsoliv\Documents\Jo√£o\Mestrado\Latex\MikTexPortable\tex\generic\pgf
\systemlayer\pgf.cfg
File: pgf.cfg 2008/05/14  (rcs-revision 1.7)
)
Driver file for pgf: pgfsys-pdftex.def

(C:\Users\jpsoliv\Documents\Jo√£o\Mestrado\Latex\MikTexPortable\tex\generic\pgf
\systemlayer\pgfsys-pdftex.def
File: pgfsys-pdftex.def 2013/07/18  (rcs-revision 1.33)

(C:\Users\jpsoliv\Documents\Jo√£o\Mestrado\Latex\MikTexPortable\tex\generic\pgf
\systemlayer\pgfsys-common-pdf.def
File: pgfsys-common-pdf.def 2013/10/10  (rcs-revision 1.13)
)))
(C:\Users\jpsoliv\Documents\Jo√£o\Mestrado\Latex\MikTexPortable\tex\generic\pgf
\systemlayer\pgfsyssoftpath.code.tex
File: pgfsyssoftpath.code.tex 2013/09/09  (rcs-revision 1.9)
\pgfsyssoftpath@smallbuffer@items=\count133
\pgfsyssoftpath@bigbuffer@items=\count134
)
(C:\Users\jpsoliv\Documents\Jo√£o\Mestrado\Latex\MikTexPortable\tex\generic\pgf
\systemlayer\pgfsysprotocol.code.tex
File: pgfsysprotocol.code.tex 2006/10/16  (rcs-revision 1.4)
))
(C:\Users\jpsoliv\Documents\Jo√£o\Mestrado\Latex\MikTexPortable\tex\generic\pgf
\basiclayer\pgfcore.code.tex
Package: pgfcore 2010/04/11 v3.0.0 (rcs-revision 1.7)

(C:\Users\jpsoliv\Documents\Jo√£o\Mestrado\Latex\MikTexPortable\tex\generic\pgf
\math\pgfmath.code.tex
(C:\Users\jpsoliv\Documents\Jo√£o\Mestrado\Latex\MikTexPortable\tex\generic\pgf
\math\pgfmathcalc.code.tex
(C:\Users\jpsoliv\Documents\Jo√£o\Mestrado\Latex\MikTexPortable\tex\generic\pgf
\math\pgfmathutil.code.tex)
(C:\Users\jpsoliv\Documents\Jo√£o\Mestrado\Latex\MikTexPortable\tex\generic\pgf
\math\pgfmathparser.code.tex
\pgfmath@dimen=\dimen162
\pgfmath@count=\count135
\pgfmath@box=\box36
\pgfmath@toks=\toks39
\pgfmath@stack@operand=\toks40
\pgfmath@stack@operation=\toks41
)
(C:\Users\jpsoliv\Documents\Jo√£o\Mestrado\Latex\MikTexPortable\tex\generic\pgf
\math\pgfmathfunctions.code.tex
(C:\Users\jpsoliv\Documents\Jo√£o\Mestrado\Latex\MikTexPortable\tex\generic\pgf
\math\pgfmathfunctions.basic.code.tex)
(C:\Users\jpsoliv\Documents\Jo√£o\Mestrado\Latex\MikTexPortable\tex\generic\pgf
\math\pgfmathfunctions.trigonometric.code.tex)
(C:\Users\jpsoliv\Documents\Jo√£o\Mestrado\Latex\MikTexPortable\tex\generic\pgf
\math\pgfmathfunctions.random.code.tex)
(C:\Users\jpsoliv\Documents\Jo√£o\Mestrado\Latex\MikTexPortable\tex\generic\pgf
\math\pgfmathfunctions.comparison.code.tex)
(C:\Users\jpsoliv\Documents\Jo√£o\Mestrado\Latex\MikTexPortable\tex\generic\pgf
\math\pgfmathfunctions.base.code.tex)
(C:\Users\jpsoliv\Documents\Jo√£o\Mestrado\Latex\MikTexPortable\tex\generic\pgf
\math\pgfmathfunctions.round.code.tex)
(C:\Users\jpsoliv\Documents\Jo√£o\Mestrado\Latex\MikTexPortable\tex\generic\pgf
\math\pgfmathfunctions.misc.code.tex)
(C:\Users\jpsoliv\Documents\Jo√£o\Mestrado\Latex\MikTexPortable\tex\generic\pgf
\math\pgfmathfunctions.integerarithmetics.code.tex)))
(C:\Users\jpsoliv\Documents\Jo√£o\Mestrado\Latex\MikTexPortable\tex\generic\pgf
\math\pgfmathfloat.code.tex
\c@pgfmathroundto@lastzeros=\count136
))
(C:\Users\jpsoliv\Documents\Jo√£o\Mestrado\Latex\MikTexPortable\tex\generic\pgf
\basiclayer\pgfcorepoints.code.tex
File: pgfcorepoints.code.tex 2013/10/07  (rcs-revision 1.27)
\pgf@picminx=\dimen163
\pgf@picmaxx=\dimen164
\pgf@picminy=\dimen165
\pgf@picmaxy=\dimen166
\pgf@pathminx=\dimen167
\pgf@pathmaxx=\dimen168
\pgf@pathminy=\dimen169
\pgf@pathmaxy=\dimen170
\pgf@xx=\dimen171
\pgf@xy=\dimen172
\pgf@yx=\dimen173
\pgf@yy=\dimen174
\pgf@zx=\dimen175
\pgf@zy=\dimen176
)
(C:\Users\jpsoliv\Documents\Jo√£o\Mestrado\Latex\MikTexPortable\tex\generic\pgf
\basiclayer\pgfcorepathconstruct.code.tex
File: pgfcorepathconstruct.code.tex 2013/10/07  (rcs-revision 1.29)
\pgf@path@lastx=\dimen177
\pgf@path@lasty=\dimen178
)
(C:\Users\jpsoliv\Documents\Jo√£o\Mestrado\Latex\MikTexPortable\tex\generic\pgf
\basiclayer\pgfcorepathusage.code.tex
File: pgfcorepathusage.code.tex 2013/12/13  (rcs-revision 1.23)
\pgf@shorten@end@additional=\dimen179
\pgf@shorten@start@additional=\dimen180
)
(C:\Users\jpsoliv\Documents\Jo√£o\Mestrado\Latex\MikTexPortable\tex\generic\pgf
\basiclayer\pgfcorescopes.code.tex
File: pgfcorescopes.code.tex 2013/10/09  (rcs-revision 1.44)
\pgfpic=\box37
\pgf@hbox=\box38
\pgf@layerbox@main=\box39
\pgf@picture@serial@count=\count137
)
(C:\Users\jpsoliv\Documents\Jo√£o\Mestrado\Latex\MikTexPortable\tex\generic\pgf
\basiclayer\pgfcoregraphicstate.code.tex
File: pgfcoregraphicstate.code.tex 2013/09/19  (rcs-revision 1.11)
\pgflinewidth=\dimen181
)
(C:\Users\jpsoliv\Documents\Jo√£o\Mestrado\Latex\MikTexPortable\tex\generic\pgf
\basiclayer\pgfcoretransformations.code.tex
File: pgfcoretransformations.code.tex 2013/10/10  (rcs-revision 1.17)
\pgf@pt@x=\dimen182
\pgf@pt@y=\dimen183
\pgf@pt@temp=\dimen184
)
(C:\Users\jpsoliv\Documents\Jo√£o\Mestrado\Latex\MikTexPortable\tex\generic\pgf
\basiclayer\pgfcorequick.code.tex
File: pgfcorequick.code.tex 2008/10/09  (rcs-revision 1.3)
)
(C:\Users\jpsoliv\Documents\Jo√£o\Mestrado\Latex\MikTexPortable\tex\generic\pgf
\basiclayer\pgfcoreobjects.code.tex
File: pgfcoreobjects.code.tex 2006/10/11  (rcs-revision 1.2)
)
(C:\Users\jpsoliv\Documents\Jo√£o\Mestrado\Latex\MikTexPortable\tex\generic\pgf
\basiclayer\pgfcorepathprocessing.code.tex
File: pgfcorepathprocessing.code.tex 2013/09/09  (rcs-revision 1.9)
)
(C:\Users\jpsoliv\Documents\Jo√£o\Mestrado\Latex\MikTexPortable\tex\generic\pgf
\basiclayer\pgfcorearrows.code.tex
File: pgfcorearrows.code.tex 2013/11/07  (rcs-revision 1.40)
\pgfarrowsep=\dimen185
)
(C:\Users\jpsoliv\Documents\Jo√£o\Mestrado\Latex\MikTexPortable\tex\generic\pgf
\basiclayer\pgfcoreshade.code.tex
File: pgfcoreshade.code.tex 2013/07/15  (rcs-revision 1.15)
\pgf@max=\dimen186
\pgf@sys@shading@range@num=\count138
)
(C:\Users\jpsoliv\Documents\Jo√£o\Mestrado\Latex\MikTexPortable\tex\generic\pgf
\basiclayer\pgfcoreimage.code.tex
File: pgfcoreimage.code.tex 2013/07/15  (rcs-revision 1.18)

(C:\Users\jpsoliv\Documents\Jo√£o\Mestrado\Latex\MikTexPortable\tex\generic\pgf
\basiclayer\pgfcoreexternal.code.tex
File: pgfcoreexternal.code.tex 2013/07/15  (rcs-revision 1.20)
\pgfexternal@startupbox=\box40
))
(C:\Users\jpsoliv\Documents\Jo√£o\Mestrado\Latex\MikTexPortable\tex\generic\pgf
\basiclayer\pgfcorelayers.code.tex
File: pgfcorelayers.code.tex 2013/07/18  (rcs-revision 1.7)
)
(C:\Users\jpsoliv\Documents\Jo√£o\Mestrado\Latex\MikTexPortable\tex\generic\pgf
\basiclayer\pgfcoretransparency.code.tex
File: pgfcoretransparency.code.tex 2013/09/30  (rcs-revision 1.5)
)
(C:\Users\jpsoliv\Documents\Jo√£o\Mestrado\Latex\MikTexPortable\tex\generic\pgf
\basiclayer\pgfcorepatterns.code.tex
File: pgfcorepatterns.code.tex 2013/11/07  (rcs-revision 1.5)
)))
(C:\Users\jpsoliv\Documents\Jo√£o\Mestrado\Latex\MikTexPortable\tex\generic\pgf
\modules\pgfmoduleshapes.code.tex
File: pgfmoduleshapes.code.tex 2013/10/31  (rcs-revision 1.34)
\pgfnodeparttextbox=\box41
)
(C:\Users\jpsoliv\Documents\Jo√£o\Mestrado\Latex\MikTexPortable\tex\generic\pgf
\modules\pgfmoduleplot.code.tex
File: pgfmoduleplot.code.tex 2013/07/31  (rcs-revision 1.12)
)
(C:\Users\jpsoliv\Documents\Jo√£o\Mestrado\Latex\MikTexPortable\tex\latex\pgf\c
ompatibility\pgfcomp-version-0-65.sty
Package: pgfcomp-version-0-65 2007/07/03 v3.0.0 (rcs-revision 1.7)
\pgf@nodesepstart=\dimen187
\pgf@nodesepend=\dimen188
)
(C:\Users\jpsoliv\Documents\Jo√£o\Mestrado\Latex\MikTexPortable\tex\latex\pgf\c
ompatibility\pgfcomp-version-1-18.sty
Package: pgfcomp-version-1-18 2007/07/23 v3.0.0 (rcs-revision 1.1)
))
(C:\Users\jpsoliv\Documents\Jo√£o\Mestrado\Latex\MikTexPortable\tex\latex\pgf\u
tilities\pgffor.sty
(C:\Users\jpsoliv\Documents\Jo√£o\Mestrado\Latex\MikTexPortable\tex\latex\pgf\u
tilities\pgfkeys.sty
(C:\Users\jpsoliv\Documents\Jo√£o\Mestrado\Latex\MikTexPortable\tex\generic\pgf
\utilities\pgfkeys.code.tex))
(C:\Users\jpsoliv\Documents\Jo√£o\Mestrado\Latex\MikTexPortable\tex\latex\pgf\m
ath\pgfmath.sty
(C:\Users\jpsoliv\Documents\Jo√£o\Mestrado\Latex\MikTexPortable\tex\generic\pgf
\math\pgfmath.code.tex))
(C:\Users\jpsoliv\Documents\Jo√£o\Mestrado\Latex\MikTexPortable\tex\generic\pgf
\utilities\pgffor.code.tex
Package: pgffor 2013/12/13 v3.0.0 (rcs-revision 1.25)

(C:\Users\jpsoliv\Documents\Jo√£o\Mestrado\Latex\MikTexPortable\tex\generic\pgf
\math\pgfmath.code.tex)
\pgffor@iter=\dimen189
\pgffor@skip=\dimen190
\pgffor@stack=\toks42
\pgffor@toks=\toks43
))
(C:\Users\jpsoliv\Documents\Jo√£o\Mestrado\Latex\MikTexPortable\tex\generic\pgf
\frontendlayer\tikz\tikz.code.tex
Package: tikz 2013/12/13 v3.0.0 (rcs-revision 1.142)

(C:\Users\jpsoliv\Documents\Jo√£o\Mestrado\Latex\MikTexPortable\tex\generic\pgf
\libraries\pgflibraryplothandlers.code.tex
File: pgflibraryplothandlers.code.tex 2013/08/31 v3.0.0 (rcs-revision 1.20)
\pgf@plot@mark@count=\count139
\pgfplotmarksize=\dimen191
)
\tikz@lastx=\dimen192
\tikz@lasty=\dimen193
\tikz@lastxsaved=\dimen194
\tikz@lastysaved=\dimen195
\tikzleveldistance=\dimen196
\tikzsiblingdistance=\dimen197
\tikz@figbox=\box42
\tikz@figbox@bg=\box43
\tikz@tempbox=\box44
\tikz@tempbox@bg=\box45
\tikztreelevel=\count140
\tikznumberofchildren=\count141
\tikznumberofcurrentchild=\count142
\tikz@fig@count=\count143

(C:\Users\jpsoliv\Documents\Jo√£o\Mestrado\Latex\MikTexPortable\tex\generic\pgf
\modules\pgfmodulematrix.code.tex
File: pgfmodulematrix.code.tex 2013/09/17  (rcs-revision 1.8)
\pgfmatrixcurrentrow=\count144
\pgfmatrixcurrentcolumn=\count145
\pgf@matrix@numberofcolumns=\count146
)
\tikz@expandcount=\count147

(C:\Users\jpsoliv\Documents\Jo√£o\Mestrado\Latex\MikTexPortable\tex\generic\pgf
\frontendlayer\tikz\libraries\tikzlibrarytopaths.code.tex
File: tikzlibrarytopaths.code.tex 2008/06/17 v3.0.0 (rcs-revision 1.2)
)))
(C:\Users\jpsoliv\Documents\Jo√£o\Mestrado\Latex\MikTexPortable\tex\generic\pgf
\frontendlayer\tikz\libraries\tikzlibrarypositioning.code.tex
File: tikzlibrarypositioning.code.tex 2008/10/06 v3.0.0 (rcs-revision 1.7)
)
\c@@todonotes@numberoftodonotes=\count148
)
(C:\Users\jpsoliv\Documents\Jo√£o\Mestrado\Latex\MikTexPortable\tex\latex\oberd
iek\epstopdf.sty
Package: epstopdf 2010/02/09 v2.5 Conversion with epstopdf on the fly (HO)

(C:\Users\jpsoliv\Documents\Jo√£o\Mestrado\Latex\MikTexPortable\tex\latex\oberd
iek\epstopdf-base.sty
Package: epstopdf-base 2010/02/09 v2.5 Base part for package epstopdf

(C:\Users\jpsoliv\Documents\Jo√£o\Mestrado\Latex\MikTexPortable\tex\latex\oberd
iek\grfext.sty
Package: grfext 2010/08/19 v1.1 Manage graphics extensions (HO)
)
Package grfext Info: Graphics extension search list:
(grfext)             [.png,.pdf,.jpg,.mps,.jpeg,.jbig2,.jb2,.PNG,.PDF,.JPG,.JPE
G,.JBIG2,.JB2,.eps]
(grfext)             \AppendGraphicsExtensions on input line 452.
))
(C:\Users\jpsoliv\Documents\Jo√£o\Mestrado\Latex\MikTexPortable\tex\latex\lipsu
m\lipsum.sty
Package: lipsum 2014/07/27 v1.3 150 paragraphs of Lorem Ipsum dummy text
\c@lips@count=\count149
)
(C:\Users\jpsoliv\Documents\Jo√£o\Mestrado\Latex\MikTexPortable\tex\latex\enumi
tem\enumitem.sty
Package: enumitem 2011/09/28 v3.5.2 Customized lists
\labelindent=\skip68
\enit@outerparindent=\dimen198
\enit@toks=\toks44
\enit@inbox=\box46
\enitdp@description=\count150
)
(C:\Users\jpsoliv\Documents\Jo√£o\Mestrado\Latex\MikTexPortable\tex\latex\capti
on\subcaption.sty
Package: subcaption 2013/02/03 v1.1-62 Sub-captions (AR)
\c@subfigure=\count151
\c@subtable=\count152
)
(C:\Users\jpsoliv\Documents\Jo√£o\Mestrado\Latex\MikTexPortable\tex\latex\l3pac
kages\xfrac\xfrac.sty
(C:\Users\jpsoliv\Documents\Jo√£o\Mestrado\Latex\MikTexPortable\tex\latex\l3ker
nel\expl3.sty
Package: expl3 2016/05/18 v6512 L3 programming layer (loader) 

(C:\Users\jpsoliv\Documents\Jo√£o\Mestrado\Latex\MikTexPortable\tex\latex\l3ker
nel\expl3-code.tex
Package: expl3 2016/05/18 v6512 L3 programming layer (code)
L3 Module: l3bootstrap 2016/02/12 v6412 L3 Bootstrap code

(C:\Users\jpsoliv\Documents\Jo√£o\Mestrado\Latex\MikTexPortable\tex\latex\misc\
etex.sty
Package: etex 1998/03/26 v2.0 eTeX basic definition package (PEB)
\et@xins=\count153
)
L3 Module: l3names 2016/03/11 v6433 L3 Namespace for primitives
L3 Module: l3basics 2015/11/22 v6315 L3 Basic definitions
L3 Module: l3expan 2015/09/10 v5983 L3 Argument expansion
L3 Module: l3tl 2016/03/26 v6465 L3 Token lists
L3 Module: l3str 2016/03/24 v6441 L3 Strings
L3 Module: l3seq 2015/08/05 v5777 L3 Sequences and stacks
L3 Module: l3int 2016/03/24 v6441 L3 Integers
\c_max_int=\count154
\l_tmpa_int=\count155
\l_tmpb_int=\count156
\g_tmpa_int=\count157
\g_tmpb_int=\count158
L3 Module: l3quark 2015/08/17 v5855 L3 Quarks
L3 Module: l3prg 2015/11/01 v6216 L3 Control structures
\g__prg_map_int=\count159
L3 Module: l3clist 2015/09/02 v5901 L3 Comma separated lists
L3 Module: l3token 2016/04/03 v6470 L3 Experimental token manipulation
L3 Module: l3prop 2016/01/05 v6366 L3 Property lists
L3 Module: l3msg 2016/03/26 v6464 L3 Messages
L3 Module: l3file 2016/03/25 v6458 L3 File and I/O operations
\l_iow_line_count_int=\count160
\l__iow_target_count_int=\count161
\l__iow_current_line_int=\count162
\l__iow_current_word_int=\count163
\l__iow_current_indentation_int=\count164
L3 Module: l3skip 2016/01/05 v6366 L3 Dimensions and skips
\c_zero_dim=\dimen199
\c_max_dim=\dimen200
\l_tmpa_dim=\dimen201
Normal \dimen register pool exhausted, switching to extended pool.
\l_tmpb_dim=\dimen256
\g_tmpa_dim=\dimen257
\g_tmpb_dim=\dimen258
\c_zero_skip=\skip69
\c_max_skip=\skip70
\l_tmpa_skip=\skip71
\l_tmpb_skip=\skip72
\g_tmpa_skip=\skip73
\g_tmpb_skip=\skip74
\c_zero_muskip=\muskip12
\c_max_muskip=\muskip13
\l_tmpa_muskip=\muskip14
\l_tmpb_muskip=\muskip15
\g_tmpa_muskip=\muskip16
\g_tmpb_muskip=\muskip17
L3 Module: l3keys 2015/11/17 v6284 L3 Key-value interfaces
\g__keyval_level_int=\count165
\l_keys_choice_int=\count166
L3 Module: l3fp 2016/03/26 v6465 L3 Floating points
\c__fp_leading_shift_int=\count167
\c__fp_middle_shift_int=\count168
\c__fp_trailing_shift_int=\count169
\c__fp_big_leading_shift_int=\count170
\c__fp_big_middle_shift_int=\count171
\c__fp_big_trailing_shift_int=\count172
\c__fp_Bigg_leading_shift_int=\count173
\c__fp_Bigg_middle_shift_int=\count174
\c__fp_Bigg_trailing_shift_int=\count175
L3 Module: l3box 2015/08/09 v5822 L3 Experimental boxes
\c_empty_box=\box47
\l_tmpa_box=\box48
\l_tmpb_box=\box49
\g_tmpa_box=\box50
\g_tmpb_box=\box51
L3 Module: l3coffins 2016/05/17 v6508 L3 Coffin code layer
\l__coffin_internal_box=\box52
\l__coffin_internal_dim=\dimen259
\l__coffin_offset_x_dim=\dimen260
\l__coffin_offset_y_dim=\dimen261
\l__coffin_x_dim=\dimen262
\l__coffin_y_dim=\dimen263
\l__coffin_x_prime_dim=\dimen264
\l__coffin_y_prime_dim=\dimen265
\c_empty_coffin=\box53
\l__coffin_aligned_coffin=\box54
\l__coffin_aligned_internal_coffin=\box55
\l_tmpa_coffin=\box56
\l_tmpb_coffin=\box57
\l__coffin_display_coffin=\box58
\l__coffin_display_coord_coffin=\box59
\l__coffin_display_pole_coffin=\box60
\l__coffin_display_offset_dim=\dimen266
\l__coffin_display_x_dim=\dimen267
\l__coffin_display_y_dim=\dimen268
L3 Module: l3color 2014/08/23 v5354 L3 Experimental color support
L3 Module: l3sys 2015/09/25 v6087 L3 Experimental system/runtime functions
L3 Module: l3candidates 2016/05/13 v6484 L3 Experimental additions to l3kernel
\l__box_top_dim=\dimen269
\l__box_bottom_dim=\dimen270
\l__box_left_dim=\dimen271
\l__box_right_dim=\dimen272
\l__box_top_new_dim=\dimen273
\l__box_bottom_new_dim=\dimen274
\l__box_left_new_dim=\dimen275
\l__box_right_new_dim=\dimen276
\l__box_internal_box=\box61
\l__coffin_bounding_shift_dim=\dimen277
\l__coffin_left_corner_dim=\dimen278
\l__coffin_right_corner_dim=\dimen279
\l__coffin_bottom_corner_dim=\dimen280
\l__coffin_top_corner_dim=\dimen281
\l__coffin_scaled_total_height_dim=\dimen282
\l__coffin_scaled_width_dim=\dimen283
L3 Module: l3luatex 2016/03/26 v6465 L3 Experimental LuaTeX-specific functions
)
(C:\Users\jpsoliv\Documents\Jo√£o\Mestrado\Latex\MikTexPortable\tex\latex\l3ker
nel\l3pdfmode.def
File: l3pdfmode.def 2016/03/26 v6465 L3 Experimental driver: PDF mode
\l__driver_color_stack_int=\count176
\l__driver_tmp_box=\box62
))
(C:\Users\jpsoliv\Documents\Jo√£o\Mestrado\Latex\MikTexPortable\tex\latex\l3pac
kages\l3keys2e\l3keys2e.sty
Package: l3keys2e 2016/05/18 v6512 LaTeX2e option processing using LaTeX3 keys
)
(C:\Users\jpsoliv\Documents\Jo√£o\Mestrado\Latex\MikTexPortable\tex\latex\base\
textcomp.sty
Package: textcomp 2005/09/27 v1.99g Standard LaTeX package
Package textcomp Info: Sub-encoding information:
(textcomp)               5 = only ISO-Adobe without \textcurrency
(textcomp)               4 = 5 + \texteuro
(textcomp)               3 = 4 + \textohm
(textcomp)               2 = 3 + \textestimated + \textcurrency
(textcomp)               1 = TS1 - \textcircled - \t
(textcomp)               0 = TS1 (full)
(textcomp)             Font families with sub-encoding setting implement
(textcomp)             only a restricted character set as indicated.
(textcomp)             Family '?' is the default used for unknown fonts.
(textcomp)             See the documentation for details.
Package textcomp Info: Setting ? sub-encoding to TS1/1 on input line 71.

(C:\Users\jpsoliv\Documents\Jo√£o\Mestrado\Latex\MikTexPortable\tex\latex\base\
ts1enc.def
File: ts1enc.def 2001/06/05 v3.0e (jk/car/fm) Standard LaTeX file
)
LaTeX Info: Redefining \oldstylenums on input line 266.
Package textcomp Info: Setting cmr sub-encoding to TS1/0 on input line 281.
Package textcomp Info: Setting cmss sub-encoding to TS1/0 on input line 282.
Package textcomp Info: Setting cmtt sub-encoding to TS1/0 on input line 283.
Package textcomp Info: Setting cmvtt sub-encoding to TS1/0 on input line 284.
Package textcomp Info: Setting cmbr sub-encoding to TS1/0 on input line 285.
Package textcomp Info: Setting cmtl sub-encoding to TS1/0 on input line 286.
Package textcomp Info: Setting ccr sub-encoding to TS1/0 on input line 287.
Package textcomp Info: Setting ptm sub-encoding to TS1/4 on input line 288.
Package textcomp Info: Setting pcr sub-encoding to TS1/4 on input line 289.
Package textcomp Info: Setting phv sub-encoding to TS1/4 on input line 290.
Package textcomp Info: Setting ppl sub-encoding to TS1/3 on input line 291.
Package textcomp Info: Setting pag sub-encoding to TS1/4 on input line 292.
Package textcomp Info: Setting pbk sub-encoding to TS1/4 on input line 293.
Package textcomp Info: Setting pnc sub-encoding to TS1/4 on input line 294.
Package textcomp Info: Setting pzc sub-encoding to TS1/4 on input line 295.
Package textcomp Info: Setting bch sub-encoding to TS1/4 on input line 296.
Package textcomp Info: Setting put sub-encoding to TS1/5 on input line 297.
Package textcomp Info: Setting uag sub-encoding to TS1/5 on input line 298.
Package textcomp Info: Setting ugq sub-encoding to TS1/5 on input line 299.
Package textcomp Info: Setting ul8 sub-encoding to TS1/4 on input line 300.
Package textcomp Info: Setting ul9 sub-encoding to TS1/4 on input line 301.
Package textcomp Info: Setting augie sub-encoding to TS1/5 on input line 302.
Package textcomp Info: Setting dayrom sub-encoding to TS1/3 on input line 303.
Package textcomp Info: Setting dayroms sub-encoding to TS1/3 on input line 304.

Package textcomp Info: Setting pxr sub-encoding to TS1/0 on input line 305.
Package textcomp Info: Setting pxss sub-encoding to TS1/0 on input line 306.
Package textcomp Info: Setting pxtt sub-encoding to TS1/0 on input line 307.
Package textcomp Info: Setting txr sub-encoding to TS1/0 on input line 308.
Package textcomp Info: Setting txss sub-encoding to TS1/0 on input line 309.
Package textcomp Info: Setting txtt sub-encoding to TS1/0 on input line 310.
Package textcomp Info: Setting lmr sub-encoding to TS1/0 on input line 311.
Package textcomp Info: Setting lmdh sub-encoding to TS1/0 on input line 312.
Package textcomp Info: Setting lmss sub-encoding to TS1/0 on input line 313.
Package textcomp Info: Setting lmssq sub-encoding to TS1/0 on input line 314.
Package textcomp Info: Setting lmvtt sub-encoding to TS1/0 on input line 315.
Package textcomp Info: Setting qhv sub-encoding to TS1/0 on input line 316.
Package textcomp Info: Setting qag sub-encoding to TS1/0 on input line 317.
Package textcomp Info: Setting qbk sub-encoding to TS1/0 on input line 318.
Package textcomp Info: Setting qcr sub-encoding to TS1/0 on input line 319.
Package textcomp Info: Setting qcs sub-encoding to TS1/0 on input line 320.
Package textcomp Info: Setting qpl sub-encoding to TS1/0 on input line 321.
Package textcomp Info: Setting qtm sub-encoding to TS1/0 on input line 322.
Package textcomp Info: Setting qzc sub-encoding to TS1/0 on input line 323.
Package textcomp Info: Setting qhvc sub-encoding to TS1/0 on input line 324.
Package textcomp Info: Setting futs sub-encoding to TS1/4 on input line 325.
Package textcomp Info: Setting futx sub-encoding to TS1/4 on input line 326.
Package textcomp Info: Setting futj sub-encoding to TS1/4 on input line 327.
Package textcomp Info: Setting hlh sub-encoding to TS1/3 on input line 328.
Package textcomp Info: Setting hls sub-encoding to TS1/3 on input line 329.
Package textcomp Info: Setting hlst sub-encoding to TS1/3 on input line 330.
Package textcomp Info: Setting hlct sub-encoding to TS1/5 on input line 331.
Package textcomp Info: Setting hlx sub-encoding to TS1/5 on input line 332.
Package textcomp Info: Setting hlce sub-encoding to TS1/5 on input line 333.
Package textcomp Info: Setting hlcn sub-encoding to TS1/5 on input line 334.
Package textcomp Info: Setting hlcw sub-encoding to TS1/5 on input line 335.
Package textcomp Info: Setting hlcf sub-encoding to TS1/5 on input line 336.
Package textcomp Info: Setting pplx sub-encoding to TS1/3 on input line 337.
Package textcomp Info: Setting pplj sub-encoding to TS1/3 on input line 338.
Package textcomp Info: Setting ptmx sub-encoding to TS1/4 on input line 339.
Package textcomp Info: Setting ptmj sub-encoding to TS1/4 on input line 340.
)
(C:\Users\jpsoliv\Documents\Jo√£o\Mestrado\Latex\MikTexPortable\tex\latex\l3pac
kages\xparse\xparse.sty
Package: xparse 2016/05/18 v6512 L3 Experimental document command parser
\l__xparse_current_arg_int=\count177
\l__xparse_m_args_int=\count178
\l__xparse_mandatory_args_int=\count179
\l__xparse_processor_int=\count180
\l__xparse_v_nesting_int=\count181
)
(C:\Users\jpsoliv\Documents\Jo√£o\Mestrado\Latex\MikTexPortable\tex\latex\l3pac
kages\xtemplate\xtemplate.sty
Package: xtemplate 2016/05/18 v6512 L3 Experimental prototype document function
s
\l__xtemplate_tmp_dim=\dimen284
\l__xtemplate_tmp_int=\count182
\l__xtemplate_tmp_muskip=\muskip18
\l__xtemplate_tmp_skip=\skip75
)
Package: xfrac 2016/05/18 v6512 L3 Experimental split-level fractions
\l__xfrac_slash_box=\box63
\l__xfrac_tmp_box=\box64
\l__xfrac_denominator_bot_sep_dim=\dimen285
\l__xfrac_numerator_bot_sep_dim=\dimen286
\l__xfrac_numerator_top_sep_dim=\dimen287
\l__xfrac_slash_left_sep_dim=\dimen288
\l__xfrac_slash_right_sep_dim=\dimen289
\l__xfrac_slash_left_muskip=\muskip19
\l__xfrac_slash_right_muskip=\muskip20
.................................................
. xtemplate info: "declare-object-type"
. 
. Declaring object type 'xfrac' taking 3 argument(s) on line 111.
.................................................
.................................................
. LaTeX info: "xparse/define-command"
. 
. Defining command \sfrac with sig. 'omom' on line 451.
.................................................
)
(C:\Users\jpsoliv\Documents\Jo√£o\Mestrado\Latex\MikTexPortable\tex\latex\chngc
ntr\chngcntr.sty
Package: chngcntr 2009/09/02 v1.0a change counter resetting
)
(C:\Users\jpsoliv\Documents\Jo√£o\Mestrado\Latex\MikTexPortable\tex\latex\newun
icodechar\newunicodechar.sty
Package: newunicodechar 2012/11/12 v1.1 Defining Unicode characters


Package newunicodechar Warning: This package won't work without loading
(newunicodechar)                `inputenc' or `inputenx' with the `utf8' option
.

)
(C:\Users\jpsoliv\Documents\Jo√£o\Mestrado\Latex\MikTexPortable\tex\latex\siuni
tx\siunitx.sty
Package: siunitx 2016/09/02 v2.6s A comprehensive (SI) units package
\l__siunitx_tmp_box=\box65
\l__siunitx_tmp_dim=\dimen290
\l__siunitx_tmp_int=\count183
\l__siunitx_number_mantissa_length_int=\count184
\l__siunitx_number_uncert_length_int=\count185
\l__siunitx_round_int=\count186
\l__siunitx_process_decimal_int=\count187
\l__siunitx_process_uncertainty_int=\count188
\l__siunitx_process_fixed_int=\count189
\l__siunitx_process_integer_min_int=\count190
\l__siunitx_process_precision_int=\count191
\l__siunitx_group_min_int=\count192
\l__siunitx_angle_marker_box=\box66
\l__siunitx_angle_unit_box=\box67
\l__siunitx_angle_marker_dim=\dimen291
\l__siunitx_angle_unit_dim=\dimen292
\l__siunitx_unit_int=\count193
\l__siunitx_unit_denominator_int=\count194
\l__siunitx_unit_numerator_int=\count195
\l__siunitx_unit_prefix_int=\count196
\l__siunitx_unit_prefix_base_int=\count197
\l__siunitx_unit_prefix_gram_int=\count198
\l__siunitx_number_product_int=\count199
\c__siunitx_one_fill_skip=\skip76
\l__siunitx_table_unit_align_skip=\skip77
\l__siunitx_table_exponent_dim=\dimen293
\l__siunitx_table_integer_dim=\dimen294
\l__siunitx_table_mantissa_dim=\dimen295
\l__siunitx_table_marker_dim=\dimen296
\l__siunitx_table_result_dim=\dimen297
\l__siunitx_table_uncert_dim=\dimen298
\l__siunitx_table_fill_pre_dim=\dimen299
\l__siunitx_table_fill_post_dim=\dimen300
\l__siunitx_table_fill_mid_dim=\dimen301
\l__siunitx_table_pre_box=\box68
\l__siunitx_table_post_box=\box69
\l__siunitx_table_mantissa_box=\box70
\l__siunitx_table_result_box=\box71
\l__siunitx_table_number_align_skip=\skip78
\l__siunitx_table_text_align_skip=\skip79
.................................................
. LaTeX info: "xparse/define-command"
. 
. Defining command \DeclareBinaryPrefix with sig. 'mmm' on line 7237.
.................................................
.................................................
. LaTeX info: "xparse/define-command"
. 
. Defining command \DeclareSIPostPower with sig. 'mm' on line 7240.
.................................................
.................................................
. LaTeX info: "xparse/define-command"
. 
. Defining command \DeclareSIPrefix with sig. 'mmm' on line 7243.
.................................................
.................................................
. LaTeX info: "xparse/define-command"
. 
. Defining command \DeclareSIPrePower with sig. 'mm' on line 7246.
.................................................
.................................................
. LaTeX info: "xparse/define-command"
. 
. Defining command \DeclareSIQualifier with sig. 'mm' on line 7249.
.................................................
.................................................
. LaTeX info: "xparse/define-command"
. 
. Defining command \DeclareSIUnit with sig. 'O{}mm' on line 7252.
.................................................
.................................................
. LaTeX info: "xparse/define-command"
. 
. Defining command \DeclareSIUnitWithOptions with sig. 'mmm' on line 7255.
.................................................
.................................................
. LaTeX info: "xparse/define-command"
. 
. Defining command \ang with sig. 'o>{\SplitArgument {2}{;}}m' on line 7270.
.................................................
.................................................
. LaTeX info: "xparse/define-command"
. 
. Defining command \num with sig. 'om' on line 7279.
.................................................
.................................................
. LaTeX info: "xparse/define-command"
. 
. Defining command \numlist with sig. 'o>{\SplitList {;}}m' on line 7288.
.................................................
.................................................
. LaTeX info: "xparse/define-command"
. 
. Defining command \numrange with sig. 'omm' on line 7297.
.................................................
.................................................
. LaTeX info: "xparse/define-command"
. 
. Defining command \SIlist with sig. 'o>{\SplitList {;}}mm' on line 7309.
.................................................
.................................................
. LaTeX info: "xparse/define-command"
. 
. Defining command \SIrange with sig. 'ommm' on line 7321.
.................................................
.................................................
. LaTeX info: "xparse/define-command"
. 
. Defining command \SI with sig. 'omom' on line 7333.
.................................................
.................................................
. LaTeX info: "xparse/define-command"
. 
. Defining command \sisetup with sig. 'm' on line 7336.
.................................................
.................................................
. LaTeX info: "xparse/define-command"
. 
. Defining command \tablenum with sig. 'om' on line 7351.
.................................................
.................................................
. LaTeX info: "xparse/define-command"
. 
. Defining command \si with sig. 'om' on line 7363.
.................................................
.................................................
. LaTeX info: "xparse/define-command"
. 
. Defining command \__siunitx_bookmark_num:w with sig. 'om' on line 7410.
.................................................
.................................................
. LaTeX info: "xparse/define-command"
. 
. Defining command \__siunitx_bookmark_numrange:w with sig. 'omm' on line
. 7412.
.................................................
.................................................
. LaTeX info: "xparse/define-command"
. 
. Defining command \__siunitx_bookmark_SI:w with sig. 'omom' on line 7414.
.................................................
.................................................
. LaTeX info: "xparse/define-command"
. 
. Defining command \__siunitx_bookmark_SIlist:w with sig. 'omm' on line 7416.
.................................................
.................................................
. LaTeX info: "xparse/define-command"
. 
. Defining command \__siunitx_bookmark_SIrange:w with sig. 'ommm' on line
. 7418.
.................................................
.................................................
. LaTeX info: "xparse/define-command"
. 
. Defining command \__siunitx_bookmark_si:w with sig. 'om' on line 7419.
.................................................
\g__file_internal_ior=\read2

(C:\Users\jpsoliv\Documents\Jo√£o\Mestrado\Latex\MikTexPortable\tex\latex\beame
r\base\translator\translator.sty
Package: translator 2010/06/12 ver 1.10

(C:\Users\jpsoliv\Documents\Jo√£o\Mestrado\Latex\MikTexPortable\tex\latex\beame
r\base\translator\translator-language-mappings.tex)))
\@glossaryfile=\write5

Writing glossary file Dissertacao.glo 

(C:\Users\jpsoliv\Documents\Jo√£o\Mestrado\MestradoJPSO.git_certo\trunk\Texto\D
issertacao.aux

LaTeX Warning: Label `fig:controle_Cap.png' multiply defined.

)
LaTeX Font Info:    Checking defaults for OML/cmm/m/it on input line 110.
LaTeX Font Info:    ... okay on input line 110.
LaTeX Font Info:    Checking defaults for T1/cmr/m/n on input line 110.
LaTeX Font Info:    ... okay on input line 110.
LaTeX Font Info:    Checking defaults for OT1/cmr/m/n on input line 110.
LaTeX Font Info:    ... okay on input line 110.
LaTeX Font Info:    Checking defaults for OMS/cmsy/m/n on input line 110.
LaTeX Font Info:    ... okay on input line 110.
LaTeX Font Info:    Checking defaults for OMX/cmex/m/n on input line 110.
LaTeX Font Info:    ... okay on input line 110.
LaTeX Font Info:    Checking defaults for U/cmr/m/n on input line 110.
LaTeX Font Info:    ... okay on input line 110.
LaTeX Font Info:    Checking defaults for PD1/pdf/m/n on input line 110.
LaTeX Font Info:    ... okay on input line 110.
LaTeX Font Info:    Checking defaults for TS1/cmr/m/n on input line 110.
LaTeX Font Info:    Try loading font information for TS1+cmr on input line 110.


(C:\Users\jpsoliv\Documents\Jo√£o\Mestrado\Latex\MikTexPortable\tex\latex\base\
ts1cmr.fd
File: ts1cmr.fd 1999/05/25 v2.5h Standard LaTeX font definitions
)
LaTeX Font Info:    ... okay on input line 110.
Package lastpage Info: Please have a look at the pageslts package at
(lastpage)             https://www.ctan.org/pkg/pageslts
(lastpage)             ! on input line 110.
Package caption Info: Begin \AtBeginDocument code.
Package caption Info: float package is loaded.
Package caption Info: hyperref package is loaded.
Package caption Info: longtable package is loaded.

(C:\Users\jpsoliv\Documents\Jo√£o\Mestrado\Latex\MikTexPortable\tex\latex\capti
on\ltcaption.sty
Package: ltcaption 2013/02/03 v1.3-62 longtable captions (AR)
)
Package caption Info: End \AtBeginDocument code.

(C:\Users\jpsoliv\Documents\Jo√£o\Mestrado\Latex\MikTexPortable\tex\context\bas
e\supp-pdf.mkii
[Loading MPS to PDF converter (version 2006.09.02).]
\scratchcounter=\count200
\scratchdimen=\dimen302
\scratchbox=\box72
\nofMPsegments=\count201
Normal \count register pool exhausted, switching to extended pool.
\nofMParguments=\count277
\everyMPshowfont=\toks45
\MPscratchCnt=\count278
\MPscratchDim=\dimen303
\MPnumerator=\count279
\makeMPintoPDFobject=\count280
\everyMPtoPDFconversion=\toks46
)
\AtBeginShipoutBox=\box73
Package hyperref Info: Link coloring OFF on input line 110.

(C:\Users\jpsoliv\Documents\Jo√£o\Mestrado\Latex\MikTexPortable\tex\latex\hyper
ref\nameref.sty
Package: nameref 2012/10/27 v2.43 Cross-referencing by name of section

(C:\Users\jpsoliv\Documents\Jo√£o\Mestrado\Latex\MikTexPortable\tex\generic\obe
rdiek\gettitlestring.sty
Package: gettitlestring 2010/12/03 v1.4 Cleanup title references (HO)
)
\c@section@level=\count281
)
LaTeX Info: Redefining \ref on input line 110.
LaTeX Info: Redefining \pageref on input line 110.
LaTeX Info: Redefining \nameref on input line 110.

(C:\Users\jpsoliv\Documents\Jo√£o\Mestrado\MestradoJPSO.git_certo\trunk\Texto\D
issertacao.out)
(C:\Users\jpsoliv\Documents\Jo√£o\Mestrado\MestradoJPSO.git_certo\trunk\Texto\D
issertacao.out)
\@outlinefile=\write6
Package hyperref Info: Anchor `Doc-Start' on input line 110.

*geometry* detected driver: pdftex
*geometry* verbose mode - [ preamble ] result:
* driver: pdftex
* paper: a4paper
* layout: <same size as paper>
* layoutoffset:(h,v)=(0.0pt,0.0pt)
* modes: 
* h-part:(L,W,R)=(85.35826pt, 455.24411pt, 56.9055pt)
* v-part:(T,H,B)=(85.35826pt, 702.78308pt, 56.9055pt)
* \paperwidth=597.50787pt
* \paperheight=845.04684pt
* \textwidth=455.24411pt
* \textheight=702.78308pt
* \oddsidemargin=13.08827pt
* \evensidemargin=13.08827pt
* \topmargin=-17.07156pt
* \headheight=15.93347pt
* \headsep=14.22636pt
* \topskip=12.0pt
* \footskip=35.24373pt
* \marginparwidth=38.0pt
* \marginparsep=7.0pt
* \columnsep=10.0pt
* \skip\footins=10.8pt plus 4.0pt minus 2.0pt
* \hoffset=0.0pt
* \voffset=0.0pt
* \mag=1000
* \@twocolumnfalse
* \@twosidefalse
* \@mparswitchfalse
* \@reversemarginfalse
* (1in=72.27pt=25.4mm, 1cm=28.453pt)

\c@butlastpage=\count282
ABD: EveryShipout initializing macros
(C:\Users\jpsoliv\Documents\Jo√£o\Mestrado\Latex\MikTexPortable\tex\latex\beame
r\base\translator\dicts\translator-basic-dictionary\translator-basic-dictionary
-English.dict
Dictionary: translator-basic-dictionary, Language: English 
)
(C:\Users\jpsoliv\Documents\Jo√£o\Mestrado\Latex\MikTexPortable\tex\latex\siuni
tx\siunitx-abbreviations.cfg
File: siunitx-abbreviations.cfg 2016/09/02 v2.6s siunitx: Abbreviated units
)
\c__siunitx_mathsf_int=\count283
LaTeX Font Info:    Try loading font information for U+msa on input line 110.

(C:\Users\jpsoliv\Documents\Jo√£o\Mestrado\Latex\MikTexPortable\tex\latex\amsfo
nts\umsa.fd
File: umsa.fd 2013/01/14 v3.01 AMS symbols A
)
LaTeX Font Info:    Try loading font information for U+msb on input line 110.

(C:\Users\jpsoliv\Documents\Jo√£o\Mestrado\Latex\MikTexPortable\tex\latex\amsfo
nts\umsb.fd
File: umsb.fd 2013/01/14 v3.01 AMS symbols B
)
\c__siunitx_mathtt_int=\count284

(C:\Users\jpsoliv\Documents\Jo√£o\Mestrado\MestradoJPSO.git_certo\trunk\Texto\C
ap4/Capitulo_4.tex
Package hyperref Info: Anchor `chapter.1' on input line 1.

Cap\'{\i }tulo 1.
pdftex: bookmark at 1: {1} {\numberline{1}Simula\c c\~ao de Filtro Ativo Shunt 
Aplicado em um Sistema El\'etrico Aeron\'autico} {chapter.1}{0}{toc}
Package hyperref Info: Anchor `section*.1' on input line 1.
Package hyperref Info: bookmark level for unknown todo defaults to 0 on input l
ine 1.
pdftex: bookmark at 1: {\thetodo } {Analisar se esse t\IeC {\'\i }tulo est\'a a
dequado} {section*.1}{0}{tdo}
Package hyperref Info: Anchor `section.1.1' on input line 5.
pdftex: bookmark at 5: {1.1} {\numberline{1.1}Caracter\IeC {\'\i }sticas de Fil
tros Ativos em Sistemas Reais} {section.1.1}{1}{toc}
Package hyperref Info: Anchor `subsection.1.1.1' on input line 7.
pdftex: bookmark at 7: {1.1.1} {\numberline{1.1.1}Inversores Est\'aticos} {subs
ection.1.1.1}{2}{toc}

Overfull \hbox (14.5869pt too wide) in paragraph at lines 9--10
[][]\T1/aer/m/n/12 Idealmente considera-se que fil-tros ati-vos s„o com-pos-tos
 por fon-tes de ten-s„o/correntes
 []

Package hyperref Info: Anchor `subsubsection.1.1.1.1' on input line 11.
pdftex: bookmark at 11: {1.1.1.1} {\numberline{1.1.1.1}Tipo de Conversores} {su
bsubsection.1.1.1.1}{3}{toc}
Package hyperref Info: Reference (cite) `cite.Akagi2007' on input line 13.
Package hyperref Info: Reference (link) `figure.caption.2' on input line 13.
Package hyperref Info: Reference (link) `figure.caption.2' on input line 13.
Package hyperref Info: Anchor `figure.caption.2' on input line 15.
<Cap4/Figuras/VSC.png, id=45, 764.8575pt x 621.82312pt>
File: Cap4/Figuras/VSC.png Graphic file (type png)

<use Cap4/Figuras/VSC.png>
Package pdftex.def Info: Cap4/Figuras/VSC.png used on input line 19.
(pdftex.def)             Requested size: 204.85846pt x 166.54715pt.

<Cap4/Figuras/CSC.png, id=47, 660.21657pt x 686.565pt>
File: Cap4/Figuras/CSC.png Graphic file (type png)

<use Cap4/Figuras/CSC.png>
Package pdftex.def Info: Cap4/Figuras/CSC.png used on input line 26.
(pdftex.def)             Requested size: 182.09486pt x 189.35596pt.

pdftex: bookmark at 30: {1} {\numberline{1}{\ignorespaces Inversores de tens\~a
o e corrente\relax }} {figure.caption.2}{0}{lof}
Package hyperref Info: Reference (link) `figure.caption.2' on input line 34.
Package hyperref Info: Reference (link) `figure.caption.2' on input line 34.
Package hyperref Info: Reference (cite) `cite.Haberberger2004' on input line 34
.
Package hyperref Info: Reference (cite) `cite.Trzynadlowski2015' on input line 
34.
Package hyperref Info: Anchor `subsubsection.1.1.1.2' on input line 36.
pdftex: bookmark at 36: {1.1.1.2} {\numberline{1.1.1.2}Controle do PWM} {subsub
section.1.1.1.2}{3}{toc}
Package hyperref Info: Reference (link) `figure.caption.3' on input line 38.
Package hyperref Info: Reference (cite) `cite.Thekkevalappil2005' on input line
 38.
Package hyperref Info: Anchor `page.1' on input line 39.
[1{C:/Users/jpsoliv/Documents/Jo√£o/Mestrado/Latex/MikTexPortable/pdftex/config
/pdftex.map}




Package `hyperref' Info: End of reference (cite) `cite.Akagi2007', line 13.
Package `hyperref' Info: End of reference (link) `figure.caption.2', line 13.
Package `hyperref' Info: End of reference (link) `figure.caption.2', line 13.
Package `hyperref' Info: End of reference (link) `figure.caption.2', line 34.
Package `hyperref' Info: End of reference (link) `figure.caption.2', line 34.
Package `hyperref' Info: End of reference (cite) `cite.Haberberger2004', line 3
4.
Package `hyperref' Info: End of reference (cite) `cite.Trzynadlowski2015', line
 34.
]
Package hyperref Info: Anchor `figure.caption.3' on input line 40.
 <Cap4/Figuras/histerese.png, id=69, 1033.61156pt x 520.19344pt>
File: Cap4/Figuras/histerese.png Graphic file (type png)

<use Cap4/Figuras/histerese.png>
Package pdftex.def Info: Cap4/Figuras/histerese.png used on input line 42.
(pdftex.def)             Requested size: 295.90588pt x 148.92342pt.

pdftex: bookmark at 43: {2} {\numberline{2}{\ignorespaces Controle por histeres
e \cite {Thekkevalappil2005}\relax }} {figure.caption.3}{0}{lof}
Package hyperref Info: Reference (cite) `cite.Thekkevalappil2005' on input line
 43.
Package hyperref Info: Reference (cite) `cite.Thekkevalappil2005' on input line
 43.
Package hyperref Info: Reference (cite) `cite.Akagi2007' on input line 47.
Package hyperref Info: Anchor `page.2' on input line 48.
[2
Package `hyperref' Info: End of reference (link) `figure.caption.3', line 38.
Package `hyperref' Info: End of reference (cite) `cite.Thekkevalappil2005', lin
e 38.
Package `hyperref' Info: End of reference (cite) `cite.Akagi2007', line 47.
 <C:/Users/jpsoliv/Documents/Jo√£o/Mestrado/MestradoJPSO.git_certo/trunk/Texto/
Cap4/Figuras/VSC.png> <C:/Users/jpsoliv/Documents/Jo√£o/Mestrado/MestradoJPSO.g
it_certo/trunk/Texto/Cap4/Figuras/CSC.png>]
LaTeX Font Info:    Calculating math sizes for size <8.39996> on input line 49.



LaTeX Font Warning: Font shape `OT1/cmr/m/n' in size <4.19998> not available
(Font)              size <5> substituted on input line 49.


LaTeX Font Warning: Font shape `OML/cmm/m/it' in size <4.19998> not available
(Font)              size <5> substituted on input line 49.


LaTeX Font Warning: Font shape `OMS/cmsy/m/n' in size <4.19998> not available
(Font)              size <5> substituted on input line 49.


LaTeX Font Warning: Font shape `OT1/cmss/m/n' in size <4.19998> not available
(Font)              size <5> substituted on input line 49.


LaTeX Font Warning: Font shape `OT1/cmtt/m/n' in size <4.19998> not available
(Font)              size <5> substituted on input line 49.

Package hyperref Info: Reference (link) `figure.caption.4' on input line 51.
Package hyperref Info: Anchor `figure.caption.4' on input line 53.
<Cap4/Figuras/conversor.png, id=84, 729.47531pt x 340.27126pt>
File: Cap4/Figuras/conversor.png Graphic file (type png)

<use Cap4/Figuras/conversor.png>
Package pdftex.def Info: Cap4/Figuras/conversor.png used on input line 55.
(pdftex.def)             Requested size: 273.14923pt x 127.40929pt.

pdftex: bookmark at 56: {3} {\numberline{3}{\ignorespaces Esquema do inversor c
om indutor de acoplamento e filtro capacitivo\relax }} {figure.caption.4}{0}{lo
f}
Package hyperref Info: Anchor `subsubsection.1.1.1.3' on input line 60.
pdftex: bookmark at 60: {1.1.1.3} {\numberline{1.1.1.3}Controle de Tens\~ao no 
Lado DC} {subsubsection.1.1.1.3}{3}{toc}

LaTeX Warning: Reference `' on page 3 undefined on input line 62.

Package hyperref Info: Reference (cite) `cite.Akagi2007' on input line 62.
Package hyperref Info: Reference (cite) `cite.Peng1996' on input line 62.
Package hyperref Info: Reference (cite) `cite.Watanabe1993' on input line 62.
Package hyperref Info: Anchor `page.3' on input line 63.
[3
Package `hyperref' Info: End of reference (cite) `cite.Thekkevalappil2005', lin
e 43.
Package `hyperref' Info: End of reference (link) `figure.caption.4', line 51.
 <C:/Users/jpsoliv/Documents/Jo√£o/Mestrado/MestradoJPSO.git_certo/trunk/Texto/
Cap4/Figuras/histerese.png>]
Package hyperref Info: Reference (link) `figure.caption.7' on input line 66.
Package hyperref Info: Anchor `figure.caption.5' on input line 68.

<Cap4/Figuras/controle_Cap.png, id=98, 1210.5225pt x 665.48625pt>
File: Cap4/Figuras/controle_Cap.png Graphic file (type png)

<use Cap4/Figuras/controle_Cap.png>
Package pdftex.def Info: Cap4/Figuras/controle_Cap.png used on input line 70.
(pdftex.def)             Requested size: 432.48051pt x 237.7572pt.

pdftex: bookmark at 71: {4} {\numberline{4}{\ignorespaces Controle por histeres
e \cite {Akagi2007}\relax }} {figure.caption.5}{0}{lof}
Package hyperref Info: Reference (cite) `cite.Akagi2007' on input line 71.
Package hyperref Info: Reference (cite) `cite.Akagi2007' on input line 71.
Package hyperref Info: Anchor `subsection.1.1.2' on input line 75.
pdftex: bookmark at 75: {1.1.2} {\numberline{1.1.2}Controlador} {subsection.1.1
.2}{2}{toc}
Package hyperref Info: Anchor `subsubsection.1.1.2.1' on input line 79.
pdftex: bookmark at 79: {1.1.2.1} {\numberline{1.1.2.1}Tipos de Controle} {subs
ubsection.1.1.2.1}{3}{toc}
Package hyperref Info: Anchor `page.4' on input line 83.
[4
Package `hyperref' Info: End of reference (cite) `cite.Akagi2007', line 62.
Package `hyperref' Info: End of reference (cite) `cite.Peng1996', line 62.
Package `hyperref' Info: End of reference (cite) `cite.Watanabe1993', line 62.
Package `hyperref' Info: End of reference (link) `figure.caption.7', line 66.
 <C:/Users/jpsoliv/Documents/Jo√£o/Mestrado/MestradoJPSO.git_certo/trunk/Texto/
Cap4/Figuras/conversor.png>]
Package hyperref Info: Anchor `paragraph.1.1.2.1.1' on input line 83.

pdftex: bookmark at 83: {1.1.2.1.1} {\numberline{1.1.2.1.1}Corrente Constante} 
{paragraph.1.1.2.1.1}{4}{toc}
Package hyperref Info: Anchor `paragraph.1.1.2.1.2' on input line 85.
pdftex: bookmark at 85: {1.1.2.1.2} {\numberline{1.1.2.1.2}Detector de Sequ\^en
cia Positiva} {paragraph.1.1.2.1.2}{4}{toc}
Package hyperref Info: Anchor `subparagraph*.6' on input line 87.
pdftex: bookmark at 87: {1.1.2.1.2.0} {PLL} {subparagraph*.6}{5}{toc}
Package hyperref Info: Anchor `figure.caption.7' on input line 89.
<Cap4/Figuras/PLL.png, id=109, 1139.75812pt x 388.45125pt>
File: Cap4/Figuras/PLL.png Graphic file (type png)

<use Cap4/Figuras/PLL.png>
Package pdftex.def Info: Cap4/Figuras/PLL.png used on input line 91.
(pdftex.def)             Requested size: 386.96027pt x 131.88199pt.

pdftex: bookmark at 92: {5} {\numberline{5}{\ignorespaces Controle por histeres
e \cite {Akagi2007}\relax }} {figure.caption.7}{0}{lof}
Package hyperref Info: Reference (cite) `cite.Akagi2007' on input line 92.
Package hyperref Info: Reference (cite) `cite.Akagi2007' on input line 92.
Package hyperref Info: Anchor `section.1.2' on input line 96.
pdftex: bookmark at 96: {1.2} {\numberline{1.2}Simula\c c\~ao} {section.1.2}{1}
{toc}
Package hyperref Info: Anchor `subsection.1.2.1' on input line 98.
pdftex: bookmark at 98: {1.2.1} {\numberline{1.2.1}Modelo do sistema} {subsecti
on.1.2.1}{2}{toc}
Package hyperref Info: Anchor `subsection.1.2.2' on input line 100.
pdftex: bookmark at 100: {1.2.2} {\numberline{1.2.2}Modelo do Conversor} {subse
ction.1.2.2}{2}{toc}
Package hyperref Info: Anchor `subsection.1.2.3' on input line 102.
pdftex: bookmark at 102: {1.2.3} {\numberline{1.2.3}Resultados} {subsection.1.2
.3}{2}{toc}
Package hyperref Info: Anchor `section*.8' on input line 104.
pdftex: bookmark at 104: {\thetodo } {40 P\'ags} {section*.8}{0}{tdo}
)
(C:\Users\jpsoliv\Documents\Jo√£o\Mestrado\MestradoJPSO.git_certo\trunk\Texto\D
issertacao.bbl
Package hyperref Info: Anchor `page.5' on input line 3.
 [5
Package `hyperref' Info: End of reference (cite) `cite.Akagi2007', line 71.
Package `hyperref' Info: End of reference (cite) `cite.Akagi2007', line 92.
 <C:/Users/jpsoliv/Documents/Jo√£o/Mestrado/MestradoJPSO.git_certo/trunk/Texto/
Cap4/Figuras/controle_Cap.png> <C:/Users/jpsoliv/Documents/Jo√£o/Mestrado/Mestr
adoJPSO.git_certo/trunk/Texto/Cap4/Figuras/PLL.png>]
Package hyperref Info: Anchor `page.6' on input line 3.
 [6]
Package hyperref Info: Anchor `chapter*.9' on input line 3.
Package hyperref Info: Anchor `chapter.2' on input line 3.

pdftex: bookmark at 3: {2} {Refer\^encias Bibliogr\'aficas} {chapter.2}{0}{toc}

Package hyperref Info: Anchor `cite.Akagi2007' on input line 8.
Package hyperref Info: Anchor `cite.Haberberger2004' on input line 13.
Package hyperref Info: Anchor `cite.Trzynadlowski2015' on input line 20.
Package hyperref Info: Anchor `cite.Thekkevalappil2005' on input line 25.
Package hyperref Info: Anchor `cite.Peng1996' on input line 32.
Package hyperref Info: Anchor `cite.Watanabe1993' on input line 39.
) 
AED: lastpage setting LastPage
Package hyperref Info: Anchor `page.7' on input line 256.
[7

]
Package atveryend Info: Empty hook `BeforeClearDocument' on input line 256.
Package atveryend Info: Empty hook `AfterLastShipout' on input line 256.

(C:\Users\jpsoliv\Documents\Jo√£o\Mestrado\MestradoJPSO.git_certo\trunk\Texto\D
issertacao.aux)
Package atveryend Info: Executing hook `AtVeryEndDocument' on input line 256.
Package atveryend Info: Executing hook `AtEndAfterFileList' on input line 256.
Package rerunfilecheck Info: File `Dissertacao.out' has not changed.
(rerunfilecheck)             Checksum: 0EAF3397DD0B41CFAA240BB062DA1F5F;735.


LaTeX Font Warning: Size substitutions with differences
(Font)              up to 2.90001pt have occurred.


LaTeX Warning: There were undefined references.


LaTeX Warning: There were multiply-defined labels.

Package atveryend Info: Empty hook `AtVeryVeryEnd' on input line 256.
 ) 
Here is how much of TeX's memory you used:
 30317 strings out of 493921
 608233 string characters out of 3125104
 719338 words of memory out of 3000000
 33037 multiletter control sequences out of 15000+200000
 42754 words of font info for 105 fonts, out of 3000000 for 9000
 841 hyphenation exceptions out of 8191
 62i,12n,80p,10383b,993s stack positions out of 5000i,500n,10000p,200000b,50000s
<C:/Users/jpsoliv/Documents/Jo√£o/Mestrado/Latex/MikTexPortable/fonts/type1/p
ublic/amsfonts/cm/cmbx12.pfb><C:/Users/jpsoliv/Documents/Jo√£o/Mestrado/Latex/M
ikTexPortable/fonts/type1/public/amsfonts/cm/cmmi12.pfb><C:/Users/jpsoliv/Docum
ents/Jo√£o/Mestrado/Latex/MikTexPortable/fonts/type1/public/amsfonts/cm/cmmi8.p
fb><C:/Users/jpsoliv/Documents/Jo√£o/Mestrado/Latex/MikTexPortable/fonts/type1/
public/amsfonts/cm/cmr10.pfb><C:/Users/jpsoliv/Documents/Jo√£o/Mestrado/Latex/M
ikTexPortable/fonts/type1/public/amsfonts/cm/cmr12.pfb><C:/Users/jpsoliv/Docume
nts/Jo√£o/Mestrado/Latex/MikTexPortable/fonts/type1/public/amsfonts/cm/cmr6.pfb
><C:/Users/jpsoliv/Documents/Jo√£o/Mestrado/Latex/MikTexPortable/fonts/type1/pu
blic/amsfonts/cm/cmti12.pfb>
Output written on Dissertacao.pdf (7 pages, 414399 bytes).
PDF statistics:
 168 PDF objects out of 1000 (max. 8388607)
 38 named destinations out of 1000 (max. 500000)
 115 words of extra memory for PDF output out of 10000 (max. 10000000)

