\BOOKMARK [0][]{chapter.1}{1 Introdu\347\343o}{}% 1
\BOOKMARK [1][]{section.1.1}{1.1 Motiva\347\343o}{chapter.1}% 2
\BOOKMARK [1][]{section.1.2}{1.2 Objetivo}{chapter.1}% 3
\BOOKMARK [1][]{section.1.3}{1.3 Contribui\347\343o}{chapter.1}% 4
\BOOKMARK [0][]{chapter.2}{2 Qualidade de Energia em Aeronaves 30 P\341gs}{}% 5
\BOOKMARK [1][]{section.2.1}{2.1 Tend\352ncia de Aumento de Gera\347\343o El\351trica em Aeronaves}{chapter.2}% 6
\BOOKMARK [1][]{section.2.2}{2.2 An\341lise de Cargas El\351tricas em Aeronaves}{chapter.2}% 7
\BOOKMARK [2][]{subsection.2.2.1}{2.2.1 Atuadores Eletrohidrost\341ticos}{section.2.2}% 8
\BOOKMARK [1][]{section.2.3}{2.3 Problemas Causados Pelas Harm\364nicas no Sistema}{chapter.2}% 9
\BOOKMARK [2][]{subsection.2.3.1}{2.3.1 Conversores com Alto Fator de Pot\352ncia}{section.2.3}% 10
\BOOKMARK [2][]{subsection.2.3.2}{2.3.2 Filtros Passivos}{section.2.3}% 11
\BOOKMARK [2][]{subsection.2.3.3}{2.3.3 Filtros Ativos}{section.2.3}% 12
\BOOKMARK [0][]{chapter.3}{3 Filtros Ativos Em Sistemas El\351tricos}{}% 13
\BOOKMARK [1][]{section.3.1}{3.1 Defini\347\343o de Pot\352ncia Ativa, Reativa e Fator de Pot\352ncia}{chapter.3}% 14
\BOOKMARK [2][]{subsection.3.1.1}{3.1.1 Defini\347\343o de Pot\352ncias em Sistemas Senoidais}{section.3.1}% 15
\BOOKMARK [2][]{subsection.3.1.2}{3.1.2 Defini\347\343o de Pot\352ncias em Sistemas N\343o-Senoidais}{section.3.1}% 16
\BOOKMARK [2][]{subsection.3.1.3}{3.1.3 Pot\352ncia Instant\342nea Utilizando a Teoria P-Q}{section.3.1}% 17
\BOOKMARK [1][]{section.3.2}{3.2 Filtros Ativos}{chapter.3}% 18
\BOOKMARK [2][]{subsection.3.2.1}{3.2.1 Filtros Ativo Empregando a Teoria P-Q}{section.3.2}% 19
\BOOKMARK [0][]{chapter.4}{4 Conceito de Conversor Est\341tico na Aplica\347\343o de Filtros Ativos}{}% 20
\BOOKMARK [0][]{chapter.5}{5 Conclus\343o}{}% 21
\BOOKMARK [0][]{chapter.6}{Refer\352ncias Bibliogr\341ficas}{}% 22
\BOOKMARK [0][]{bla.0}{Folha de Registro do Documento}{}% 23
