This is pdfTeX, Version 3.1415926-2.5-1.40.14 (MiKTeX 2.9) (preloaded format=pdflatex 2015.7.23)  17 JAN 2017 15:45
entering extended mode
**main.tex
("C:\Users\jpsoliv\Documents\Jo√£o\Mestrado\Artigo\IEEE Journal\main.tex"
LaTeX2e <2011/06/27>
Babel <v3.8m> and hyphenation patterns for english, afrikaans, ancientgreek, ar
abic, armenian, assamese, basque, bengali, bokmal, bulgarian, catalan, coptic, 
croatian, czech, danish, dutch, esperanto, estonian, farsi, finnish, french, ga
lician, german, german-x-2013-05-26, greek, gujarati, hindi, hungarian, iceland
ic, indonesian, interlingua, irish, italian, kannada, kurmanji, latin, latvian,
 lithuanian, malayalam, marathi, mongolian, mongolianlmc, monogreek, ngerman, n
german-x-2013-05-26, nynorsk, oriya, panjabi, pinyin, polish, portuguese, roman
ian, russian, sanskrit, serbian, slovak, slovenian, spanish, swedish, swissgerm
an, tamil, telugu, turkish, turkmen, ukenglish, ukrainian, uppersorbian, usengl
ishmax, welsh, loaded.
("C:\Users\jpsoliv\Documents\Jo√£o\Mestrado\Artigo\IEEE Journal\IEEEtran.cls"
Document Class: IEEEtran 2012/11/21 V1.8c by Harald Hanche-Olsen and Anders Chr
istensen
-- Based on V1.7a by Michael Shell
-- See the "IEEEtran_HOWTO" manual for usage information.
-- http://www.michaelshell.org/tex/ieeetran/
\@IEEEtrantmpdimenA=\dimen102
\@IEEEtrantmpdimenB=\dimen103
\@IEEEtrantmpcountA=\count79
\@IEEEtrantmpcountB=\count80
\@IEEEtrantmptoksA=\toks14
LaTeX Font Info:    Try loading font information for OT1+ptm on input line 373.


(C:\Users\jpsoliv\Documents\Jo√£o\Mestrado\Latex\MikTexPortable\tex\latex\psnfs
s\ot1ptm.fd
File: ot1ptm.fd 2001/06/04 font definitions for OT1/ptm.
)
-- Using 8.5in x 11in (letter) paper.
-- Using PDF output.
\@IEEEnormalsizeunitybaselineskip=\dimen104
-- This is a 10 point document.
\CLASSINFOnormalsizebaselineskip=\dimen105
\CLASSINFOnormalsizeunitybaselineskip=\dimen106
\IEEEnormaljot=\dimen107
LaTeX Font Info:    Font shape `OT1/ptm/bx/n' in size <5> not available
(Font)              Font shape `OT1/ptm/b/n' tried instead on input line 731.
LaTeX Font Info:    Font shape `OT1/ptm/bx/it' in size <5> not available
(Font)              Font shape `OT1/ptm/b/it' tried instead on input line 731.
LaTeX Font Info:    Font shape `OT1/ptm/bx/n' in size <7> not available
(Font)              Font shape `OT1/ptm/b/n' tried instead on input line 731.
LaTeX Font Info:    Font shape `OT1/ptm/bx/it' in size <7> not available
(Font)              Font shape `OT1/ptm/b/it' tried instead on input line 731.
LaTeX Font Info:    Font shape `OT1/ptm/bx/n' in size <8> not available
(Font)              Font shape `OT1/ptm/b/n' tried instead on input line 731.
LaTeX Font Info:    Font shape `OT1/ptm/bx/it' in size <8> not available
(Font)              Font shape `OT1/ptm/b/it' tried instead on input line 731.
LaTeX Font Info:    Font shape `OT1/ptm/bx/n' in size <9> not available
(Font)              Font shape `OT1/ptm/b/n' tried instead on input line 731.
LaTeX Font Info:    Font shape `OT1/ptm/bx/it' in size <9> not available
(Font)              Font shape `OT1/ptm/b/it' tried instead on input line 731.
LaTeX Font Info:    Font shape `OT1/ptm/bx/n' in size <10> not available
(Font)              Font shape `OT1/ptm/b/n' tried instead on input line 731.
LaTeX Font Info:    Font shape `OT1/ptm/bx/it' in size <10> not available
(Font)              Font shape `OT1/ptm/b/it' tried instead on input line 731.
LaTeX Font Info:    Font shape `OT1/ptm/bx/n' in size <11> not available
(Font)              Font shape `OT1/ptm/b/n' tried instead on input line 731.
LaTeX Font Info:    Font shape `OT1/ptm/bx/it' in size <11> not available
(Font)              Font shape `OT1/ptm/b/it' tried instead on input line 731.
LaTeX Font Info:    Font shape `OT1/ptm/bx/n' in size <12> not available
(Font)              Font shape `OT1/ptm/b/n' tried instead on input line 731.
LaTeX Font Info:    Font shape `OT1/ptm/bx/it' in size <12> not available
(Font)              Font shape `OT1/ptm/b/it' tried instead on input line 731.
LaTeX Font Info:    Font shape `OT1/ptm/bx/n' in size <17> not available
(Font)              Font shape `OT1/ptm/b/n' tried instead on input line 731.
LaTeX Font Info:    Font shape `OT1/ptm/bx/it' in size <17> not available
(Font)              Font shape `OT1/ptm/b/it' tried instead on input line 731.
LaTeX Font Info:    Font shape `OT1/ptm/bx/n' in size <20> not available
(Font)              Font shape `OT1/ptm/b/n' tried instead on input line 731.
LaTeX Font Info:    Font shape `OT1/ptm/bx/it' in size <20> not available
(Font)              Font shape `OT1/ptm/b/it' tried instead on input line 731.
LaTeX Font Info:    Font shape `OT1/ptm/bx/n' in size <24> not available
(Font)              Font shape `OT1/ptm/b/n' tried instead on input line 731.
LaTeX Font Info:    Font shape `OT1/ptm/bx/it' in size <24> not available
(Font)              Font shape `OT1/ptm/b/it' tried instead on input line 731.
\IEEEilabelindentA=\dimen108
\IEEEilabelindentB=\dimen109
\IEEEilabelindent=\dimen110
\IEEEelabelindent=\dimen111
\IEEEdlabelindent=\dimen112
\IEEElabelindent=\dimen113
\IEEEiednormlabelsep=\dimen114
\IEEEiedmathlabelsep=\dimen115
\IEEEiedtopsep=\skip41
\c@section=\count81
\c@subsection=\count82
\c@subsubsection=\count83
\c@paragraph=\count84
\c@IEEEsubequation=\count85
\abovecaptionskip=\skip42
\belowcaptionskip=\skip43
\c@figure=\count86
\c@table=\count87
\@IEEEeqnnumcols=\count88
\@IEEEeqncolcnt=\count89
\@IEEEtmpitemindent=\dimen116
\c@IEEEbiography=\count90
\@IEEEtranrubishbin=\box26
)
(C:\Users\jpsoliv\Documents\Jo√£o\Mestrado\Latex\MikTexPortable\tex\latex\blind
text\blindtext.sty
Package: blindtext 2012/01/06 V2.0 blindtext-Package

(C:\Users\jpsoliv\Documents\Jo√£o\Mestrado\Latex\MikTexPortable\tex\latex\tools
\xspace.sty
Package: xspace 2009/10/20 v1.13 Space after command names (DPC,MH)
)
\c@blindtext=\count91
\c@Blindtext=\count92
\c@blind@countparstart=\count93
\blind@countxx=\count94
\blindtext@numBlindtext=\count95
\blind@countyy=\count96
\c@blindlist=\count97
\c@blindlistlevel=\count98
\c@blindlist@level=\count99
\blind@listitem=\count100
\c@blind@listcount=\count101
\c@blind@levelcount=\count102
\blind@mathformula=\count103
\blind@Mathformula=\count104
\c@blind@randomcount=\count105
\c@blind@randommax=\count106
\c@blind@pangramcount=\count107
\c@blind@pangrammax=\count108
)
(C:\Users\jpsoliv\Documents\Jo√£o\Mestrado\Latex\MikTexPortable\tex\latex\graph
ics\graphicx.sty
Package: graphicx 1999/02/16 v1.0f Enhanced LaTeX Graphics (DPC,SPQR)

(C:\Users\jpsoliv\Documents\Jo√£o\Mestrado\Latex\MikTexPortable\tex\latex\graph
ics\keyval.sty
Package: keyval 1999/03/16 v1.13 key=value parser (DPC)
\KV@toks@=\toks15
)
(C:\Users\jpsoliv\Documents\Jo√£o\Mestrado\Latex\MikTexPortable\tex\latex\graph
ics\graphics.sty
Package: graphics 2009/02/05 v1.0o Standard LaTeX Graphics (DPC,SPQR)

(C:\Users\jpsoliv\Documents\Jo√£o\Mestrado\Latex\MikTexPortable\tex\latex\graph
ics\trig.sty
Package: trig 1999/03/16 v1.09 sin cos tan (DPC)
)
(C:\Users\jpsoliv\Documents\Jo√£o\Mestrado\Latex\MikTexPortable\tex\latex\00mik
tex\graphics.cfg
File: graphics.cfg 2007/01/18 v1.5 graphics configuration of teTeX/TeXLive
)
Package graphics Info: Driver file: pdftex.def on input line 91.

(C:\Users\jpsoliv\Documents\Jo√£o\Mestrado\Latex\MikTexPortable\tex\latex\pdfte
x-def\pdftex.def
File: pdftex.def 2011/05/27 v0.06d Graphics/color for pdfTeX

(C:\Users\jpsoliv\Documents\Jo√£o\Mestrado\Latex\MikTexPortable\tex\generic\obe
rdiek\infwarerr.sty
Package: infwarerr 2010/04/08 v1.3 Providing info/warning/error messages (HO)
)
(C:\Users\jpsoliv\Documents\Jo√£o\Mestrado\Latex\MikTexPortable\tex\generic\obe
rdiek\ltxcmds.sty
Package: ltxcmds 2011/11/09 v1.22 LaTeX kernel commands for general use (HO)
)
\Gread@gobject=\count109
))
\Gin@req@height=\dimen117
\Gin@req@width=\dimen118
)
(C:\Users\jpsoliv\Documents\Jo√£o\Mestrado\Latex\MikTexPortable\tex\latex\oberd
iek\epstopdf.sty
Package: epstopdf 2010/02/09 v2.5 Conversion with epstopdf on the fly (HO)

(C:\Users\jpsoliv\Documents\Jo√£o\Mestrado\Latex\MikTexPortable\tex\latex\oberd
iek\epstopdf-base.sty
Package: epstopdf-base 2010/02/09 v2.5 Base part for package epstopdf

(C:\Users\jpsoliv\Documents\Jo√£o\Mestrado\Latex\MikTexPortable\tex\latex\oberd
iek\grfext.sty
Package: grfext 2010/08/19 v1.1 Manage graphics extensions (HO)

(C:\Users\jpsoliv\Documents\Jo√£o\Mestrado\Latex\MikTexPortable\tex\generic\obe
rdiek\kvdefinekeys.sty
Package: kvdefinekeys 2011/04/07 v1.3 Define keys (HO)
))
(C:\Users\jpsoliv\Documents\Jo√£o\Mestrado\Latex\MikTexPortable\tex\latex\oberd
iek\kvoptions.sty
Package: kvoptions 2011/06/30 v3.11 Key value format for package options (HO)

(C:\Users\jpsoliv\Documents\Jo√£o\Mestrado\Latex\MikTexPortable\tex\generic\obe
rdiek\kvsetkeys.sty
Package: kvsetkeys 2012/04/25 v1.16 Key value parser (HO)

(C:\Users\jpsoliv\Documents\Jo√£o\Mestrado\Latex\MikTexPortable\tex\generic\obe
rdiek\etexcmds.sty
Package: etexcmds 2011/02/16 v1.5 Avoid name clashes with e-TeX commands (HO)

(C:\Users\jpsoliv\Documents\Jo√£o\Mestrado\Latex\MikTexPortable\tex\generic\obe
rdiek\ifluatex.sty
Package: ifluatex 2010/03/01 v1.3 Provides the ifluatex switch (HO)
Package ifluatex Info: LuaTeX not detected.
)
Package etexcmds Info: Could not find \expanded.
(etexcmds)             That can mean that you are not using pdfTeX 1.50 or
(etexcmds)             that some package has redefined \expanded.
(etexcmds)             In the latter case, load this package earlier.
)))
(C:\Users\jpsoliv\Documents\Jo√£o\Mestrado\Latex\MikTexPortable\tex\generic\obe
rdiek\pdftexcmds.sty
Package: pdftexcmds 2011/11/29 v0.20 Utility functions of pdfTeX for LuaTeX (HO
)

(C:\Users\jpsoliv\Documents\Jo√£o\Mestrado\Latex\MikTexPortable\tex\generic\obe
rdiek\ifpdf.sty
Package: ifpdf 2011/01/30 v2.3 Provides the ifpdf switch (HO)
Package ifpdf Info: pdfTeX in PDF mode is detected.
)
Package pdftexcmds Info: LuaTeX not detected.
Package pdftexcmds Info: \pdf@primitive is available.
Package pdftexcmds Info: \pdf@ifprimitive is available.
Package pdftexcmds Info: \pdfdraftmode found.
)
Package grfext Info: Graphics extension search list:
(grfext)             [.png,.pdf,.jpg,.mps,.jpeg,.jbig2,.jb2,.PNG,.PDF,.JPG,.JPE
G,.JBIG2,.JB2,.eps]
(grfext)             \AppendGraphicsExtensions on input line 452.
))
(C:\Users\jpsoliv\Documents\Jo√£o\Mestrado\Latex\MikTexPortable\tex\latex\cite\
cite.sty
LaTeX Info: Redefining \cite on input line 302.
LaTeX Info: Redefining \nocite on input line 332.
Package: cite 2015/02/27  v 5.5
)
(C:\Users\jpsoliv\Documents\Jo√£o\Mestrado\Latex\MikTexPortable\tex\latex\amsma
th\amsmath.sty
Package: amsmath 2013/01/14 v2.14 AMS math features
\@mathmargin=\skip44

For additional information on amsmath, use the `?' option.

(C:\Users\jpsoliv\Documents\Jo√£o\Mestrado\Latex\MikTexPortable\tex\latex\amsma
th\amstext.sty
Package: amstext 2000/06/29 v2.01

(C:\Users\jpsoliv\Documents\Jo√£o\Mestrado\Latex\MikTexPortable\tex\latex\amsma
th\amsgen.sty
File: amsgen.sty 1999/11/30 v2.0
\@emptytoks=\toks16
\ex@=\dimen119
))
(C:\Users\jpsoliv\Documents\Jo√£o\Mestrado\Latex\MikTexPortable\tex\latex\amsma
th\amsbsy.sty
Package: amsbsy 1999/11/29 v1.2d
\pmbraise@=\dimen120
)
(C:\Users\jpsoliv\Documents\Jo√£o\Mestrado\Latex\MikTexPortable\tex\latex\amsma
th\amsopn.sty
Package: amsopn 1999/12/14 v2.01 operator names
)
\inf@bad=\count110
LaTeX Info: Redefining \frac on input line 210.
\uproot@=\count111
\leftroot@=\count112
LaTeX Info: Redefining \overline on input line 306.
\classnum@=\count113
\DOTSCASE@=\count114
LaTeX Info: Redefining \ldots on input line 378.
LaTeX Info: Redefining \dots on input line 381.
LaTeX Info: Redefining \cdots on input line 466.
\Mathstrutbox@=\box27
\strutbox@=\box28
\big@size=\dimen121
LaTeX Font Info:    Redeclaring font encoding OML on input line 566.
LaTeX Font Info:    Redeclaring font encoding OMS on input line 567.
\macc@depth=\count115
\c@MaxMatrixCols=\count116
\dotsspace@=\muskip10
\c@parentequation=\count117
\dspbrk@lvl=\count118
\tag@help=\toks17
\row@=\count119
\column@=\count120
\maxfields@=\count121
\andhelp@=\toks18
\eqnshift@=\dimen122
\alignsep@=\dimen123
\tagshift@=\dimen124
\tagwidth@=\dimen125
\totwidth@=\dimen126
\lineht@=\dimen127
\@envbody=\toks19
\multlinegap=\skip45
\multlinetaggap=\skip46
\mathdisplay@stack=\toks20
LaTeX Info: Redefining \[ on input line 2665.
LaTeX Info: Redefining \] on input line 2666.
)
(C:\Users\jpsoliv\Documents\Jo√£o\Mestrado\Latex\MikTexPortable\tex\latex\tools
\array.sty
Package: array 2008/09/09 v2.4c Tabular extension package (FMi)
\col@sep=\dimen128
\extrarowheight=\dimen129
\NC@list=\toks21
\extratabsurround=\skip47
\backup@length=\skip48
)
(C:\Users\jpsoliv\Documents\Jo√£o\Mestrado\Latex\MikTexPortable\tex\latex\todon
otes\todonotes.sty
Package: todonotes 2015/07/09 .dtx Todonotes source and documentation.
Package: todonotes 2012/07/25

(C:\Users\jpsoliv\Documents\Jo√£o\Mestrado\Latex\MikTexPortable\tex\latex\base\
ifthen.sty
Package: ifthen 2001/05/26 v1.1c Standard LaTeX ifthen package (DPC)
)
(C:\Users\jpsoliv\Documents\Jo√£o\Mestrado\Latex\MikTexPortable\tex\latex\xkeyv
al\xkeyval.sty
Package: xkeyval 2012/10/14 v2.6b package option processing (HA)

(C:\Users\jpsoliv\Documents\Jo√£o\Mestrado\Latex\MikTexPortable\tex\generic\xke
yval\xkeyval.tex
\XKV@toks=\toks22
\XKV@tempa@toks=\toks23
\XKV@depth=\count122
File: xkeyval.tex 2012/10/14 v2.6b key=value parser (HA)
))
(C:\Users\jpsoliv\Documents\Jo√£o\Mestrado\Latex\MikTexPortable\tex\latex\xcolo
r\xcolor.sty
Package: xcolor 2007/01/21 v2.11 LaTeX color extensions (UK)

(C:\Users\jpsoliv\Documents\Jo√£o\Mestrado\Latex\MikTexPortable\tex\latex\00mik
tex\color.cfg
File: color.cfg 2007/01/18 v1.5 color configuration of teTeX/TeXLive
)
Package xcolor Info: Driver file: pdftex.def on input line 225.
Package xcolor Info: Model `cmy' substituted by `cmy0' on input line 1337.
Package xcolor Info: Model `hsb' substituted by `rgb' on input line 1341.
Package xcolor Info: Model `RGB' extended on input line 1353.
Package xcolor Info: Model `HTML' substituted by `rgb' on input line 1355.
Package xcolor Info: Model `Hsb' substituted by `hsb' on input line 1356.
Package xcolor Info: Model `tHsb' substituted by `hsb' on input line 1357.
Package xcolor Info: Model `HSB' substituted by `hsb' on input line 1358.
Package xcolor Info: Model `Gray' substituted by `gray' on input line 1359.
Package xcolor Info: Model `wave' substituted by `hsb' on input line 1360.
)
(C:\Users\jpsoliv\Documents\Jo√£o\Mestrado\Latex\MikTexPortable\tex\latex\pgf\f
rontendlayer\tikz.sty
(C:\Users\jpsoliv\Documents\Jo√£o\Mestrado\Latex\MikTexPortable\tex\latex\pgf\b
asiclayer\pgf.sty
(C:\Users\jpsoliv\Documents\Jo√£o\Mestrado\Latex\MikTexPortable\tex\latex\pgf\u
tilities\pgfrcs.sty
(C:\Users\jpsoliv\Documents\Jo√£o\Mestrado\Latex\MikTexPortable\tex\generic\pgf
\utilities\pgfutil-common.tex
\pgfutil@everybye=\toks24
\pgfutil@tempdima=\dimen130
\pgfutil@tempdimb=\dimen131

(C:\Users\jpsoliv\Documents\Jo√£o\Mestrado\Latex\MikTexPortable\tex\generic\pgf
\utilities\pgfutil-common-lists.tex))
(C:\Users\jpsoliv\Documents\Jo√£o\Mestrado\Latex\MikTexPortable\tex\generic\pgf
\utilities\pgfutil-latex.def
\pgfutil@abb=\box29

(C:\Users\jpsoliv\Documents\Jo√£o\Mestrado\Latex\MikTexPortable\tex\latex\ms\ev
eryshi.sty
Package: everyshi 2001/05/15 v3.00 EveryShipout Package (MS)
))
(C:\Users\jpsoliv\Documents\Jo√£o\Mestrado\Latex\MikTexPortable\tex\generic\pgf
\utilities\pgfrcs.code.tex
Package: pgfrcs 2013/12/20 v3.0.0 (rcs-revision 1.28)
))
Package: pgf 2013/12/18 v3.0.0 (rcs-revision 1.14)

(C:\Users\jpsoliv\Documents\Jo√£o\Mestrado\Latex\MikTexPortable\tex\latex\pgf\b
asiclayer\pgfcore.sty
(C:\Users\jpsoliv\Documents\Jo√£o\Mestrado\Latex\MikTexPortable\tex\latex\pgf\s
ystemlayer\pgfsys.sty
(C:\Users\jpsoliv\Documents\Jo√£o\Mestrado\Latex\MikTexPortable\tex\generic\pgf
\systemlayer\pgfsys.code.tex
Package: pgfsys 2013/11/30 v3.0.0 (rcs-revision 1.47)

(C:\Users\jpsoliv\Documents\Jo√£o\Mestrado\Latex\MikTexPortable\tex\generic\pgf
\utilities\pgfkeys.code.tex
\pgfkeys@pathtoks=\toks25
\pgfkeys@temptoks=\toks26

(C:\Users\jpsoliv\Documents\Jo√£o\Mestrado\Latex\MikTexPortable\tex\generic\pgf
\utilities\pgfkeysfiltered.code.tex
\pgfkeys@tmptoks=\toks27
))
\pgf@x=\dimen132
\pgf@y=\dimen133
\pgf@xa=\dimen134
\pgf@ya=\dimen135
\pgf@xb=\dimen136
\pgf@yb=\dimen137
\pgf@xc=\dimen138
\pgf@yc=\dimen139
\w@pgf@writea=\write3
\r@pgf@reada=\read1
\c@pgf@counta=\count123
\c@pgf@countb=\count124
\c@pgf@countc=\count125
\c@pgf@countd=\count126
\t@pgf@toka=\toks28
\t@pgf@tokb=\toks29
\t@pgf@tokc=\toks30

(C:\Users\jpsoliv\Documents\Jo√£o\Mestrado\Latex\MikTexPortable\tex\generic\pgf
\systemlayer\pgf.cfg
File: pgf.cfg 2008/05/14  (rcs-revision 1.7)
)
Driver file for pgf: pgfsys-pdftex.def

(C:\Users\jpsoliv\Documents\Jo√£o\Mestrado\Latex\MikTexPortable\tex\generic\pgf
\systemlayer\pgfsys-pdftex.def
File: pgfsys-pdftex.def 2013/07/18  (rcs-revision 1.33)

(C:\Users\jpsoliv\Documents\Jo√£o\Mestrado\Latex\MikTexPortable\tex\generic\pgf
\systemlayer\pgfsys-common-pdf.def
File: pgfsys-common-pdf.def 2013/10/10  (rcs-revision 1.13)
)))
(C:\Users\jpsoliv\Documents\Jo√£o\Mestrado\Latex\MikTexPortable\tex\generic\pgf
\systemlayer\pgfsyssoftpath.code.tex
File: pgfsyssoftpath.code.tex 2013/09/09  (rcs-revision 1.9)
\pgfsyssoftpath@smallbuffer@items=\count127
\pgfsyssoftpath@bigbuffer@items=\count128
)
(C:\Users\jpsoliv\Documents\Jo√£o\Mestrado\Latex\MikTexPortable\tex\generic\pgf
\systemlayer\pgfsysprotocol.code.tex
File: pgfsysprotocol.code.tex 2006/10/16  (rcs-revision 1.4)
))
(C:\Users\jpsoliv\Documents\Jo√£o\Mestrado\Latex\MikTexPortable\tex\generic\pgf
\basiclayer\pgfcore.code.tex
Package: pgfcore 2010/04/11 v3.0.0 (rcs-revision 1.7)

(C:\Users\jpsoliv\Documents\Jo√£o\Mestrado\Latex\MikTexPortable\tex\generic\pgf
\math\pgfmath.code.tex
(C:\Users\jpsoliv\Documents\Jo√£o\Mestrado\Latex\MikTexPortable\tex\generic\pgf
\math\pgfmathcalc.code.tex
(C:\Users\jpsoliv\Documents\Jo√£o\Mestrado\Latex\MikTexPortable\tex\generic\pgf
\math\pgfmathutil.code.tex)
(C:\Users\jpsoliv\Documents\Jo√£o\Mestrado\Latex\MikTexPortable\tex\generic\pgf
\math\pgfmathparser.code.tex
\pgfmath@dimen=\dimen140
\pgfmath@count=\count129
\pgfmath@box=\box30
\pgfmath@toks=\toks31
\pgfmath@stack@operand=\toks32
\pgfmath@stack@operation=\toks33
)
(C:\Users\jpsoliv\Documents\Jo√£o\Mestrado\Latex\MikTexPortable\tex\generic\pgf
\math\pgfmathfunctions.code.tex
(C:\Users\jpsoliv\Documents\Jo√£o\Mestrado\Latex\MikTexPortable\tex\generic\pgf
\math\pgfmathfunctions.basic.code.tex)
(C:\Users\jpsoliv\Documents\Jo√£o\Mestrado\Latex\MikTexPortable\tex\generic\pgf
\math\pgfmathfunctions.trigonometric.code.tex)
(C:\Users\jpsoliv\Documents\Jo√£o\Mestrado\Latex\MikTexPortable\tex\generic\pgf
\math\pgfmathfunctions.random.code.tex)
(C:\Users\jpsoliv\Documents\Jo√£o\Mestrado\Latex\MikTexPortable\tex\generic\pgf
\math\pgfmathfunctions.comparison.code.tex)
(C:\Users\jpsoliv\Documents\Jo√£o\Mestrado\Latex\MikTexPortable\tex\generic\pgf
\math\pgfmathfunctions.base.code.tex)
(C:\Users\jpsoliv\Documents\Jo√£o\Mestrado\Latex\MikTexPortable\tex\generic\pgf
\math\pgfmathfunctions.round.code.tex)
(C:\Users\jpsoliv\Documents\Jo√£o\Mestrado\Latex\MikTexPortable\tex\generic\pgf
\math\pgfmathfunctions.misc.code.tex)
(C:\Users\jpsoliv\Documents\Jo√£o\Mestrado\Latex\MikTexPortable\tex\generic\pgf
\math\pgfmathfunctions.integerarithmetics.code.tex)))
(C:\Users\jpsoliv\Documents\Jo√£o\Mestrado\Latex\MikTexPortable\tex\generic\pgf
\math\pgfmathfloat.code.tex
\c@pgfmathroundto@lastzeros=\count130
))
(C:\Users\jpsoliv\Documents\Jo√£o\Mestrado\Latex\MikTexPortable\tex\generic\pgf
\basiclayer\pgfcorepoints.code.tex
File: pgfcorepoints.code.tex 2013/10/07  (rcs-revision 1.27)
\pgf@picminx=\dimen141
\pgf@picmaxx=\dimen142
\pgf@picminy=\dimen143
\pgf@picmaxy=\dimen144
\pgf@pathminx=\dimen145
\pgf@pathmaxx=\dimen146
\pgf@pathminy=\dimen147
\pgf@pathmaxy=\dimen148
\pgf@xx=\dimen149
\pgf@xy=\dimen150
\pgf@yx=\dimen151
\pgf@yy=\dimen152
\pgf@zx=\dimen153
\pgf@zy=\dimen154
)
(C:\Users\jpsoliv\Documents\Jo√£o\Mestrado\Latex\MikTexPortable\tex\generic\pgf
\basiclayer\pgfcorepathconstruct.code.tex
File: pgfcorepathconstruct.code.tex 2013/10/07  (rcs-revision 1.29)
\pgf@path@lastx=\dimen155
\pgf@path@lasty=\dimen156
)
(C:\Users\jpsoliv\Documents\Jo√£o\Mestrado\Latex\MikTexPortable\tex\generic\pgf
\basiclayer\pgfcorepathusage.code.tex
File: pgfcorepathusage.code.tex 2013/12/13  (rcs-revision 1.23)
\pgf@shorten@end@additional=\dimen157
\pgf@shorten@start@additional=\dimen158
)
(C:\Users\jpsoliv\Documents\Jo√£o\Mestrado\Latex\MikTexPortable\tex\generic\pgf
\basiclayer\pgfcorescopes.code.tex
File: pgfcorescopes.code.tex 2013/10/09  (rcs-revision 1.44)
\pgfpic=\box31
\pgf@hbox=\box32
\pgf@layerbox@main=\box33
\pgf@picture@serial@count=\count131
)
(C:\Users\jpsoliv\Documents\Jo√£o\Mestrado\Latex\MikTexPortable\tex\generic\pgf
\basiclayer\pgfcoregraphicstate.code.tex
File: pgfcoregraphicstate.code.tex 2013/09/19  (rcs-revision 1.11)
\pgflinewidth=\dimen159
)
(C:\Users\jpsoliv\Documents\Jo√£o\Mestrado\Latex\MikTexPortable\tex\generic\pgf
\basiclayer\pgfcoretransformations.code.tex
File: pgfcoretransformations.code.tex 2013/10/10  (rcs-revision 1.17)
\pgf@pt@x=\dimen160
\pgf@pt@y=\dimen161
\pgf@pt@temp=\dimen162
)
(C:\Users\jpsoliv\Documents\Jo√£o\Mestrado\Latex\MikTexPortable\tex\generic\pgf
\basiclayer\pgfcorequick.code.tex
File: pgfcorequick.code.tex 2008/10/09  (rcs-revision 1.3)
)
(C:\Users\jpsoliv\Documents\Jo√£o\Mestrado\Latex\MikTexPortable\tex\generic\pgf
\basiclayer\pgfcoreobjects.code.tex
File: pgfcoreobjects.code.tex 2006/10/11  (rcs-revision 1.2)
)
(C:\Users\jpsoliv\Documents\Jo√£o\Mestrado\Latex\MikTexPortable\tex\generic\pgf
\basiclayer\pgfcorepathprocessing.code.tex
File: pgfcorepathprocessing.code.tex 2013/09/09  (rcs-revision 1.9)
)
(C:\Users\jpsoliv\Documents\Jo√£o\Mestrado\Latex\MikTexPortable\tex\generic\pgf
\basiclayer\pgfcorearrows.code.tex
File: pgfcorearrows.code.tex 2013/11/07  (rcs-revision 1.40)
\pgfarrowsep=\dimen163
)
(C:\Users\jpsoliv\Documents\Jo√£o\Mestrado\Latex\MikTexPortable\tex\generic\pgf
\basiclayer\pgfcoreshade.code.tex
File: pgfcoreshade.code.tex 2013/07/15  (rcs-revision 1.15)
\pgf@max=\dimen164
\pgf@sys@shading@range@num=\count132
)
(C:\Users\jpsoliv\Documents\Jo√£o\Mestrado\Latex\MikTexPortable\tex\generic\pgf
\basiclayer\pgfcoreimage.code.tex
File: pgfcoreimage.code.tex 2013/07/15  (rcs-revision 1.18)

(C:\Users\jpsoliv\Documents\Jo√£o\Mestrado\Latex\MikTexPortable\tex\generic\pgf
\basiclayer\pgfcoreexternal.code.tex
File: pgfcoreexternal.code.tex 2013/07/15  (rcs-revision 1.20)
\pgfexternal@startupbox=\box34
))
(C:\Users\jpsoliv\Documents\Jo√£o\Mestrado\Latex\MikTexPortable\tex\generic\pgf
\basiclayer\pgfcorelayers.code.tex
File: pgfcorelayers.code.tex 2013/07/18  (rcs-revision 1.7)
)
(C:\Users\jpsoliv\Documents\Jo√£o\Mestrado\Latex\MikTexPortable\tex\generic\pgf
\basiclayer\pgfcoretransparency.code.tex
File: pgfcoretransparency.code.tex 2013/09/30  (rcs-revision 1.5)
)
(C:\Users\jpsoliv\Documents\Jo√£o\Mestrado\Latex\MikTexPortable\tex\generic\pgf
\basiclayer\pgfcorepatterns.code.tex
File: pgfcorepatterns.code.tex 2013/11/07  (rcs-revision 1.5)
)))
(C:\Users\jpsoliv\Documents\Jo√£o\Mestrado\Latex\MikTexPortable\tex\generic\pgf
\modules\pgfmoduleshapes.code.tex
File: pgfmoduleshapes.code.tex 2013/10/31  (rcs-revision 1.34)
\pgfnodeparttextbox=\box35
)
(C:\Users\jpsoliv\Documents\Jo√£o\Mestrado\Latex\MikTexPortable\tex\generic\pgf
\modules\pgfmoduleplot.code.tex
File: pgfmoduleplot.code.tex 2013/07/31  (rcs-revision 1.12)
)
(C:\Users\jpsoliv\Documents\Jo√£o\Mestrado\Latex\MikTexPortable\tex\latex\pgf\c
ompatibility\pgfcomp-version-0-65.sty
Package: pgfcomp-version-0-65 2007/07/03 v3.0.0 (rcs-revision 1.7)
\pgf@nodesepstart=\dimen165
\pgf@nodesepend=\dimen166
)
(C:\Users\jpsoliv\Documents\Jo√£o\Mestrado\Latex\MikTexPortable\tex\latex\pgf\c
ompatibility\pgfcomp-version-1-18.sty
Package: pgfcomp-version-1-18 2007/07/23 v3.0.0 (rcs-revision 1.1)
))
(C:\Users\jpsoliv\Documents\Jo√£o\Mestrado\Latex\MikTexPortable\tex\latex\pgf\u
tilities\pgffor.sty
(C:\Users\jpsoliv\Documents\Jo√£o\Mestrado\Latex\MikTexPortable\tex\latex\pgf\u
tilities\pgfkeys.sty
(C:\Users\jpsoliv\Documents\Jo√£o\Mestrado\Latex\MikTexPortable\tex\generic\pgf
\utilities\pgfkeys.code.tex))
(C:\Users\jpsoliv\Documents\Jo√£o\Mestrado\Latex\MikTexPortable\tex\latex\pgf\m
ath\pgfmath.sty
(C:\Users\jpsoliv\Documents\Jo√£o\Mestrado\Latex\MikTexPortable\tex\generic\pgf
\math\pgfmath.code.tex))
(C:\Users\jpsoliv\Documents\Jo√£o\Mestrado\Latex\MikTexPortable\tex\generic\pgf
\utilities\pgffor.code.tex
Package: pgffor 2013/12/13 v3.0.0 (rcs-revision 1.25)

(C:\Users\jpsoliv\Documents\Jo√£o\Mestrado\Latex\MikTexPortable\tex\generic\pgf
\math\pgfmath.code.tex)
\pgffor@iter=\dimen167
\pgffor@skip=\dimen168
\pgffor@stack=\toks34
\pgffor@toks=\toks35
))
(C:\Users\jpsoliv\Documents\Jo√£o\Mestrado\Latex\MikTexPortable\tex\generic\pgf
\frontendlayer\tikz\tikz.code.tex
Package: tikz 2013/12/13 v3.0.0 (rcs-revision 1.142)

(C:\Users\jpsoliv\Documents\Jo√£o\Mestrado\Latex\MikTexPortable\tex\generic\pgf
\libraries\pgflibraryplothandlers.code.tex
File: pgflibraryplothandlers.code.tex 2013/08/31 v3.0.0 (rcs-revision 1.20)
\pgf@plot@mark@count=\count133
\pgfplotmarksize=\dimen169
)
\tikz@lastx=\dimen170
\tikz@lasty=\dimen171
\tikz@lastxsaved=\dimen172
\tikz@lastysaved=\dimen173
\tikzleveldistance=\dimen174
\tikzsiblingdistance=\dimen175
\tikz@figbox=\box36
\tikz@figbox@bg=\box37
\tikz@tempbox=\box38
\tikz@tempbox@bg=\box39
\tikztreelevel=\count134
\tikznumberofchildren=\count135
\tikznumberofcurrentchild=\count136
\tikz@fig@count=\count137

(C:\Users\jpsoliv\Documents\Jo√£o\Mestrado\Latex\MikTexPortable\tex\generic\pgf
\modules\pgfmodulematrix.code.tex
File: pgfmodulematrix.code.tex 2013/09/17  (rcs-revision 1.8)
\pgfmatrixcurrentrow=\count138
\pgfmatrixcurrentcolumn=\count139
\pgf@matrix@numberofcolumns=\count140
)
\tikz@expandcount=\count141

(C:\Users\jpsoliv\Documents\Jo√£o\Mestrado\Latex\MikTexPortable\tex\generic\pgf
\frontendlayer\tikz\libraries\tikzlibrarytopaths.code.tex
File: tikzlibrarytopaths.code.tex 2008/06/17 v3.0.0 (rcs-revision 1.2)
)))
(C:\Users\jpsoliv\Documents\Jo√£o\Mestrado\Latex\MikTexPortable\tex\generic\pgf
\frontendlayer\tikz\libraries\tikzlibrarypositioning.code.tex
File: tikzlibrarypositioning.code.tex 2008/10/06 v3.0.0 (rcs-revision 1.7)
)
(C:\Users\jpsoliv\Documents\Jo√£o\Mestrado\Latex\MikTexPortable\tex\latex\tools
\calc.sty
Package: calc 2007/08/22 v4.3 Infix arithmetic (KKT,FJ)
\calc@Acount=\count142
\calc@Bcount=\count143
\calc@Adimen=\dimen176
\calc@Bdimen=\dimen177
\calc@Askip=\skip49
\calc@Bskip=\skip50
LaTeX Info: Redefining \setlength on input line 76.
LaTeX Info: Redefining \addtolength on input line 77.
\calc@Ccount=\count144
\calc@Cskip=\skip51
)
\c@@todonotes@numberoftodonotes=\count145
)
(C:\Users\jpsoliv\Documents\Jo√£o\Mestrado\Latex\MikTexPortable\tex\latex\mdwto
ols\mdwmath.sty
Package: mdwmath 1996/04/11 1.1 Nice mathematical things
\sq@sqrt=\count146
LaTeX Info: Redefining \sqrt on input line 84.
)
(C:\Users\jpsoliv\Documents\Jo√£o\Mestrado\Latex\MikTexPortable\tex\latex\mdwto
ols\mdwtab.sty
Package: mdwtab 1998/04/28 1.9 Table typesetting with style
\tab@state=\count147
\tab@columns=\count148
\tab@preamble=\toks36
\tab@shortline=\toks37
\extrarowheight=\dimen178
\tabextrasep=\dimen179
\arrayextrasep=\dimen180
\smarraycolsep=\dimen181
\smarrayextrasep=\dimen182
\tab@width=\dimen183
\col@sep=\dimen184
\tab@endheight=\dimen185
\tab@leftskip=\skip52
\tab@rightskip=\skip53
\fn@notes=\box40
\fn@width=\dimen186
)
(C:\Users\jpsoliv\Documents\Jo√£o\Mestrado\Latex\MikTexPortable\tex\latex\eqpar
box\eqparbox.sty
Package: eqparbox 2013/03/15 v4.0 Create equal-widthed boxes
\eqp@tempdima=\skip54
\eqp@tempdimb=\skip55
\eqp@tabular@box=\box41
\eqp@list@box=\box42
\eqp@list@indent=\skip56

(C:\Users\jpsoliv\Documents\Jo√£o\Mestrado\Latex\MikTexPortable\tex\latex\envir
on\environ.sty
Package: environ 2014/05/04 v0.3 A new way to define environments

(C:\Users\jpsoliv\Documents\Jo√£o\Mestrado\Latex\MikTexPortable\tex\latex\trims
paces\trimspaces.sty
Package: trimspaces 2009/09/17 v1.1 Trim spaces around a token list
)))
(C:\Users\jpsoliv\Documents\Jo√£o\Mestrado\Latex\MikTexPortable\tex\latex\subfi
g\subfig.sty
Package: subfig 2005/06/28 ver: 1.3 subfig package

(C:\Users\jpsoliv\Documents\Jo√£o\Mestrado\Latex\MikTexPortable\tex\latex\capti
on\caption3.sty
Package: caption3 2013/05/02 v1.6-88 caption3 kernel (AR)
Package caption3 Info: TeX engine: e-TeX on input line 57.
\captionmargin=\dimen187
\captionmargin@=\dimen188
\captionwidth=\dimen189
\caption@tempdima=\dimen190
\caption@indent=\dimen191
\caption@parindent=\dimen192
\caption@hangindent=\dimen193
Package caption Info: Unknown document class (or package),
(caption)             standard defaults will be used.
)
\c@KVtest=\count149
\sf@farskip=\skip57
\sf@captopadj=\dimen194
\sf@capskip=\skip58
\sf@nearskip=\skip59
\c@subfigure=\count150
\c@subfigure@save=\count151
\c@lofdepth=\count152
\c@subtable=\count153
\c@subtable@save=\count154
\c@lotdepth=\count155
\sf@top=\skip60
\sf@bottom=\skip61
)
(C:\Users\jpsoliv\Documents\Jo√£o\Mestrado\Latex\MikTexPortable\tex\latex\base\
fixltx2e.sty
Package: fixltx2e 2006/09/13 v1.1m fixes to LaTeX
LaTeX Info: Redefining \em on input line 420.
LaTeX Info: The control sequence `\[' is already robust on input line 471.
LaTeX Info: The control sequence `\]' is already robust on input line 472.
)
(C:\Users\jpsoliv\Documents\Jo√£o\Mestrado\Latex\MikTexPortable\tex\latex\sttoo
ls\stfloats.sty
Package: stfloats 2016/06/28 v3.2 Improve float mechanism and baselineskip sett
ings
\@dblbotnum=\count156
\c@dblbotnumber=\count157
)
("C:\Users\jpsoliv\Documents\Jo√£o\Mestrado\Artigo\IEEE Journal\main.aux")
LaTeX Font Info:    Checking defaults for OML/cmm/m/it on input line 391.
LaTeX Font Info:    ... okay on input line 391.
LaTeX Font Info:    Checking defaults for T1/cmr/m/n on input line 391.
LaTeX Font Info:    ... okay on input line 391.
LaTeX Font Info:    Checking defaults for OT1/cmr/m/n on input line 391.
LaTeX Font Info:    ... okay on input line 391.
LaTeX Font Info:    Checking defaults for OMS/cmsy/m/n on input line 391.
LaTeX Font Info:    ... okay on input line 391.
LaTeX Font Info:    Checking defaults for OMX/cmex/m/n on input line 391.
LaTeX Font Info:    ... okay on input line 391.
LaTeX Font Info:    Checking defaults for U/cmr/m/n on input line 391.
LaTeX Font Info:    ... okay on input line 391.

(C:\Users\jpsoliv\Documents\Jo√£o\Mestrado\Latex\MikTexPortable\tex\context\bas
e\supp-pdf.mkii
[Loading MPS to PDF converter (version 2006.09.02).]
\scratchcounter=\count158
\scratchdimen=\dimen195
\scratchbox=\box43
\nofMPsegments=\count159
\nofMParguments=\count160
\everyMPshowfont=\toks38
\MPscratchCnt=\count161
\MPscratchDim=\dimen196
\MPnumerator=\count162
\makeMPintoPDFobject=\count163
\everyMPtoPDFconversion=\toks39
) ABD: EveryShipout initializing macros
Package caption Info: Begin \AtBeginDocument code.
Package caption Info: subfig package v1.3 is loaded.
Package caption Info: End \AtBeginDocument code.
LaTeX Font Info:    Font shape `OT1/ptm/bx/it' in size <6> not available
(Font)              Font shape `OT1/ptm/b/it' tried instead on input line 481.

("C:\Users\jpsoliv\Documents\Jo√£o\Mestrado\Artigo\IEEE Journal\Parts/Introduct
ion.tex"
Missing character: There is no √ in font ptmr7t!
Missing character: There is no √ in font ptmr7t!
Missing character: There is no ≠ in font ptmr7t!
Missing character: There is no √ in font ptmr7t!
Missing character: There is no ∫ in font ptmr7t!
Missing character: There is no √ in font ptmr7t!
Missing character: There is no ° in font ptmr7t!
Missing character: There is no √ in font ptmr7t!
Missing character: There is no ß in font ptmr7t!
Missing character: There is no √ in font ptmr7t!
Missing character: There is no £ in font ptmr7t!
Missing character: There is no √ in font ptmr7t!
Missing character: There is no √ in font ptmr7t!
Missing character: There is no ß in font ptmr7t!
Missing character: There is no √ in font ptmr7t!
Missing character: There is no £ in font ptmr7t!
Missing character: There is no √ in font ptmr7t!
Missing character: There is no ß in font ptmr7t!
Missing character: There is no √ in font ptmr7t!
Missing character: There is no µ in font ptmr7t!
Missing character: There is no √ in font ptmr7t!
Missing character: There is no ≠ in font ptmr7t!
Missing character: There is no √ in font ptmr7t!
Missing character: There is no ß in font ptmr7t!
Missing character: There is no √ in font ptmr7t!
Missing character: There is no µ in font ptmr7t!
Missing character: There is no √ in font ptmr7t!
Missing character: There is no ß in font ptmr7t!
Missing character: There is no √ in font ptmr7t!
Missing character: There is no µ in font ptmr7t!
Missing character: There is no √ in font ptmr7t!
Missing character: There is no £ in font ptmr7t!
Missing character: There is no √ in font ptmr7t!
Missing character: There is no ß in font ptmr7t!
Missing character: There is no √ in font ptmr7t!
Missing character: There is no µ in font ptmr7t!
Missing character: There is no √ in font ptmr7t!
Missing character: There is no ß in font ptmr7t!
Missing character: There is no √ in font ptmr7t!
Missing character: There is no £ in font ptmr7t!
Missing character: There is no √ in font ptmr7t!
Missing character: There is no ß in font ptmr7t!
Missing character: There is no √ in font ptmr7t!
Missing character: There is no £ in font ptmr7t!
Missing character: There is no √ in font ptmr7t!
Missing character: There is no ° in font ptmr7t!
Missing character: There is no √ in font ptmr7t!
Missing character: There is no ß in font ptmr7t!
Missing character: There is no √ in font ptmr7t!
Missing character: There is no £ in font ptmr7t!
)
("C:\Users\jpsoliv\Documents\Jo√£o\Mestrado\Artigo\IEEE Journal\Parts/Power_Qua
lity_in_Aircraft.tex"

LaTeX Warning: Citation `passive' on page 1 undefined on input line 5.

)
("C:\Users\jpsoliv\Documents\Jo√£o\Mestrado\Artigo\IEEE Journal\Parts/Active_fi
lters.tex" [1{C:/Users/jpsoliv/Documents/Jo√£o/Mestrado/Latex/MikTexPortable/pd
ftex/config/pdftex.map}


]
<Figures/compensador.png, id=12, 529.98pt x 332.74312pt>
File: Figures/compensador.png Graphic file (type png)

<use Figures/compensador.png>
Package pdftex.def Info: Figures/compensador.png used on input line 7.
(pdftex.def)             Requested size: 202.35622pt x 127.04788pt.


LaTeX Warning: Citation `Akagi' on page 2 undefined on input line 22.


LaTeX Warning: Citation `Akagi' on page 2 undefined on input line 22.


LaTeX Warning: Citation `Akagi' on page 2 undefined on input line 22.


Underfull \vbox (badness 10000) has occurred while \output is active []



LaTeX Warning: Citation `Akagi' on page 2 undefined on input line 64.


LaTeX Warning: Citation `Akagi' on page 2 undefined on input line 64.


LaTeX Warning: Citation `Akagi' on page 2 undefined on input line 122.

[2 <C:/Users/jpsoliv/Documents/Jo√£o/Mestrado/Artigo/IEEE Journal/Figures/compe
nsador.png>] <Figures/diagrama_filtro.png, id=24, 635.37375pt x 429.10312pt>
File: Figures/diagrama_filtro.png Graphic file (type png)

<use Figures/diagrama_filtro.png>
Package pdftex.def Info: Figures/diagrama_filtro.png used on input line 138.
(pdftex.def)             Requested size: 216.81pt x 146.42348pt.

<Figures/PLL.png, id=25, 286.82156pt x 108.405pt>
File: Figures/PLL.png Graphic file (type png)
 <use Figures/PLL.png>
Package pdftex.def Info: Figures/PLL.png used on input line 164.
(pdftex.def)             Requested size: 216.81pt x 81.94534pt.

<Figures/detector_seq_positiva.png, id=26, 292.84406pt x 251.43938pt>
File: Figures/detector_seq_positiva.png Graphic file (type png)

<use Figures/detector_seq_positiva.png>
Package pdftex.def Info: Figures/detector_seq_positiva.png used on input line 1
71.
(pdftex.def)             Requested size: 216.81pt x 186.16197pt.
) [3 <C:/Users/jpsoliv/Documents/Jo√£o/Mestrado/Artigo/IEEE Journal/Figures/dia
grama_filtro.png> <C:/Users/jpsoliv/Documents/Jo√£o/Mestrado/Artigo/IEEE Journa
l/Figures/PLL.png> <C:/Users/jpsoliv/Documents/Jo√£o/Mestrado/Artigo/IEEE Journ
al/Figures/detector_seq_positiva.png>]
("C:\Users\jpsoliv\Documents\Jo√£o\Mestrado\Artigo\IEEE Journal\Parts/Simulatio
n_of_the_Shunt_Active_Filter_Operating_with_an_Electrohidraulic_Actuator.tex"
<Figures/filtro_blocos.png, id=31, 970.3753pt x 532.23843pt>
File: Figures/filtro_blocos.png Graphic file (type png)

<use Figures/filtro_blocos.png>
Package pdftex.def Info: Figures/filtro_blocos.png used on input line 15.
(pdftex.def)             Requested size: 419.28139pt x 229.97067pt.

<Figures/simulacao_simulink.png, id=32, 1211.27531pt x 522.45187pt>
File: Figures/simulacao_simulink.png Graphic file (type png)

<use Figures/simulacao_simulink.png>
Package pdftex.def Info: Figures/simulacao_simulink.png used on input line 32.
(pdftex.def)             Requested size: 314.46304pt x 135.63498pt.


LaTeX Warning: Reference `fig:artigo_unfilt_2.eps' on page 4 undefined on input
 line 43.


LaTeX Warning: Reference `fig:artigo_filt_1.eps' on page 4 undefined on input l
ine 43.


LaTeX Warning: Reference `fig:artigo_filt_2.eps' on page 4 undefined on input l
ine 43.


LaTeX Warning: Reference `fig:artigo_unfilt_3.eps' on page 4 undefined on input
 line 45.


LaTeX Warning: Reference `fig:artigo_unfilt_4.eps' on page 4 undefined on input
 line 45.


LaTeX Warning: Reference `fig:artigo_filt_3.eps' on page 4 undefined on input l
ine 45.


LaTeX Warning: Reference `fig:artigo_filt_4.eps' on page 4 undefined on input l
ine 45.

Package epstopdf Info: Source file: <Figures/artigo_unfilt_1.eps>
(epstopdf)                    date: 2017-01-13 08:09:20
(epstopdf)                    size: 204138 bytes
(epstopdf)             Output file: <Figures/artigo_unfilt_1-eps-converted-to.p
df>
(epstopdf)                    date: 2017-01-13 08:09:20
(epstopdf)                    size: 35088 bytes
(epstopdf)             Command: <epstopdf --outfile=Figures/artigo_unfilt_1-eps
-converted-to.pdf Figures/artigo_unfilt_1.eps>
(epstopdf)             \includegraphics on input line 50.
Package epstopdf Info: Output file is already uptodate.
<Figures/artigo_unfilt_1-eps-converted-to.pdf, id=33, 419.5675pt x 293.095pt>
File: Figures/artigo_unfilt_1-eps-converted-to.pdf Graphic file (type pdf)

<use Figures/artigo_unfilt_1-eps-converted-to.pdf>
Package pdftex.def Info: Figures/artigo_unfilt_1-eps-converted-to.pdf used on i
nput line 50.
(pdftex.def)             Requested size: 172.26273pt x 120.33519pt.


LaTeX Warning: `!h' float specifier changed to `!ht'.

Package epstopdf Info: Source file: <Figures/artigo_unfilt_2.eps>
(epstopdf)                    date: 2017-01-13 08:09:20
(epstopdf)                    size: 205715 bytes
(epstopdf)             Output file: <Figures/artigo_unfilt_2-eps-converted-to.p
df>
(epstopdf)                    date: 2017-01-13 08:09:20
(epstopdf)                    size: 8609 bytes
(epstopdf)             Command: <epstopdf --outfile=Figures/artigo_unfilt_2-eps
-converted-to.pdf Figures/artigo_unfilt_2.eps>
(epstopdf)             \includegraphics on input line 57.
Package epstopdf Info: Output file is already uptodate.
<Figures/artigo_unfilt_2-eps-converted-to.pdf, id=34, 387.4475pt x 293.095pt>
File: Figures/artigo_unfilt_2-eps-converted-to.pdf Graphic file (type pdf)

<use Figures/artigo_unfilt_2-eps-converted-to.pdf>
Package pdftex.def Info: Figures/artigo_unfilt_2-eps-converted-to.pdf used on i
nput line 57.
(pdftex.def)             Requested size: 172.26273pt x 130.3128pt.


LaTeX Warning: `!h' float specifier changed to `!ht'.

Package epstopdf Info: Source file: <Figures/artigo_filt_1.eps>
(epstopdf)                    date: 2017-01-13 08:09:20
(epstopdf)                    size: 304565 bytes
(epstopdf)             Output file: <Figures/artigo_filt_1-eps-converted-to.pdf
>
(epstopdf)                    date: 2017-01-13 08:09:20
(epstopdf)                    size: 69283 bytes
(epstopdf)             Command: <epstopdf --outfile=Figures/artigo_filt_1-eps-c
onverted-to.pdf Figures/artigo_filt_1.eps>
(epstopdf)             \includegraphics on input line 64.
Package epstopdf Info: Output file is already uptodate.
<Figures/artigo_filt_1-eps-converted-to.pdf, id=35, 419.5675pt x 293.095pt>
File: Figures/artigo_filt_1-eps-converted-to.pdf Graphic file (type pdf)

<use Figures/artigo_filt_1-eps-converted-to.pdf>
Package pdftex.def Info: Figures/artigo_filt_1-eps-converted-to.pdf used on inp
ut line 64.
(pdftex.def)             Requested size: 172.26273pt x 120.33519pt.


LaTeX Warning: `!h' float specifier changed to `!ht'.

Package epstopdf Info: Source file: <Figures/artigo_filt_2.eps>
(epstopdf)                    date: 2017-01-13 08:09:20
(epstopdf)                    size: 211967 bytes
(epstopdf)             Output file: <Figures/artigo_filt_2-eps-converted-to.pdf
>
(epstopdf)                    date: 2017-01-13 08:09:20
(epstopdf)                    size: 9542 bytes
(epstopdf)             Command: <epstopdf --outfile=Figures/artigo_filt_2-eps-c
onverted-to.pdf Figures/artigo_filt_2.eps>
(epstopdf)             \includegraphics on input line 71.
Package epstopdf Info: Output file is already uptodate.
<Figures/artigo_filt_2-eps-converted-to.pdf, id=36, 387.4475pt x 293.095pt>
File: Figures/artigo_filt_2-eps-converted-to.pdf Graphic file (type pdf)

<use Figures/artigo_filt_2-eps-converted-to.pdf>
Package pdftex.def Info: Figures/artigo_filt_2-eps-converted-to.pdf used on inp
ut line 71.
(pdftex.def)             Requested size: 172.26273pt x 130.3128pt.


LaTeX Warning: `!h' float specifier changed to `!ht'.

Package epstopdf Info: Source file: <Figures/artigo_unfilt_3.eps>
(epstopdf)                    date: 2017-01-13 08:09:20
(epstopdf)                    size: 224285 bytes
(epstopdf)             Output file: <Figures/artigo_unfilt_3-eps-converted-to.p
df>
(epstopdf)                    date: 2017-01-13 08:09:20
(epstopdf)                    size: 41585 bytes
(epstopdf)             Command: <epstopdf --outfile=Figures/artigo_unfilt_3-eps
-converted-to.pdf Figures/artigo_unfilt_3.eps>
(epstopdf)             \includegraphics on input line 78.
Package epstopdf Info: Output file is already uptodate.

<Figures/artigo_unfilt_3-eps-converted-to.pdf, id=37, 422.57875pt x 296.10625pt
>
File: Figures/artigo_unfilt_3-eps-converted-to.pdf Graphic file (type pdf)
 <use Figures/artigo_unfilt_3-eps-converted-to.pdf>
Package pdftex.def Info: Figures/artigo_unfilt_3-eps-converted-to.pdf used on i
nput line 78.
(pdftex.def)             Requested size: 172.26273pt x 120.70853pt.


LaTeX Warning: `!h' float specifier changed to `!ht'.

Package epstopdf Info: Source file: <Figures/artigo_unfilt_4.eps>
(epstopdf)                    date: 2017-01-13 08:09:20
(epstopdf)                    size: 226434 bytes
(epstopdf)             Output file: <Figures/artigo_unfilt_4-eps-converted-to.p
df>
(epstopdf)                    date: 2017-01-13 08:09:20
(epstopdf)                    size: 12860 bytes
(epstopdf)             Command: <epstopdf --outfile=Figures/artigo_unfilt_4-eps
-converted-to.pdf Figures/artigo_unfilt_4.eps>
(epstopdf)             \includegraphics on input line 85.
Package epstopdf Info: Output file is already uptodate.
<Figures/artigo_unfilt_4-eps-converted-to.pdf, id=38, 387.4475pt x 293.095pt>
File: Figures/artigo_unfilt_4-eps-converted-to.pdf Graphic file (type pdf)

<use Figures/artigo_unfilt_4-eps-converted-to.pdf>
Package pdftex.def Info: Figures/artigo_unfilt_4-eps-converted-to.pdf used on i
nput line 85.
(pdftex.def)             Requested size: 172.26273pt x 130.3128pt.


LaTeX Warning: `!h' float specifier changed to `!ht'.

Package epstopdf Info: Source file: <Figures/artigo_filt_3.eps>
(epstopdf)                    date: 2017-01-13 08:09:20
(epstopdf)                    size: 306336 bytes
(epstopdf)             Output file: <Figures/artigo_filt_3-eps-converted-to.pdf
>
(epstopdf)                    date: 2017-01-13 08:09:20
(epstopdf)                    size: 65530 bytes
(epstopdf)             Command: <epstopdf --outfile=Figures/artigo_filt_3-eps-c
onverted-to.pdf Figures/artigo_filt_3.eps>
(epstopdf)             \includegraphics on input line 92.
Package epstopdf Info: Output file is already uptodate.

<Figures/artigo_filt_3-eps-converted-to.pdf, id=39, 422.57875pt x 296.10625pt>
File: Figures/artigo_filt_3-eps-converted-to.pdf Graphic file (type pdf)

<use Figures/artigo_filt_3-eps-converted-to.pdf>
Package pdftex.def Info: Figures/artigo_filt_3-eps-converted-to.pdf used on inp
ut line 92.
(pdftex.def)             Requested size: 172.26273pt x 120.70853pt.


LaTeX Warning: `!h' float specifier changed to `!ht'.

Package epstopdf Info: Source file: <Figures/artigo_filt_4.eps>
(epstopdf)                    date: 2017-01-13 08:09:20
(epstopdf)                    size: 212277 bytes
(epstopdf)             Output file: <Figures/artigo_filt_4-eps-converted-to.pdf
>
(epstopdf)                    date: 2017-01-13 08:09:20
(epstopdf)                    size: 9998 bytes
(epstopdf)             Command: <epstopdf --outfile=Figures/artigo_filt_4-eps-c
onverted-to.pdf Figures/artigo_filt_4.eps>
(epstopdf)             \includegraphics on input line 99.
Package epstopdf Info: Output file is already uptodate.
<Figures/artigo_filt_4-eps-converted-to.pdf, id=40, 387.4475pt x 293.095pt>
File: Figures/artigo_filt_4-eps-converted-to.pdf Graphic file (type pdf)

<use Figures/artigo_filt_4-eps-converted-to.pdf>
Package pdftex.def Info: Figures/artigo_filt_4-eps-converted-to.pdf used on inp
ut line 99.
(pdftex.def)             Requested size: 172.26273pt x 130.3128pt.


LaTeX Warning: `!h' float specifier changed to `!ht'.

)
("C:\Users\jpsoliv\Documents\Jo√£o\Mestrado\Artigo\IEEE Journal\Parts/Conclusio
ns.tex" [4]
Underfull \vbox (badness 10000) has occurred while \output is active []


Underfull \vbox (badness 10000) has occurred while \output is active []

 [5 <C:/Users/jpsoliv/Documents/Jo√£o/Mestrado/Artigo/IEEE Journal/Figures/filt
ro_blocos.png> <C:/Users/jpsoliv/Documents/Jo√£o/Mestrado/Artigo/IEEE Journal/F
igures/simulacao_simulink.png> <C:/Users/jpsoliv/Documents/Jo√£o/Mestrado/Artig
o/IEEE Journal/Figures/artigo_unfilt_1-eps-converted-to.pdf>])
("C:\Users\jpsoliv\Documents\Jo√£o\Mestrado\Artigo\IEEE Journal\main.bbl"
Underfull \hbox (badness 5862) in paragraph at lines 49--53
[][]\OT1/ptm/m/n/8 J. Karatzaferis, N. Pa-paniko-laou, E. Tatakis, M. Loupis, a
nd
 []

) [6

] ("C:\Users\jpsoliv\Documents\Jo√£o\Mestrado\Artigo\IEEE Journal\main.aux")

LaTeX Warning: There were undefined references.

 ) 
Here is how much of TeX's memory you used:
 14709 strings out of 493921
 297926 string characters out of 3125104
 333165 words of memory out of 3000000
 17663 multiletter control sequences out of 15000+200000
 43978 words of font info for 80 fonts, out of 3000000 for 9000
 844 hyphenation exceptions out of 8191
 62i,17n,92p,1015b,596s stack positions out of 5000i,500n,10000p,200000b,50000s
{C:/Users/jpsoliv/Documents/Jo√£o/Mestrado/Latex/MikTexPortable/fonts/enc/dvi
ps/fontname/8r.enc}<C:/Users/jpsoliv/Documents/Jo√£o/Mestrado/Latex/MikTexPorta
ble/fonts/type1/public/amsfonts/cm/cmex10.pfb><C:/Users/jpsoliv/Documents/Jo√£o
/Mestrado/Latex/MikTexPortable/fonts/type1/public/amsfonts/cm/cmmi10.pfb><C:/Us
ers/jpsoliv/Documents/Jo√£o/Mestrado/Latex/MikTexPortable/fonts/type1/public/am
sfonts/cm/cmmi7.pfb><C:/Users/jpsoliv/Documents/Jo√£o/Mestrado/Latex/MikTexPort
able/fonts/type1/public/amsfonts/cm/cmr10.pfb><C:/Users/jpsoliv/Documents/Jo√£o
/Mestrado/Latex/MikTexPortable/fonts/type1/public/amsfonts/cm/cmr7.pfb><C:/User
s/jpsoliv/Documents/Jo√£o/Mestrado/Latex/MikTexPortable/fonts/type1/public/amsf
onts/cm/cmsy10.pfb><C:/Users/jpsoliv/Documents/Jo√£o/Mestrado/Latex/MikTexPorta
ble/fonts/type1/urw/times/utmb8a.pfb><C:/Users/jpsoliv/Documents/Jo√£o/Mestrado
/Latex/MikTexPortable/fonts/type1/urw/times/utmbi8a.pfb><C:/Users/jpsoliv/Docum
ents/Jo√£o/Mestrado/Latex/MikTexPortable/fonts/type1/urw/times/utmr8a.pfb><C:/U
sers/jpsoliv/Documents/Jo√£o/Mestrado/Latex/MikTexPortable/fonts/type1/urw/time
s/utmri8a.pfb>
Output written on main.pdf (6 pages, 448526 bytes).
PDF statistics:
 88 PDF objects out of 1000 (max. 8388607)
 0 named destinations out of 1000 (max. 500000)
 83 words of extra memory for PDF output out of 10000 (max. 10000000)

